[1.463s] Invoking command in '/home/jason/Desktop/STUDY/ART-Driver/workspace/src/udp_to_ros': PYTHONPATH=/home/jason/Desktop/STUDY/ART-Driver/workspace/build/udp_to_ros/prefix_override:/home/jason/Desktop/STUDY/ART-Driver/workspace/install/udp_to_ros/lib/python3.10/site-packages:${PYTHONPATH} /usr/bin/python3 setup.py egg_info --egg-base ../../build/udp_to_ros build --build-base /home/jason/Desktop/STUDY/ART-Driver/workspace/build/udp_to_ros/build install --record /home/jason/Desktop/STUDY/ART-Driver/workspace/build/udp_to_ros/install.log --single-version-externally-managed
[1.507s] running egg_info
[1.508s] writing ../../build/udp_to_ros/udp_to_ros.egg-info/PKG-INFO
[1.508s] writing dependency_links to ../../build/udp_to_ros/udp_to_ros.egg-info/dependency_links.txt
[1.508s] writing entry points to ../../build/udp_to_ros/udp_to_ros.egg-info/entry_points.txt
[1.508s] writing requirements to ../../build/udp_to_ros/udp_to_ros.egg-info/requires.txt
[1.508s] writing top-level names to ../../build/udp_to_ros/udp_to_ros.egg-info/top_level.txt
[1.533s] reading manifest file '../../build/udp_to_ros/udp_to_ros.egg-info/SOURCES.txt'
[1.533s] writing manifest file '../../build/udp_to_ros/udp_to_ros.egg-info/SOURCES.txt'
[1.533s] running build
[1.533s] running build_py
[1.533s] copying udp_to_ros/udp_listener_node.py -> /home/jason/Desktop/STUDY/ART-Driver/workspace/build/udp_to_ros/build/lib/udp_to_ros
[1.533s] running install
[1.534s] /home/jason/.local/lib/python3.10/site-packages/setuptools/_distutils/cmd.py:66: SetuptoolsDeprecationWarning: setup.py install is deprecated.
[1.534s] !!
[1.534s] 
[1.534s]         ********************************************************************************
[1.534s]         Please avoid running ``setup.py`` directly.
[1.534s]         Instead, use pypa/build, pypa/installer or other
[1.534s]         standards-based tools.
[1.534s] 
[1.534s]         See https://blog.ganssle.io/articles/2021/10/setup-py-deprecated.html for details.
[1.534s]         ********************************************************************************
[1.534s] 
[1.534s] !!
[1.535s]   self.initialize_options()
[1.538s] running install_lib
[1.555s] copying /home/jason/Desktop/STUDY/ART-Driver/workspace/build/udp_to_ros/build/lib/udp_to_ros/udp_listener_node.py -> /home/jason/Desktop/STUDY/ART-Driver/workspace/install/udp_to_ros/lib/python3.10/site-packages/udp_to_ros
[1.557s] byte-compiling /home/jason/Desktop/STUDY/ART-Driver/workspace/install/udp_to_ros/lib/python3.10/site-packages/udp_to_ros/udp_listener_node.py to udp_listener_node.cpython-310.pyc
[1.558s] running install_data
[1.574s] running install_egg_info
[1.590s] removing '/home/jason/Desktop/STUDY/ART-Driver/workspace/install/udp_to_ros/lib/python3.10/site-packages/udp_to_ros-0.0.0-py3.10.egg-info' (and everything under it)
[1.590s] Copying ../../build/udp_to_ros/udp_to_ros.egg-info to /home/jason/Desktop/STUDY/ART-Driver/workspace/install/udp_to_ros/lib/python3.10/site-packages/udp_to_ros-0.0.0-py3.10.egg-info
[1.591s] running install_scripts
[1.746s] Installing udp_listener script to /home/jason/Desktop/STUDY/ART-Driver/workspace/install/udp_to_ros/lib/udp_to_ros
[1.746s] writing list of installed files to '/home/jason/Desktop/STUDY/ART-Driver/workspace/build/udp_to_ros/install.log'
[1.770s] Invoked command in '/home/jason/Desktop/STUDY/ART-Driver/workspace/src/udp_to_ros' returned '0': PYTHONPATH=/home/jason/Desktop/STUDY/ART-Driver/workspace/build/udp_to_ros/prefix_override:/home/jason/Desktop/STUDY/ART-Driver/workspace/install/udp_to_ros/lib/python3.10/site-packages:${PYTHONPATH} /usr/bin/python3 setup.py egg_info --egg-base ../../build/udp_to_ros build --build-base /home/jason/Desktop/STUDY/ART-Driver/workspace/build/udp_to_ros/build install --record /home/jason/Desktop/STUDY/ART-Driver/workspace/build/udp_to_ros/install.log --single-version-externally-managed
