[0.317s] Invoking command in '/home/jason/Desktop/STUDY/ART-Driver/workspace/build/rosapi_msgs': CMAKE_PREFIX_PATH=/opt/ros/iron /home/jason/.local/bin/cmake /home/jason/Desktop/STUDY/ART-Driver/workspace/src/rosbridge_suite/rosapi_msgs -DCMAKE_INSTALL_PREFIX=/home/jason/Desktop/STUDY/ART-Driver/workspace/install/rosapi_msgs
[0.740s] -- The C compiler identification is GNU 11.4.0
[0.740s] -- The CXX compiler identification is GNU 11.4.0
[0.740s] -- Detecting C compiler ABI info
[0.740s] -- Detecting C compiler ABI info - done
[0.740s] -- Check for working C compiler: /usr/bin/cc - skipped
[0.740s] -- Detecting C compile features
[0.740s] -- Detecting C compile features - done
[0.740s] -- Detecting CXX compiler ABI info
[0.740s] -- Detecting CXX compiler ABI info - done
[0.740s] -- Check for working CXX compiler: /usr/bin/c++ - skipped
[0.740s] -- Detecting CXX compile features
[0.740s] -- Detecting CXX compile features - done
[0.740s] -- Found ament_cmake_ros: 0.11.2 (/opt/ros/iron/share/ament_cmake_ros/cmake)
[0.915s] -- Found Python3: /usr/bin/python3.10 (found version "3.10.12") found components: Interpreter 
[0.987s] -- Found builtin_interfaces: 1.6.0 (/opt/ros/iron/share/builtin_interfaces/cmake)
[1.026s] -- Found rosidl_generator_c: 4.0.1 (/opt/ros/iron/share/rosidl_generator_c/cmake)
[1.040s] -- Found rosidl_generator_cpp: 4.0.1 (/opt/ros/iron/share/rosidl_generator_cpp/cmake)
[1.061s] -- Using all available rosidl_typesupport_c: rosidl_typesupport_fastrtps_c;rosidl_typesupport_introspection_c
[1.085s] -- Using all available rosidl_typesupport_cpp: rosidl_typesupport_fastrtps_cpp;rosidl_typesupport_introspection_cpp
[1.106s] -- Found rosidl_default_generators: 1.5.0 (/opt/ros/iron/share/rosidl_default_generators/cmake)
[1.121s] -- Found rosidl_adapter: 4.0.1 (/opt/ros/iron/share/rosidl_adapter/cmake)
[2.236s] -- Using all available rosidl_typesupport_c: rosidl_typesupport_fastrtps_c;rosidl_typesupport_introspection_c
[2.432s] -- Using all available rosidl_typesupport_cpp: rosidl_typesupport_fastrtps_cpp;rosidl_typesupport_introspection_cpp
[2.434s] [33mCMake Warning (dev) at /opt/ros/iron/share/rosidl_generator_py/cmake/rosidl_generator_py_generate_interfaces.cmake:20 (find_package):
[2.434s]   Policy CMP0148 is not set: The FindPythonInterp and FindPythonLibs modules
[2.434s]   are removed.  Run "cmake --help-policy CMP0148" for policy details.  Use
[2.434s]   the cmake_policy command to set the policy and suppress this warning.
[2.434s] 
[2.434s] Call Stack (most recent call first):
[2.434s]   /opt/ros/iron/share/ament_cmake_core/cmake/core/ament_execute_extensions.cmake:48 (include)
[2.434s]   /opt/ros/iron/share/rosidl_cmake/cmake/rosidl_generate_interfaces.cmake:316 (ament_execute_extensions)
[2.434s]   CMakeLists.txt:8 (rosidl_generate_interfaces)
[2.434s] This warning is for project developers.  Use -Wno-dev to suppress it.
[2.434s] [0m
[2.449s] -- Found PythonInterp: /usr/bin/python3 (found suitable version "3.10.12", minimum required is "3.6") 
[2.450s] -- Found python_cmake_module: 0.10.2 (/opt/ros/iron/share/python_cmake_module/cmake)
[2.450s] [33mCMake Warning (dev) at /opt/ros/iron/share/python_cmake_module/cmake/Modules/FindPythonExtra.cmake:52 (find_package):
[2.450s]   Policy CMP0148 is not set: The FindPythonInterp and FindPythonLibs modules
[2.450s]   are removed.  Run "cmake --help-policy CMP0148" for policy details.  Use
[2.451s]   the cmake_policy command to set the policy and suppress this warning.
[2.451s] 
[2.451s] Call Stack (most recent call first):
[2.451s]   /opt/ros/iron/share/rosidl_generator_py/cmake/rosidl_generator_py_generate_interfaces.cmake:23 (find_package)
[2.451s]   /opt/ros/iron/share/ament_cmake_core/cmake/core/ament_execute_extensions.cmake:48 (include)
[2.451s]   /opt/ros/iron/share/rosidl_cmake/cmake/rosidl_generate_interfaces.cmake:316 (ament_execute_extensions)
[2.451s]   CMakeLists.txt:8 (rosidl_generate_interfaces)
[2.451s] This warning is for project developers.  Use -Wno-dev to suppress it.
[2.451s] [0m
[2.465s] [33mCMake Warning (dev) at /opt/ros/iron/share/python_cmake_module/cmake/Modules/FindPythonExtra.cmake:140 (find_package):
[2.465s]   Policy CMP0148 is not set: The FindPythonInterp and FindPythonLibs modules
[2.465s]   are removed.  Run "cmake --help-policy CMP0148" for policy details.  Use
[2.465s]   the cmake_policy command to set the policy and suppress this warning.
[2.465s] 
[2.465s] Call Stack (most recent call first):
[2.465s]   /opt/ros/iron/share/rosidl_generator_py/cmake/rosidl_generator_py_generate_interfaces.cmake:23 (find_package)
[2.465s]   /opt/ros/iron/share/ament_cmake_core/cmake/core/ament_execute_extensions.cmake:48 (include)
[2.465s]   /opt/ros/iron/share/rosidl_cmake/cmake/rosidl_generate_interfaces.cmake:316 (ament_execute_extensions)
[2.466s]   CMakeLists.txt:8 (rosidl_generate_interfaces)
[2.466s] This warning is for project developers.  Use -Wno-dev to suppress it.
[2.466s] [0m
[2.471s] -- Found PythonLibs: /usr/lib/x86_64-linux-gnu/libpython3.10.so (found suitable version "3.10.12", minimum required is "3.5") 
[2.471s] -- Using PYTHON_EXECUTABLE: /usr/bin/python3
[2.471s] -- Using PYTHON_INCLUDE_DIRS: /usr/include/python3.10
[2.471s] -- Using PYTHON_LIBRARIES: /usr/lib/x86_64-linux-gnu/libpython3.10.so
[2.486s] -- Found PythonExtra: .so  
[2.523s] -- Configuring done (2.2s)
[2.602s] -- Generating done (0.1s)
[2.605s] -- Build files have been written to: /home/jason/Desktop/STUDY/ART-Driver/workspace/build/rosapi_msgs
