[0.969s] [34mcolcon[0m [1;30mDEBUG[0m [32mCommand line arguments: ['/usr/bin/colcon', 'build'][0m
[0.969s] [34mcolcon[0m [1;30mDEBUG[0m [32mParsed command line arguments: Namespace(log_base=None, log_level=None, verb_name='build', build_base='build', install_base='install', merge_install=False, symlink_install=False, test_result_base=None, continue_on_error=False, executor='parallel', parallel_workers=16, event_handlers=None, ignore_user_meta=False, metas=['./colcon.meta'], base_paths=['.'], packages_ignore=None, packages_ignore_regex=None, paths=None, packages_up_to=None, packages_up_to_regex=None, packages_above=None, packages_above_and_dependencies=None, packages_above_depth=None, packages_select_by_dep=None, packages_skip_by_dep=None, packages_skip_up_to=None, packages_select_build_failed=False, packages_skip_build_finished=False, packages_select_test_failures=False, packages_skip_test_passed=False, packages_select=None, packages_skip=None, packages_select_regex=None, packages_skip_regex=None, packages_start=None, packages_end=None, allow_overriding=[], cmake_args=None, cmake_target=None, cmake_target_skip_unavailable=False, cmake_clean_cache=False, cmake_clean_first=False, cmake_force_configure=False, ament_cmake_args=None, catkin_cmake_args=None, catkin_skip_building_tests=False, verb_parser=<colcon_defaults.argument_parser.defaults.DefaultArgumentsDecorator object at 0x7fd533d33700>, verb_extension=<colcon_core.verb.build.BuildVerb object at 0x7fd533d02cb0>, main=<bound method BuildVerb.main of <colcon_core.verb.build.BuildVerb object at 0x7fd533d02cb0>>)[0m
[1.017s] [34mcolcon.colcon_core.package_discovery[0m [1;30mLevel 1[0m discover_packages(colcon_meta) check parameters
[1.017s] [34mcolcon.colcon_core.package_discovery[0m [1;30mLevel 1[0m discover_packages(recursive) check parameters
[1.017s] [34mcolcon.colcon_core.package_discovery[0m [1;30mLevel 1[0m discover_packages(ignore) check parameters
[1.017s] [34mcolcon.colcon_core.package_discovery[0m [1;30mLevel 1[0m discover_packages(path) check parameters
[1.017s] [34mcolcon.colcon_core.package_discovery[0m [1;30mLevel 1[0m discover_packages(colcon_meta) discover
[1.017s] [34mcolcon.colcon_core.package_discovery[0m [1;30mLevel 1[0m discover_packages(recursive) discover
[1.017s] [34mcolcon.colcon_core.package_discovery[0m [1;30mINFO[0m Crawling recursively for packages in '/home/jason/Desktop/STUDY/ART-Driver/workspace'
[1.017s] [34mcolcon.colcon_core.package_identification[0m [1;30mLevel 1[0m _identify(.) by extensions ['ignore', 'ignore_ament_install']
[1.017s] [34mcolcon.colcon_core.package_identification[0m [1;30mLevel 1[0m _identify(.) by extension 'ignore'
[1.018s] [34mcolcon.colcon_core.package_identification[0m [1;30mLevel 1[0m _identify(.) by extension 'ignore_ament_install'
[1.018s] [34mcolcon.colcon_core.package_identification[0m [1;30mLevel 1[0m _identify(.) by extensions ['colcon_pkg']
[1.018s] [34mcolcon.colcon_core.package_identification[0m [1;30mLevel 1[0m _identify(.) by extension 'colcon_pkg'
[1.018s] [34mcolcon.colcon_core.package_identification[0m [1;30mLevel 1[0m _identify(.) by extensions ['colcon_meta']
[1.018s] [34mcolcon.colcon_core.package_identification[0m [1;30mLevel 1[0m _identify(.) by extension 'colcon_meta'
[1.018s] [34mcolcon.colcon_core.package_identification[0m [1;30mLevel 1[0m _identify(.) by extensions ['ros']
[1.018s] [34mcolcon.colcon_core.package_identification[0m [1;30mLevel 1[0m _identify(.) by extension 'ros'
[1.028s] [34mcolcon.colcon_core.package_identification[0m [1;30mLevel 1[0m _identify(.) by extensions ['cmake', 'python']
[1.028s] [34mcolcon.colcon_core.package_identification[0m [1;30mLevel 1[0m _identify(.) by extension 'cmake'
[1.028s] [34mcolcon.colcon_core.package_identification[0m [1;30mLevel 1[0m _identify(.) by extension 'python'
[1.028s] [34mcolcon.colcon_core.package_identification[0m [1;30mLevel 1[0m _identify(.) by extensions ['python_setup_py']
[1.028s] [34mcolcon.colcon_core.package_identification[0m [1;30mLevel 1[0m _identify(.) by extension 'python_setup_py'
[1.028s] [34mcolcon.colcon_core.package_identification[0m [1;30mLevel 1[0m _identify(build) by extensions ['ignore', 'ignore_ament_install']
[1.028s] [34mcolcon.colcon_core.package_identification[0m [1;30mLevel 1[0m _identify(build) by extension 'ignore'
[1.028s] [34mcolcon.colcon_core.package_identification[0m [1;30mLevel 1[0m _identify(build) ignored
[1.028s] [34mcolcon.colcon_core.package_identification[0m [1;30mLevel 1[0m _identify(install) by extensions ['ignore', 'ignore_ament_install']
[1.028s] [34mcolcon.colcon_core.package_identification[0m [1;30mLevel 1[0m _identify(install) by extension 'ignore'
[1.028s] [34mcolcon.colcon_core.package_identification[0m [1;30mLevel 1[0m _identify(install) ignored
[1.028s] [34mcolcon.colcon_core.package_identification[0m [1;30mLevel 1[0m _identify(log) by extensions ['ignore', 'ignore_ament_install']
[1.028s] [34mcolcon.colcon_core.package_identification[0m [1;30mLevel 1[0m _identify(log) by extension 'ignore'
[1.028s] [34mcolcon.colcon_core.package_identification[0m [1;30mLevel 1[0m _identify(log) ignored
[1.028s] [34mcolcon.colcon_core.package_identification[0m [1;30mLevel 1[0m _identify(src) by extensions ['ignore', 'ignore_ament_install']
[1.028s] [34mcolcon.colcon_core.package_identification[0m [1;30mLevel 1[0m _identify(src) by extension 'ignore'
[1.028s] [34mcolcon.colcon_core.package_identification[0m [1;30mLevel 1[0m _identify(src) by extension 'ignore_ament_install'
[1.028s] [34mcolcon.colcon_core.package_identification[0m [1;30mLevel 1[0m _identify(src) by extensions ['colcon_pkg']
[1.028s] [34mcolcon.colcon_core.package_identification[0m [1;30mLevel 1[0m _identify(src) by extension 'colcon_pkg'
[1.028s] [34mcolcon.colcon_core.package_identification[0m [1;30mLevel 1[0m _identify(src) by extensions ['colcon_meta']
[1.028s] [34mcolcon.colcon_core.package_identification[0m [1;30mLevel 1[0m _identify(src) by extension 'colcon_meta'
[1.029s] [34mcolcon.colcon_core.package_identification[0m [1;30mLevel 1[0m _identify(src) by extensions ['ros']
[1.029s] [34mcolcon.colcon_core.package_identification[0m [1;30mLevel 1[0m _identify(src) by extension 'ros'
[1.029s] [34mcolcon.colcon_core.package_identification[0m [1;30mLevel 1[0m _identify(src) by extensions ['cmake', 'python']
[1.029s] [34mcolcon.colcon_core.package_identification[0m [1;30mLevel 1[0m _identify(src) by extension 'cmake'
[1.029s] [34mcolcon.colcon_core.package_identification[0m [1;30mLevel 1[0m _identify(src) by extension 'python'
[1.029s] [34mcolcon.colcon_core.package_identification[0m [1;30mLevel 1[0m _identify(src) by extensions ['python_setup_py']
[1.029s] [34mcolcon.colcon_core.package_identification[0m [1;30mLevel 1[0m _identify(src) by extension 'python_setup_py'
[1.029s] [34mcolcon.colcon_core.package_identification[0m [1;30mLevel 1[0m _identify(src/common) by extensions ['ignore', 'ignore_ament_install']
[1.029s] [34mcolcon.colcon_core.package_identification[0m [1;30mLevel 1[0m _identify(src/common) by extension 'ignore'
[1.029s] [34mcolcon.colcon_core.package_identification[0m [1;30mLevel 1[0m _identify(src/common) by extension 'ignore_ament_install'
[1.029s] [34mcolcon.colcon_core.package_identification[0m [1;30mLevel 1[0m _identify(src/common) by extensions ['colcon_pkg']
[1.029s] [34mcolcon.colcon_core.package_identification[0m [1;30mLevel 1[0m _identify(src/common) by extension 'colcon_pkg'
[1.029s] [34mcolcon.colcon_core.package_identification[0m [1;30mLevel 1[0m _identify(src/common) by extensions ['colcon_meta']
[1.029s] [34mcolcon.colcon_core.package_identification[0m [1;30mLevel 1[0m _identify(src/common) by extension 'colcon_meta'
[1.029s] [34mcolcon.colcon_core.package_identification[0m [1;30mLevel 1[0m _identify(src/common) by extensions ['ros']
[1.029s] [34mcolcon.colcon_core.package_identification[0m [1;30mLevel 1[0m _identify(src/common) by extension 'ros'
[1.031s] [34mcolcon.colcon_core.package_identification[0m [1;30mDEBUG[0m [32mPackage 'src/common' with type 'ros.ament_python' and name 'common'[0m
[1.031s] [34mcolcon.colcon_core.package_identification[0m [1;30mLevel 1[0m _identify(src/rosbridge_suite) by extensions ['ignore', 'ignore_ament_install']
[1.031s] [34mcolcon.colcon_core.package_identification[0m [1;30mLevel 1[0m _identify(src/rosbridge_suite) by extension 'ignore'
[1.031s] [34mcolcon.colcon_core.package_identification[0m [1;30mLevel 1[0m _identify(src/rosbridge_suite) by extension 'ignore_ament_install'
[1.031s] [34mcolcon.colcon_core.package_identification[0m [1;30mLevel 1[0m _identify(src/rosbridge_suite) by extensions ['colcon_pkg']
[1.031s] [34mcolcon.colcon_core.package_identification[0m [1;30mLevel 1[0m _identify(src/rosbridge_suite) by extension 'colcon_pkg'
[1.031s] [34mcolcon.colcon_core.package_identification[0m [1;30mLevel 1[0m _identify(src/rosbridge_suite) by extensions ['colcon_meta']
[1.031s] [34mcolcon.colcon_core.package_identification[0m [1;30mLevel 1[0m _identify(src/rosbridge_suite) by extension 'colcon_meta'
[1.031s] [34mcolcon.colcon_core.package_identification[0m [1;30mLevel 1[0m _identify(src/rosbridge_suite) by extensions ['ros']
[1.031s] [34mcolcon.colcon_core.package_identification[0m [1;30mLevel 1[0m _identify(src/rosbridge_suite) by extension 'ros'
[1.031s] [34mcolcon.colcon_core.package_identification[0m [1;30mLevel 1[0m _identify(src/rosbridge_suite) by extensions ['cmake', 'python']
[1.032s] [34mcolcon.colcon_core.package_identification[0m [1;30mLevel 1[0m _identify(src/rosbridge_suite) by extension 'cmake'
[1.032s] [34mcolcon.colcon_core.package_identification[0m [1;30mLevel 1[0m _identify(src/rosbridge_suite) by extension 'python'
[1.032s] [34mcolcon.colcon_core.package_identification[0m [1;30mLevel 1[0m _identify(src/rosbridge_suite) by extensions ['python_setup_py']
[1.032s] [34mcolcon.colcon_core.package_identification[0m [1;30mLevel 1[0m _identify(src/rosbridge_suite) by extension 'python_setup_py'
[1.032s] [34mcolcon.colcon_core.package_identification[0m [1;30mLevel 1[0m _identify(src/rosbridge_suite/rosapi) by extensions ['ignore', 'ignore_ament_install']
[1.032s] [34mcolcon.colcon_core.package_identification[0m [1;30mLevel 1[0m _identify(src/rosbridge_suite/rosapi) by extension 'ignore'
[1.032s] [34mcolcon.colcon_core.package_identification[0m [1;30mLevel 1[0m _identify(src/rosbridge_suite/rosapi) by extension 'ignore_ament_install'
[1.032s] [34mcolcon.colcon_core.package_identification[0m [1;30mLevel 1[0m _identify(src/rosbridge_suite/rosapi) by extensions ['colcon_pkg']
[1.032s] [34mcolcon.colcon_core.package_identification[0m [1;30mLevel 1[0m _identify(src/rosbridge_suite/rosapi) by extension 'colcon_pkg'
[1.032s] [34mcolcon.colcon_core.package_identification[0m [1;30mLevel 1[0m _identify(src/rosbridge_suite/rosapi) by extensions ['colcon_meta']
[1.032s] [34mcolcon.colcon_core.package_identification[0m [1;30mLevel 1[0m _identify(src/rosbridge_suite/rosapi) by extension 'colcon_meta'
[1.032s] [34mcolcon.colcon_core.package_identification[0m [1;30mLevel 1[0m _identify(src/rosbridge_suite/rosapi) by extensions ['ros']
[1.032s] [34mcolcon.colcon_core.package_identification[0m [1;30mLevel 1[0m _identify(src/rosbridge_suite/rosapi) by extension 'ros'
[1.032s] [34mcolcon.colcon_core.package_identification[0m [1;30mDEBUG[0m [32mPackage 'src/rosbridge_suite/rosapi' with type 'ros.ament_cmake' and name 'rosapi'[0m
[1.033s] [34mcolcon.colcon_core.package_identification[0m [1;30mLevel 1[0m _identify(src/rosbridge_suite/rosapi_msgs) by extensions ['ignore', 'ignore_ament_install']
[1.033s] [34mcolcon.colcon_core.package_identification[0m [1;30mLevel 1[0m _identify(src/rosbridge_suite/rosapi_msgs) by extension 'ignore'
[1.033s] [34mcolcon.colcon_core.package_identification[0m [1;30mLevel 1[0m _identify(src/rosbridge_suite/rosapi_msgs) by extension 'ignore_ament_install'
[1.033s] [34mcolcon.colcon_core.package_identification[0m [1;30mLevel 1[0m _identify(src/rosbridge_suite/rosapi_msgs) by extensions ['colcon_pkg']
[1.033s] [34mcolcon.colcon_core.package_identification[0m [1;30mLevel 1[0m _identify(src/rosbridge_suite/rosapi_msgs) by extension 'colcon_pkg'
[1.033s] [34mcolcon.colcon_core.package_identification[0m [1;30mLevel 1[0m _identify(src/rosbridge_suite/rosapi_msgs) by extensions ['colcon_meta']
[1.033s] [34mcolcon.colcon_core.package_identification[0m [1;30mLevel 1[0m _identify(src/rosbridge_suite/rosapi_msgs) by extension 'colcon_meta'
[1.033s] [34mcolcon.colcon_core.package_identification[0m [1;30mLevel 1[0m _identify(src/rosbridge_suite/rosapi_msgs) by extensions ['ros']
[1.033s] [34mcolcon.colcon_core.package_identification[0m [1;30mLevel 1[0m _identify(src/rosbridge_suite/rosapi_msgs) by extension 'ros'
[1.033s] [34mcolcon.colcon_core.package_identification[0m [1;30mDEBUG[0m [32mPackage 'src/rosbridge_suite/rosapi_msgs' with type 'ros.ament_cmake' and name 'rosapi_msgs'[0m
[1.033s] [34mcolcon.colcon_core.package_identification[0m [1;30mLevel 1[0m _identify(src/rosbridge_suite/rosbridge_library) by extensions ['ignore', 'ignore_ament_install']
[1.033s] [34mcolcon.colcon_core.package_identification[0m [1;30mLevel 1[0m _identify(src/rosbridge_suite/rosbridge_library) by extension 'ignore'
[1.033s] [34mcolcon.colcon_core.package_identification[0m [1;30mLevel 1[0m _identify(src/rosbridge_suite/rosbridge_library) by extension 'ignore_ament_install'
[1.033s] [34mcolcon.colcon_core.package_identification[0m [1;30mLevel 1[0m _identify(src/rosbridge_suite/rosbridge_library) by extensions ['colcon_pkg']
[1.033s] [34mcolcon.colcon_core.package_identification[0m [1;30mLevel 1[0m _identify(src/rosbridge_suite/rosbridge_library) by extension 'colcon_pkg'
[1.033s] [34mcolcon.colcon_core.package_identification[0m [1;30mLevel 1[0m _identify(src/rosbridge_suite/rosbridge_library) by extensions ['colcon_meta']
[1.034s] [34mcolcon.colcon_core.package_identification[0m [1;30mLevel 1[0m _identify(src/rosbridge_suite/rosbridge_library) by extension 'colcon_meta'
[1.034s] [34mcolcon.colcon_core.package_identification[0m [1;30mLevel 1[0m _identify(src/rosbridge_suite/rosbridge_library) by extensions ['ros']
[1.034s] [34mcolcon.colcon_core.package_identification[0m [1;30mLevel 1[0m _identify(src/rosbridge_suite/rosbridge_library) by extension 'ros'
[1.034s] [34mcolcon.colcon_core.package_identification[0m [1;30mDEBUG[0m [32mPackage 'src/rosbridge_suite/rosbridge_library' with type 'ros.ament_cmake' and name 'rosbridge_library'[0m
[1.034s] [34mcolcon.colcon_core.package_identification[0m [1;30mLevel 1[0m _identify(src/rosbridge_suite/rosbridge_msgs) by extensions ['ignore', 'ignore_ament_install']
[1.034s] [34mcolcon.colcon_core.package_identification[0m [1;30mLevel 1[0m _identify(src/rosbridge_suite/rosbridge_msgs) by extension 'ignore'
[1.034s] [34mcolcon.colcon_core.package_identification[0m [1;30mLevel 1[0m _identify(src/rosbridge_suite/rosbridge_msgs) by extension 'ignore_ament_install'
[1.034s] [34mcolcon.colcon_core.package_identification[0m [1;30mLevel 1[0m _identify(src/rosbridge_suite/rosbridge_msgs) by extensions ['colcon_pkg']
[1.034s] [34mcolcon.colcon_core.package_identification[0m [1;30mLevel 1[0m _identify(src/rosbridge_suite/rosbridge_msgs) by extension 'colcon_pkg'
[1.034s] [34mcolcon.colcon_core.package_identification[0m [1;30mLevel 1[0m _identify(src/rosbridge_suite/rosbridge_msgs) by extensions ['colcon_meta']
[1.034s] [34mcolcon.colcon_core.package_identification[0m [1;30mLevel 1[0m _identify(src/rosbridge_suite/rosbridge_msgs) by extension 'colcon_meta'
[1.034s] [34mcolcon.colcon_core.package_identification[0m [1;30mLevel 1[0m _identify(src/rosbridge_suite/rosbridge_msgs) by extensions ['ros']
[1.034s] [34mcolcon.colcon_core.package_identification[0m [1;30mLevel 1[0m _identify(src/rosbridge_suite/rosbridge_msgs) by extension 'ros'
[1.035s] [34mcolcon.colcon_core.package_identification[0m [1;30mDEBUG[0m [32mPackage 'src/rosbridge_suite/rosbridge_msgs' with type 'ros.ament_cmake' and name 'rosbridge_msgs'[0m
[1.035s] [34mcolcon.colcon_core.package_identification[0m [1;30mLevel 1[0m _identify(src/rosbridge_suite/rosbridge_server) by extensions ['ignore', 'ignore_ament_install']
[1.035s] [34mcolcon.colcon_core.package_identification[0m [1;30mLevel 1[0m _identify(src/rosbridge_suite/rosbridge_server) by extension 'ignore'
[1.035s] [34mcolcon.colcon_core.package_identification[0m [1;30mLevel 1[0m _identify(src/rosbridge_suite/rosbridge_server) by extension 'ignore_ament_install'
[1.035s] [34mcolcon.colcon_core.package_identification[0m [1;30mLevel 1[0m _identify(src/rosbridge_suite/rosbridge_server) by extensions ['colcon_pkg']
[1.035s] [34mcolcon.colcon_core.package_identification[0m [1;30mLevel 1[0m _identify(src/rosbridge_suite/rosbridge_server) by extension 'colcon_pkg'
[1.035s] [34mcolcon.colcon_core.package_identification[0m [1;30mLevel 1[0m _identify(src/rosbridge_suite/rosbridge_server) by extensions ['colcon_meta']
[1.035s] [34mcolcon.colcon_core.package_identification[0m [1;30mLevel 1[0m _identify(src/rosbridge_suite/rosbridge_server) by extension 'colcon_meta'
[1.035s] [34mcolcon.colcon_core.package_identification[0m [1;30mLevel 1[0m _identify(src/rosbridge_suite/rosbridge_server) by extensions ['ros']
[1.035s] [34mcolcon.colcon_core.package_identification[0m [1;30mLevel 1[0m _identify(src/rosbridge_suite/rosbridge_server) by extension 'ros'
[1.036s] [34mcolcon.colcon_core.package_identification[0m [1;30mDEBUG[0m [32mPackage 'src/rosbridge_suite/rosbridge_server' with type 'ros.ament_cmake' and name 'rosbridge_server'[0m
[1.036s] [34mcolcon.colcon_core.package_identification[0m [1;30mLevel 1[0m _identify(src/rosbridge_suite/rosbridge_suite) by extensions ['ignore', 'ignore_ament_install']
[1.036s] [34mcolcon.colcon_core.package_identification[0m [1;30mLevel 1[0m _identify(src/rosbridge_suite/rosbridge_suite) by extension 'ignore'
[1.036s] [34mcolcon.colcon_core.package_identification[0m [1;30mLevel 1[0m _identify(src/rosbridge_suite/rosbridge_suite) by extension 'ignore_ament_install'
[1.036s] [34mcolcon.colcon_core.package_identification[0m [1;30mLevel 1[0m _identify(src/rosbridge_suite/rosbridge_suite) by extensions ['colcon_pkg']
[1.036s] [34mcolcon.colcon_core.package_identification[0m [1;30mLevel 1[0m _identify(src/rosbridge_suite/rosbridge_suite) by extension 'colcon_pkg'
[1.036s] [34mcolcon.colcon_core.package_identification[0m [1;30mLevel 1[0m _identify(src/rosbridge_suite/rosbridge_suite) by extensions ['colcon_meta']
[1.036s] [34mcolcon.colcon_core.package_identification[0m [1;30mLevel 1[0m _identify(src/rosbridge_suite/rosbridge_suite) by extension 'colcon_meta'
[1.036s] [34mcolcon.colcon_core.package_identification[0m [1;30mLevel 1[0m _identify(src/rosbridge_suite/rosbridge_suite) by extensions ['ros']
[1.036s] [34mcolcon.colcon_core.package_identification[0m [1;30mLevel 1[0m _identify(src/rosbridge_suite/rosbridge_suite) by extension 'ros'
[1.036s] [34mcolcon.colcon_core.package_identification[0m [1;30mDEBUG[0m [32mPackage 'src/rosbridge_suite/rosbridge_suite' with type 'ros.ament_cmake' and name 'rosbridge_suite'[0m
[1.036s] [34mcolcon.colcon_core.package_identification[0m [1;30mLevel 1[0m _identify(src/rosbridge_suite/rosbridge_test_msgs) by extensions ['ignore', 'ignore_ament_install']
[1.036s] [34mcolcon.colcon_core.package_identification[0m [1;30mLevel 1[0m _identify(src/rosbridge_suite/rosbridge_test_msgs) by extension 'ignore'
[1.036s] [34mcolcon.colcon_core.package_identification[0m [1;30mLevel 1[0m _identify(src/rosbridge_suite/rosbridge_test_msgs) by extension 'ignore_ament_install'
[1.036s] [34mcolcon.colcon_core.package_identification[0m [1;30mLevel 1[0m _identify(src/rosbridge_suite/rosbridge_test_msgs) by extensions ['colcon_pkg']
[1.036s] [34mcolcon.colcon_core.package_identification[0m [1;30mLevel 1[0m _identify(src/rosbridge_suite/rosbridge_test_msgs) by extension 'colcon_pkg'
[1.037s] [34mcolcon.colcon_core.package_identification[0m [1;30mLevel 1[0m _identify(src/rosbridge_suite/rosbridge_test_msgs) by extensions ['colcon_meta']
[1.037s] [34mcolcon.colcon_core.package_identification[0m [1;30mLevel 1[0m _identify(src/rosbridge_suite/rosbridge_test_msgs) by extension 'colcon_meta'
[1.037s] [34mcolcon.colcon_core.package_identification[0m [1;30mLevel 1[0m _identify(src/rosbridge_suite/rosbridge_test_msgs) by extensions ['ros']
[1.037s] [34mcolcon.colcon_core.package_identification[0m [1;30mLevel 1[0m _identify(src/rosbridge_suite/rosbridge_test_msgs) by extension 'ros'
[1.037s] [34mcolcon.colcon_core.package_identification[0m [1;30mDEBUG[0m [32mPackage 'src/rosbridge_suite/rosbridge_test_msgs' with type 'ros.ament_cmake' and name 'rosbridge_test_msgs'[0m
[1.037s] [34mcolcon.colcon_core.package_identification[0m [1;30mLevel 1[0m _identify(src/tcp_cam_sender) by extensions ['ignore', 'ignore_ament_install']
[1.037s] [34mcolcon.colcon_core.package_identification[0m [1;30mLevel 1[0m _identify(src/tcp_cam_sender) by extension 'ignore'
[1.037s] [34mcolcon.colcon_core.package_identification[0m [1;30mLevel 1[0m _identify(src/tcp_cam_sender) by extension 'ignore_ament_install'
[1.037s] [34mcolcon.colcon_core.package_identification[0m [1;30mLevel 1[0m _identify(src/tcp_cam_sender) by extensions ['colcon_pkg']
[1.037s] [34mcolcon.colcon_core.package_identification[0m [1;30mLevel 1[0m _identify(src/tcp_cam_sender) by extension 'colcon_pkg'
[1.037s] [34mcolcon.colcon_core.package_identification[0m [1;30mLevel 1[0m _identify(src/tcp_cam_sender) by extensions ['colcon_meta']
[1.037s] [34mcolcon.colcon_core.package_identification[0m [1;30mLevel 1[0m _identify(src/tcp_cam_sender) by extension 'colcon_meta'
[1.037s] [34mcolcon.colcon_core.package_identification[0m [1;30mLevel 1[0m _identify(src/tcp_cam_sender) by extensions ['ros']
[1.037s] [34mcolcon.colcon_core.package_identification[0m [1;30mLevel 1[0m _identify(src/tcp_cam_sender) by extension 'ros'
[1.038s] [34mcolcon.colcon_core.package_identification[0m [1;30mDEBUG[0m [32mPackage 'src/tcp_cam_sender' with type 'ros.ament_python' and name 'tcp_cam_sender'[0m
[1.038s] [34mcolcon.colcon_core.package_identification[0m [1;30mLevel 1[0m _identify(src/udp_to_ros) by extensions ['ignore', 'ignore_ament_install']
[1.038s] [34mcolcon.colcon_core.package_identification[0m [1;30mLevel 1[0m _identify(src/udp_to_ros) by extension 'ignore'
[1.038s] [34mcolcon.colcon_core.package_identification[0m [1;30mLevel 1[0m _identify(src/udp_to_ros) by extension 'ignore_ament_install'
[1.038s] [34mcolcon.colcon_core.package_identification[0m [1;30mLevel 1[0m _identify(src/udp_to_ros) by extensions ['colcon_pkg']
[1.038s] [34mcolcon.colcon_core.package_identification[0m [1;30mLevel 1[0m _identify(src/udp_to_ros) by extension 'colcon_pkg'
[1.038s] [34mcolcon.colcon_core.package_identification[0m [1;30mLevel 1[0m _identify(src/udp_to_ros) by extensions ['colcon_meta']
[1.038s] [34mcolcon.colcon_core.package_identification[0m [1;30mLevel 1[0m _identify(src/udp_to_ros) by extension 'colcon_meta'
[1.038s] [34mcolcon.colcon_core.package_identification[0m [1;30mLevel 1[0m _identify(src/udp_to_ros) by extensions ['ros']
[1.038s] [34mcolcon.colcon_core.package_identification[0m [1;30mLevel 1[0m _identify(src/udp_to_ros) by extension 'ros'
[1.039s] [34mcolcon.colcon_core.package_identification[0m [1;30mDEBUG[0m [32mPackage 'src/udp_to_ros' with type 'ros.ament_python' and name 'udp_to_ros'[0m
[1.039s] [34mcolcon.colcon_core.package_identification[0m [1;30mLevel 1[0m _identify(src/usb_cam) by extensions ['ignore', 'ignore_ament_install']
[1.039s] [34mcolcon.colcon_core.package_identification[0m [1;30mLevel 1[0m _identify(src/usb_cam) by extension 'ignore'
[1.039s] [34mcolcon.colcon_core.package_identification[0m [1;30mLevel 1[0m _identify(src/usb_cam) by extension 'ignore_ament_install'
[1.039s] [34mcolcon.colcon_core.package_identification[0m [1;30mLevel 1[0m _identify(src/usb_cam) by extensions ['colcon_pkg']
[1.039s] [34mcolcon.colcon_core.package_identification[0m [1;30mLevel 1[0m _identify(src/usb_cam) by extension 'colcon_pkg'
[1.039s] [34mcolcon.colcon_core.package_identification[0m [1;30mLevel 1[0m _identify(src/usb_cam) by extensions ['colcon_meta']
[1.039s] [34mcolcon.colcon_core.package_identification[0m [1;30mLevel 1[0m _identify(src/usb_cam) by extension 'colcon_meta'
[1.039s] [34mcolcon.colcon_core.package_identification[0m [1;30mLevel 1[0m _identify(src/usb_cam) by extensions ['ros']
[1.039s] [34mcolcon.colcon_core.package_identification[0m [1;30mLevel 1[0m _identify(src/usb_cam) by extension 'ros'
[1.039s] [34mcolcon.colcon_core.package_identification[0m [1;30mLevel 1[0m _identify(src/usb_cam) by extensions ['cmake', 'python']
[1.039s] [34mcolcon.colcon_core.package_identification[0m [1;30mLevel 1[0m _identify(src/usb_cam) by extension 'cmake'
[1.039s] [34mcolcon.colcon_core.package_identification[0m [1;30mLevel 1[0m _identify(src/usb_cam) by extension 'python'
[1.039s] [34mcolcon.colcon_core.package_identification[0m [1;30mLevel 1[0m _identify(src/usb_cam) by extensions ['python_setup_py']
[1.039s] [34mcolcon.colcon_core.package_identification[0m [1;30mLevel 1[0m _identify(src/usb_cam) by extension 'python_setup_py'
[1.039s] [34mcolcon.colcon_core.package_discovery[0m [1;30mLevel 1[0m discover_packages(recursive) using defaults
[1.039s] [34mcolcon.colcon_core.package_discovery[0m [1;30mLevel 1[0m discover_packages(ignore) discover
[1.039s] [34mcolcon.colcon_core.package_discovery[0m [1;30mLevel 1[0m discover_packages(ignore) using defaults
[1.039s] [34mcolcon.colcon_core.package_discovery[0m [1;30mLevel 1[0m discover_packages(path) discover
[1.039s] [34mcolcon.colcon_core.package_discovery[0m [1;30mLevel 1[0m discover_packages(path) using defaults
[1.124s] [34mcolcon.colcon_core.package_discovery[0m [1;30mLevel 1[0m discover_packages(prefix_path) check parameters
[1.125s] [34mcolcon.colcon_core.package_discovery[0m [1;30mLevel 1[0m discover_packages(prefix_path) discover
[1.155s] [34mcolcon.colcon_installed_package_information.package_discovery[0m [1;30mDEBUG[0m [32mFound 306 installed packages in /opt/ros/iron[0m
[1.156s] [34mcolcon.colcon_core.package_discovery[0m [1;30mLevel 1[0m discover_packages(prefix_path) using defaults
[1.214s] [34mcolcon.colcon_core.verb[0m [1;30mLevel 5[0m set package 'common' build argument 'cmake_args' from command line to 'None'
[1.214s] [34mcolcon.colcon_core.verb[0m [1;30mLevel 5[0m set package 'common' build argument 'cmake_target' from command line to 'None'
[1.214s] [34mcolcon.colcon_core.verb[0m [1;30mLevel 5[0m set package 'common' build argument 'cmake_target_skip_unavailable' from command line to 'False'
[1.214s] [34mcolcon.colcon_core.verb[0m [1;30mLevel 5[0m set package 'common' build argument 'cmake_clean_cache' from command line to 'False'
[1.214s] [34mcolcon.colcon_core.verb[0m [1;30mLevel 5[0m set package 'common' build argument 'cmake_clean_first' from command line to 'False'
[1.214s] [34mcolcon.colcon_core.verb[0m [1;30mLevel 5[0m set package 'common' build argument 'cmake_force_configure' from command line to 'False'
[1.214s] [34mcolcon.colcon_core.verb[0m [1;30mLevel 5[0m set package 'common' build argument 'ament_cmake_args' from command line to 'None'
[1.214s] [34mcolcon.colcon_core.verb[0m [1;30mLevel 5[0m set package 'common' build argument 'catkin_cmake_args' from command line to 'None'
[1.214s] [34mcolcon.colcon_core.verb[0m [1;30mLevel 5[0m set package 'common' build argument 'catkin_skip_building_tests' from command line to 'False'
[1.214s] [34mcolcon.colcon_core.verb[0m [1;30mDEBUG[0m [32mBuilding package 'common' with the following arguments: {'ament_cmake_args': None, 'build_base': '/home/jason/Desktop/STUDY/ART-Driver/workspace/build/common', 'catkin_cmake_args': None, 'catkin_skip_building_tests': False, 'cmake_args': None, 'cmake_clean_cache': False, 'cmake_clean_first': False, 'cmake_force_configure': False, 'cmake_target': None, 'cmake_target_skip_unavailable': False, 'install_base': '/home/jason/Desktop/STUDY/ART-Driver/workspace/install/common', 'merge_install': False, 'path': '/home/jason/Desktop/STUDY/ART-Driver/workspace/src/common', 'symlink_install': False, 'test_result_base': None}[0m
[1.235s] [34mcolcon.colcon_core.verb[0m [1;30mLevel 5[0m set package 'rosapi_msgs' build argument 'cmake_args' from command line to 'None'
[1.235s] [34mcolcon.colcon_core.verb[0m [1;30mLevel 5[0m set package 'rosapi_msgs' build argument 'cmake_target' from command line to 'None'
[1.235s] [34mcolcon.colcon_core.verb[0m [1;30mLevel 5[0m set package 'rosapi_msgs' build argument 'cmake_target_skip_unavailable' from command line to 'False'
[1.235s] [34mcolcon.colcon_core.verb[0m [1;30mLevel 5[0m set package 'rosapi_msgs' build argument 'cmake_clean_cache' from command line to 'False'
[1.235s] [34mcolcon.colcon_core.verb[0m [1;30mLevel 5[0m set package 'rosapi_msgs' build argument 'cmake_clean_first' from command line to 'False'
[1.235s] [34mcolcon.colcon_core.verb[0m [1;30mLevel 5[0m set package 'rosapi_msgs' build argument 'cmake_force_configure' from command line to 'False'
[1.235s] [34mcolcon.colcon_core.verb[0m [1;30mLevel 5[0m set package 'rosapi_msgs' build argument 'ament_cmake_args' from command line to 'None'
[1.235s] [34mcolcon.colcon_core.verb[0m [1;30mLevel 5[0m set package 'rosapi_msgs' build argument 'catkin_cmake_args' from command line to 'None'
[1.235s] [34mcolcon.colcon_core.verb[0m [1;30mLevel 5[0m set package 'rosapi_msgs' build argument 'catkin_skip_building_tests' from command line to 'False'
[1.235s] [34mcolcon.colcon_core.verb[0m [1;30mDEBUG[0m [32mBuilding package 'rosapi_msgs' with the following arguments: {'ament_cmake_args': None, 'build_base': '/home/jason/Desktop/STUDY/ART-Driver/workspace/build/rosapi_msgs', 'catkin_cmake_args': None, 'catkin_skip_building_tests': False, 'cmake_args': None, 'cmake_clean_cache': False, 'cmake_clean_first': False, 'cmake_force_configure': False, 'cmake_target': None, 'cmake_target_skip_unavailable': False, 'install_base': '/home/jason/Desktop/STUDY/ART-Driver/workspace/install/rosapi_msgs', 'merge_install': False, 'path': '/home/jason/Desktop/STUDY/ART-Driver/workspace/src/rosbridge_suite/rosapi_msgs', 'symlink_install': False, 'test_result_base': None}[0m
[1.250s] [34mcolcon.colcon_core.verb[0m [1;30mLevel 5[0m set package 'rosbridge_msgs' build argument 'cmake_args' from command line to 'None'
[1.250s] [34mcolcon.colcon_core.verb[0m [1;30mLevel 5[0m set package 'rosbridge_msgs' build argument 'cmake_target' from command line to 'None'
[1.250s] [34mcolcon.colcon_core.verb[0m [1;30mLevel 5[0m set package 'rosbridge_msgs' build argument 'cmake_target_skip_unavailable' from command line to 'False'
[1.250s] [34mcolcon.colcon_core.verb[0m [1;30mLevel 5[0m set package 'rosbridge_msgs' build argument 'cmake_clean_cache' from command line to 'False'
[1.250s] [34mcolcon.colcon_core.verb[0m [1;30mLevel 5[0m set package 'rosbridge_msgs' build argument 'cmake_clean_first' from command line to 'False'
[1.250s] [34mcolcon.colcon_core.verb[0m [1;30mLevel 5[0m set package 'rosbridge_msgs' build argument 'cmake_force_configure' from command line to 'False'
[1.250s] [34mcolcon.colcon_core.verb[0m [1;30mLevel 5[0m set package 'rosbridge_msgs' build argument 'ament_cmake_args' from command line to 'None'
[1.250s] [34mcolcon.colcon_core.verb[0m [1;30mLevel 5[0m set package 'rosbridge_msgs' build argument 'catkin_cmake_args' from command line to 'None'
[1.250s] [34mcolcon.colcon_core.verb[0m [1;30mLevel 5[0m set package 'rosbridge_msgs' build argument 'catkin_skip_building_tests' from command line to 'False'
[1.250s] [34mcolcon.colcon_core.verb[0m [1;30mDEBUG[0m [32mBuilding package 'rosbridge_msgs' with the following arguments: {'ament_cmake_args': None, 'build_base': '/home/jason/Desktop/STUDY/ART-Driver/workspace/build/rosbridge_msgs', 'catkin_cmake_args': None, 'catkin_skip_building_tests': False, 'cmake_args': None, 'cmake_clean_cache': False, 'cmake_clean_first': False, 'cmake_force_configure': False, 'cmake_target': None, 'cmake_target_skip_unavailable': False, 'install_base': '/home/jason/Desktop/STUDY/ART-Driver/workspace/install/rosbridge_msgs', 'merge_install': False, 'path': '/home/jason/Desktop/STUDY/ART-Driver/workspace/src/rosbridge_suite/rosbridge_msgs', 'symlink_install': False, 'test_result_base': None}[0m
[1.265s] [34mcolcon.colcon_core.verb[0m [1;30mLevel 5[0m set package 'rosbridge_test_msgs' build argument 'cmake_args' from command line to 'None'
[1.265s] [34mcolcon.colcon_core.verb[0m [1;30mLevel 5[0m set package 'rosbridge_test_msgs' build argument 'cmake_target' from command line to 'None'
[1.265s] [34mcolcon.colcon_core.verb[0m [1;30mLevel 5[0m set package 'rosbridge_test_msgs' build argument 'cmake_target_skip_unavailable' from command line to 'False'
[1.265s] [34mcolcon.colcon_core.verb[0m [1;30mLevel 5[0m set package 'rosbridge_test_msgs' build argument 'cmake_clean_cache' from command line to 'False'
[1.265s] [34mcolcon.colcon_core.verb[0m [1;30mLevel 5[0m set package 'rosbridge_test_msgs' build argument 'cmake_clean_first' from command line to 'False'
[1.265s] [34mcolcon.colcon_core.verb[0m [1;30mLevel 5[0m set package 'rosbridge_test_msgs' build argument 'cmake_force_configure' from command line to 'False'
[1.265s] [34mcolcon.colcon_core.verb[0m [1;30mLevel 5[0m set package 'rosbridge_test_msgs' build argument 'ament_cmake_args' from command line to 'None'
[1.265s] [34mcolcon.colcon_core.verb[0m [1;30mLevel 5[0m set package 'rosbridge_test_msgs' build argument 'catkin_cmake_args' from command line to 'None'
[1.265s] [34mcolcon.colcon_core.verb[0m [1;30mLevel 5[0m set package 'rosbridge_test_msgs' build argument 'catkin_skip_building_tests' from command line to 'False'
[1.265s] [34mcolcon.colcon_core.verb[0m [1;30mDEBUG[0m [32mBuilding package 'rosbridge_test_msgs' with the following arguments: {'ament_cmake_args': None, 'build_base': '/home/jason/Desktop/STUDY/ART-Driver/workspace/build/rosbridge_test_msgs', 'catkin_cmake_args': None, 'catkin_skip_building_tests': False, 'cmake_args': None, 'cmake_clean_cache': False, 'cmake_clean_first': False, 'cmake_force_configure': False, 'cmake_target': None, 'cmake_target_skip_unavailable': False, 'install_base': '/home/jason/Desktop/STUDY/ART-Driver/workspace/install/rosbridge_test_msgs', 'merge_install': False, 'path': '/home/jason/Desktop/STUDY/ART-Driver/workspace/src/rosbridge_suite/rosbridge_test_msgs', 'symlink_install': False, 'test_result_base': None}[0m
[1.280s] [34mcolcon.colcon_core.verb[0m [1;30mLevel 5[0m set package 'tcp_cam_sender' build argument 'cmake_args' from command line to 'None'
[1.280s] [34mcolcon.colcon_core.verb[0m [1;30mLevel 5[0m set package 'tcp_cam_sender' build argument 'cmake_target' from command line to 'None'
[1.280s] [34mcolcon.colcon_core.verb[0m [1;30mLevel 5[0m set package 'tcp_cam_sender' build argument 'cmake_target_skip_unavailable' from command line to 'False'
[1.280s] [34mcolcon.colcon_core.verb[0m [1;30mLevel 5[0m set package 'tcp_cam_sender' build argument 'cmake_clean_cache' from command line to 'False'
[1.280s] [34mcolcon.colcon_core.verb[0m [1;30mLevel 5[0m set package 'tcp_cam_sender' build argument 'cmake_clean_first' from command line to 'False'
[1.280s] [34mcolcon.colcon_core.verb[0m [1;30mLevel 5[0m set package 'tcp_cam_sender' build argument 'cmake_force_configure' from command line to 'False'
[1.280s] [34mcolcon.colcon_core.verb[0m [1;30mLevel 5[0m set package 'tcp_cam_sender' build argument 'ament_cmake_args' from command line to 'None'
[1.280s] [34mcolcon.colcon_core.verb[0m [1;30mLevel 5[0m set package 'tcp_cam_sender' build argument 'catkin_cmake_args' from command line to 'None'
[1.280s] [34mcolcon.colcon_core.verb[0m [1;30mLevel 5[0m set package 'tcp_cam_sender' build argument 'catkin_skip_building_tests' from command line to 'False'
[1.280s] [34mcolcon.colcon_core.verb[0m [1;30mDEBUG[0m [32mBuilding package 'tcp_cam_sender' with the following arguments: {'ament_cmake_args': None, 'build_base': '/home/jason/Desktop/STUDY/ART-Driver/workspace/build/tcp_cam_sender', 'catkin_cmake_args': None, 'catkin_skip_building_tests': False, 'cmake_args': None, 'cmake_clean_cache': False, 'cmake_clean_first': False, 'cmake_force_configure': False, 'cmake_target': None, 'cmake_target_skip_unavailable': False, 'install_base': '/home/jason/Desktop/STUDY/ART-Driver/workspace/install/tcp_cam_sender', 'merge_install': False, 'path': '/home/jason/Desktop/STUDY/ART-Driver/workspace/src/tcp_cam_sender', 'symlink_install': False, 'test_result_base': None}[0m
[1.294s] [34mcolcon.colcon_core.verb[0m [1;30mLevel 5[0m set package 'udp_to_ros' build argument 'cmake_args' from command line to 'None'
[1.294s] [34mcolcon.colcon_core.verb[0m [1;30mLevel 5[0m set package 'udp_to_ros' build argument 'cmake_target' from command line to 'None'
[1.294s] [34mcolcon.colcon_core.verb[0m [1;30mLevel 5[0m set package 'udp_to_ros' build argument 'cmake_target_skip_unavailable' from command line to 'False'
[1.294s] [34mcolcon.colcon_core.verb[0m [1;30mLevel 5[0m set package 'udp_to_ros' build argument 'cmake_clean_cache' from command line to 'False'
[1.294s] [34mcolcon.colcon_core.verb[0m [1;30mLevel 5[0m set package 'udp_to_ros' build argument 'cmake_clean_first' from command line to 'False'
[1.294s] [34mcolcon.colcon_core.verb[0m [1;30mLevel 5[0m set package 'udp_to_ros' build argument 'cmake_force_configure' from command line to 'False'
[1.294s] [34mcolcon.colcon_core.verb[0m [1;30mLevel 5[0m set package 'udp_to_ros' build argument 'ament_cmake_args' from command line to 'None'
[1.294s] [34mcolcon.colcon_core.verb[0m [1;30mLevel 5[0m set package 'udp_to_ros' build argument 'catkin_cmake_args' from command line to 'None'
[1.294s] [34mcolcon.colcon_core.verb[0m [1;30mLevel 5[0m set package 'udp_to_ros' build argument 'catkin_skip_building_tests' from command line to 'False'
[1.294s] [34mcolcon.colcon_core.verb[0m [1;30mDEBUG[0m [32mBuilding package 'udp_to_ros' with the following arguments: {'ament_cmake_args': None, 'build_base': '/home/jason/Desktop/STUDY/ART-Driver/workspace/build/udp_to_ros', 'catkin_cmake_args': None, 'catkin_skip_building_tests': False, 'cmake_args': None, 'cmake_clean_cache': False, 'cmake_clean_first': False, 'cmake_force_configure': False, 'cmake_target': None, 'cmake_target_skip_unavailable': False, 'install_base': '/home/jason/Desktop/STUDY/ART-Driver/workspace/install/udp_to_ros', 'merge_install': False, 'path': '/home/jason/Desktop/STUDY/ART-Driver/workspace/src/udp_to_ros', 'symlink_install': False, 'test_result_base': None}[0m
[1.309s] [34mcolcon.colcon_core.verb[0m [1;30mLevel 5[0m set package 'rosbridge_library' build argument 'cmake_args' from command line to 'None'
[1.309s] [34mcolcon.colcon_core.verb[0m [1;30mLevel 5[0m set package 'rosbridge_library' build argument 'cmake_target' from command line to 'None'
[1.309s] [34mcolcon.colcon_core.verb[0m [1;30mLevel 5[0m set package 'rosbridge_library' build argument 'cmake_target_skip_unavailable' from command line to 'False'
[1.309s] [34mcolcon.colcon_core.verb[0m [1;30mLevel 5[0m set package 'rosbridge_library' build argument 'cmake_clean_cache' from command line to 'False'
[1.309s] [34mcolcon.colcon_core.verb[0m [1;30mLevel 5[0m set package 'rosbridge_library' build argument 'cmake_clean_first' from command line to 'False'
[1.309s] [34mcolcon.colcon_core.verb[0m [1;30mLevel 5[0m set package 'rosbridge_library' build argument 'cmake_force_configure' from command line to 'False'
[1.309s] [34mcolcon.colcon_core.verb[0m [1;30mLevel 5[0m set package 'rosbridge_library' build argument 'ament_cmake_args' from command line to 'None'
[1.309s] [34mcolcon.colcon_core.verb[0m [1;30mLevel 5[0m set package 'rosbridge_library' build argument 'catkin_cmake_args' from command line to 'None'
[1.309s] [34mcolcon.colcon_core.verb[0m [1;30mLevel 5[0m set package 'rosbridge_library' build argument 'catkin_skip_building_tests' from command line to 'False'
[1.309s] [34mcolcon.colcon_core.verb[0m [1;30mDEBUG[0m [32mBuilding package 'rosbridge_library' with the following arguments: {'ament_cmake_args': None, 'build_base': '/home/jason/Desktop/STUDY/ART-Driver/workspace/build/rosbridge_library', 'catkin_cmake_args': None, 'catkin_skip_building_tests': False, 'cmake_args': None, 'cmake_clean_cache': False, 'cmake_clean_first': False, 'cmake_force_configure': False, 'cmake_target': None, 'cmake_target_skip_unavailable': False, 'install_base': '/home/jason/Desktop/STUDY/ART-Driver/workspace/install/rosbridge_library', 'merge_install': False, 'path': '/home/jason/Desktop/STUDY/ART-Driver/workspace/src/rosbridge_suite/rosbridge_library', 'symlink_install': False, 'test_result_base': None}[0m
[1.323s] [34mcolcon.colcon_core.verb[0m [1;30mLevel 5[0m set package 'rosapi' build argument 'cmake_args' from command line to 'None'
[1.323s] [34mcolcon.colcon_core.verb[0m [1;30mLevel 5[0m set package 'rosapi' build argument 'cmake_target' from command line to 'None'
[1.323s] [34mcolcon.colcon_core.verb[0m [1;30mLevel 5[0m set package 'rosapi' build argument 'cmake_target_skip_unavailable' from command line to 'False'
[1.323s] [34mcolcon.colcon_core.verb[0m [1;30mLevel 5[0m set package 'rosapi' build argument 'cmake_clean_cache' from command line to 'False'
[1.323s] [34mcolcon.colcon_core.verb[0m [1;30mLevel 5[0m set package 'rosapi' build argument 'cmake_clean_first' from command line to 'False'
[1.323s] [34mcolcon.colcon_core.verb[0m [1;30mLevel 5[0m set package 'rosapi' build argument 'cmake_force_configure' from command line to 'False'
[1.323s] [34mcolcon.colcon_core.verb[0m [1;30mLevel 5[0m set package 'rosapi' build argument 'ament_cmake_args' from command line to 'None'
[1.323s] [34mcolcon.colcon_core.verb[0m [1;30mLevel 5[0m set package 'rosapi' build argument 'catkin_cmake_args' from command line to 'None'
[1.323s] [34mcolcon.colcon_core.verb[0m [1;30mLevel 5[0m set package 'rosapi' build argument 'catkin_skip_building_tests' from command line to 'False'
[1.323s] [34mcolcon.colcon_core.verb[0m [1;30mDEBUG[0m [32mBuilding package 'rosapi' with the following arguments: {'ament_cmake_args': None, 'build_base': '/home/jason/Desktop/STUDY/ART-Driver/workspace/build/rosapi', 'catkin_cmake_args': None, 'catkin_skip_building_tests': False, 'cmake_args': None, 'cmake_clean_cache': False, 'cmake_clean_first': False, 'cmake_force_configure': False, 'cmake_target': None, 'cmake_target_skip_unavailable': False, 'install_base': '/home/jason/Desktop/STUDY/ART-Driver/workspace/install/rosapi', 'merge_install': False, 'path': '/home/jason/Desktop/STUDY/ART-Driver/workspace/src/rosbridge_suite/rosapi', 'symlink_install': False, 'test_result_base': None}[0m
[1.338s] [34mcolcon.colcon_core.verb[0m [1;30mLevel 5[0m set package 'rosbridge_server' build argument 'cmake_args' from command line to 'None'
[1.338s] [34mcolcon.colcon_core.verb[0m [1;30mLevel 5[0m set package 'rosbridge_server' build argument 'cmake_target' from command line to 'None'
[1.338s] [34mcolcon.colcon_core.verb[0m [1;30mLevel 5[0m set package 'rosbridge_server' build argument 'cmake_target_skip_unavailable' from command line to 'False'
[1.338s] [34mcolcon.colcon_core.verb[0m [1;30mLevel 5[0m set package 'rosbridge_server' build argument 'cmake_clean_cache' from command line to 'False'
[1.338s] [34mcolcon.colcon_core.verb[0m [1;30mLevel 5[0m set package 'rosbridge_server' build argument 'cmake_clean_first' from command line to 'False'
[1.338s] [34mcolcon.colcon_core.verb[0m [1;30mLevel 5[0m set package 'rosbridge_server' build argument 'cmake_force_configure' from command line to 'False'
[1.338s] [34mcolcon.colcon_core.verb[0m [1;30mLevel 5[0m set package 'rosbridge_server' build argument 'ament_cmake_args' from command line to 'None'
[1.338s] [34mcolcon.colcon_core.verb[0m [1;30mLevel 5[0m set package 'rosbridge_server' build argument 'catkin_cmake_args' from command line to 'None'
[1.338s] [34mcolcon.colcon_core.verb[0m [1;30mLevel 5[0m set package 'rosbridge_server' build argument 'catkin_skip_building_tests' from command line to 'False'
[1.338s] [34mcolcon.colcon_core.verb[0m [1;30mDEBUG[0m [32mBuilding package 'rosbridge_server' with the following arguments: {'ament_cmake_args': None, 'build_base': '/home/jason/Desktop/STUDY/ART-Driver/workspace/build/rosbridge_server', 'catkin_cmake_args': None, 'catkin_skip_building_tests': False, 'cmake_args': None, 'cmake_clean_cache': False, 'cmake_clean_first': False, 'cmake_force_configure': False, 'cmake_target': None, 'cmake_target_skip_unavailable': False, 'install_base': '/home/jason/Desktop/STUDY/ART-Driver/workspace/install/rosbridge_server', 'merge_install': False, 'path': '/home/jason/Desktop/STUDY/ART-Driver/workspace/src/rosbridge_suite/rosbridge_server', 'symlink_install': False, 'test_result_base': None}[0m
[1.352s] [34mcolcon.colcon_core.verb[0m [1;30mLevel 5[0m set package 'rosbridge_suite' build argument 'cmake_args' from command line to 'None'
[1.352s] [34mcolcon.colcon_core.verb[0m [1;30mLevel 5[0m set package 'rosbridge_suite' build argument 'cmake_target' from command line to 'None'
[1.352s] [34mcolcon.colcon_core.verb[0m [1;30mLevel 5[0m set package 'rosbridge_suite' build argument 'cmake_target_skip_unavailable' from command line to 'False'
[1.352s] [34mcolcon.colcon_core.verb[0m [1;30mLevel 5[0m set package 'rosbridge_suite' build argument 'cmake_clean_cache' from command line to 'False'
[1.352s] [34mcolcon.colcon_core.verb[0m [1;30mLevel 5[0m set package 'rosbridge_suite' build argument 'cmake_clean_first' from command line to 'False'
[1.352s] [34mcolcon.colcon_core.verb[0m [1;30mLevel 5[0m set package 'rosbridge_suite' build argument 'cmake_force_configure' from command line to 'False'
[1.352s] [34mcolcon.colcon_core.verb[0m [1;30mLevel 5[0m set package 'rosbridge_suite' build argument 'ament_cmake_args' from command line to 'None'
[1.352s] [34mcolcon.colcon_core.verb[0m [1;30mLevel 5[0m set package 'rosbridge_suite' build argument 'catkin_cmake_args' from command line to 'None'
[1.352s] [34mcolcon.colcon_core.verb[0m [1;30mLevel 5[0m set package 'rosbridge_suite' build argument 'catkin_skip_building_tests' from command line to 'False'
[1.352s] [34mcolcon.colcon_core.verb[0m [1;30mDEBUG[0m [32mBuilding package 'rosbridge_suite' with the following arguments: {'ament_cmake_args': None, 'build_base': '/home/jason/Desktop/STUDY/ART-Driver/workspace/build/rosbridge_suite', 'catkin_cmake_args': None, 'catkin_skip_building_tests': False, 'cmake_args': None, 'cmake_clean_cache': False, 'cmake_clean_first': False, 'cmake_force_configure': False, 'cmake_target': None, 'cmake_target_skip_unavailable': False, 'install_base': '/home/jason/Desktop/STUDY/ART-Driver/workspace/install/rosbridge_suite', 'merge_install': False, 'path': '/home/jason/Desktop/STUDY/ART-Driver/workspace/src/rosbridge_suite/rosbridge_suite', 'symlink_install': False, 'test_result_base': None}[0m
[1.366s] [34mcolcon.colcon_core.executor[0m [1;30mINFO[0m Executing jobs using 'parallel' executor
[1.381s] [34mcolcon.colcon_parallel_executor.executor.parallel[0m [1;30mDEBUG[0m [32mrun_until_complete[0m
[1.381s] [34mcolcon.colcon_ros.task.ament_cmake.build[0m [1;30mINFO[0m Building ROS package in '/home/jason/Desktop/STUDY/ART-Driver/workspace/src/rosbridge_suite/rosapi_msgs' with build type 'ament_cmake'
[1.381s] [34mcolcon.colcon_cmake.task.cmake.build[0m [1;30mINFO[0m Building CMake package in '/home/jason/Desktop/STUDY/ART-Driver/workspace/src/rosbridge_suite/rosapi_msgs'
[1.398s] [34mcolcon.colcon_core.plugin_system[0m [1;30mINFO[0m Skipping extension 'colcon_core.shell.bat': Not used on non-Windows systems
[1.398s] [34mcolcon.colcon_core.shell[0m [1;30mINFO[0m Skip shell extension 'powershell' for command environment: Not usable outside of PowerShell
[1.398s] [34mcolcon.colcon_core.shell[0m [1;30mDEBUG[0m [32mSkip shell extension 'dsv' for command environment[0m
[1.428s] [34mcolcon.colcon_ros.task.ament_cmake.build[0m [1;30mINFO[0m Building ROS package in '/home/jason/Desktop/STUDY/ART-Driver/workspace/src/rosbridge_suite/rosbridge_msgs' with build type 'ament_cmake'
[1.428s] [34mcolcon.colcon_cmake.task.cmake.build[0m [1;30mINFO[0m Building CMake package in '/home/jason/Desktop/STUDY/ART-Driver/workspace/src/rosbridge_suite/rosbridge_msgs'
[1.443s] [34mcolcon.colcon_core.shell[0m [1;30mINFO[0m Skip shell extension 'powershell' for command environment: Not usable outside of PowerShell
[1.443s] [34mcolcon.colcon_core.shell[0m [1;30mDEBUG[0m [32mSkip shell extension 'dsv' for command environment[0m
[1.472s] [34mcolcon.colcon_ros.task.ament_cmake.build[0m [1;30mINFO[0m Building ROS package in '/home/jason/Desktop/STUDY/ART-Driver/workspace/src/rosbridge_suite/rosbridge_test_msgs' with build type 'ament_cmake'
[1.472s] [34mcolcon.colcon_cmake.task.cmake.build[0m [1;30mINFO[0m Building CMake package in '/home/jason/Desktop/STUDY/ART-Driver/workspace/src/rosbridge_suite/rosbridge_test_msgs'
[1.487s] [34mcolcon.colcon_core.shell[0m [1;30mINFO[0m Skip shell extension 'powershell' for command environment: Not usable outside of PowerShell
[1.487s] [34mcolcon.colcon_core.shell[0m [1;30mDEBUG[0m [32mSkip shell extension 'dsv' for command environment[0m
[1.517s] [34mcolcon.colcon_ros.task.ament_python.build[0m [1;30mINFO[0m Building ROS package in '/home/jason/Desktop/STUDY/ART-Driver/workspace/src/common' with build type 'ament_python'
[1.517s] [34mcolcon.colcon_core.shell[0m [1;30mLevel 1[0m create_environment_hook('common', 'ament_prefix_path')
[1.531s] [34mcolcon.colcon_core.shell[0m [1;30mINFO[0m Creating environment hook '/home/jason/Desktop/STUDY/ART-Driver/workspace/install/common/share/common/hook/ament_prefix_path.ps1'
[1.532s] [34mcolcon.colcon_core.shell[0m [1;30mINFO[0m Creating environment descriptor '/home/jason/Desktop/STUDY/ART-Driver/workspace/install/common/share/common/hook/ament_prefix_path.dsv'
[1.533s] [34mcolcon.colcon_core.shell[0m [1;30mINFO[0m Creating environment hook '/home/jason/Desktop/STUDY/ART-Driver/workspace/install/common/share/common/hook/ament_prefix_path.sh'
[1.547s] [34mcolcon.colcon_core.shell[0m [1;30mINFO[0m Skip shell extension 'powershell' for command environment: Not usable outside of PowerShell
[1.547s] [34mcolcon.colcon_core.shell[0m [1;30mDEBUG[0m [32mSkip shell extension 'dsv' for command environment[0m
[1.577s] [34mcolcon.colcon_ros.task.ament_python.build[0m [1;30mINFO[0m Building ROS package in '/home/jason/Desktop/STUDY/ART-Driver/workspace/src/tcp_cam_sender' with build type 'ament_python'
[1.577s] [34mcolcon.colcon_core.shell[0m [1;30mLevel 1[0m create_environment_hook('tcp_cam_sender', 'ament_prefix_path')
[1.591s] [34mcolcon.colcon_core.shell[0m [1;30mINFO[0m Creating environment hook '/home/jason/Desktop/STUDY/ART-Driver/workspace/install/tcp_cam_sender/share/tcp_cam_sender/hook/ament_prefix_path.ps1'
[1.592s] [34mcolcon.colcon_core.shell[0m [1;30mINFO[0m Creating environment descriptor '/home/jason/Desktop/STUDY/ART-Driver/workspace/install/tcp_cam_sender/share/tcp_cam_sender/hook/ament_prefix_path.dsv'
[1.592s] [34mcolcon.colcon_core.shell[0m [1;30mINFO[0m Creating environment hook '/home/jason/Desktop/STUDY/ART-Driver/workspace/install/tcp_cam_sender/share/tcp_cam_sender/hook/ament_prefix_path.sh'
[1.606s] [34mcolcon.colcon_core.shell[0m [1;30mINFO[0m Skip shell extension 'powershell' for command environment: Not usable outside of PowerShell
[1.606s] [34mcolcon.colcon_core.shell[0m [1;30mDEBUG[0m [32mSkip shell extension 'dsv' for command environment[0m
[1.636s] [34mcolcon.colcon_ros.task.ament_python.build[0m [1;30mINFO[0m Building ROS package in '/home/jason/Desktop/STUDY/ART-Driver/workspace/src/udp_to_ros' with build type 'ament_python'
[1.636s] [34mcolcon.colcon_core.shell[0m [1;30mLevel 1[0m create_environment_hook('udp_to_ros', 'ament_prefix_path')
[1.651s] [34mcolcon.colcon_core.shell[0m [1;30mINFO[0m Creating environment hook '/home/jason/Desktop/STUDY/ART-Driver/workspace/install/udp_to_ros/share/udp_to_ros/hook/ament_prefix_path.ps1'
[1.651s] [34mcolcon.colcon_core.shell[0m [1;30mINFO[0m Creating environment descriptor '/home/jason/Desktop/STUDY/ART-Driver/workspace/install/udp_to_ros/share/udp_to_ros/hook/ament_prefix_path.dsv'
[1.651s] [34mcolcon.colcon_core.shell[0m [1;30mINFO[0m Creating environment hook '/home/jason/Desktop/STUDY/ART-Driver/workspace/install/udp_to_ros/share/udp_to_ros/hook/ament_prefix_path.sh'
[1.666s] [34mcolcon.colcon_core.shell[0m [1;30mINFO[0m Skip shell extension 'powershell' for command environment: Not usable outside of PowerShell
[1.666s] [34mcolcon.colcon_core.shell[0m [1;30mDEBUG[0m [32mSkip shell extension 'dsv' for command environment[0m
[1.699s] [34mcolcon.colcon_core.event_handler.log_command[0m [1;30mDEBUG[0m [32mInvoking command in '/home/jason/Desktop/STUDY/ART-Driver/workspace/build/rosapi_msgs': CMAKE_PREFIX_PATH=/opt/ros/iron /home/jason/.local/bin/cmake /home/jason/Desktop/STUDY/ART-Driver/workspace/src/rosbridge_suite/rosapi_msgs -DCMAKE_INSTALL_PREFIX=/home/jason/Desktop/STUDY/ART-Driver/workspace/install/rosapi_msgs[0m
[1.702s] [34mcolcon.colcon_core.event_handler.log_command[0m [1;30mDEBUG[0m [32mInvoking command in '/home/jason/Desktop/STUDY/ART-Driver/workspace/build/rosbridge_msgs': CMAKE_PREFIX_PATH=/opt/ros/iron /home/jason/.local/bin/cmake /home/jason/Desktop/STUDY/ART-Driver/workspace/src/rosbridge_suite/rosbridge_msgs -DCMAKE_INSTALL_PREFIX=/home/jason/Desktop/STUDY/ART-Driver/workspace/install/rosbridge_msgs[0m
[1.702s] [34mcolcon.colcon_core.event_handler.log_command[0m [1;30mDEBUG[0m [32mInvoking command in '/home/jason/Desktop/STUDY/ART-Driver/workspace/build/rosbridge_test_msgs': CMAKE_PREFIX_PATH=/opt/ros/iron /home/jason/.local/bin/cmake /home/jason/Desktop/STUDY/ART-Driver/workspace/src/rosbridge_suite/rosbridge_test_msgs -DCMAKE_INSTALL_PREFIX=/home/jason/Desktop/STUDY/ART-Driver/workspace/install/rosbridge_test_msgs[0m
[1.864s] [34mcolcon.colcon_core.task.python.build[0m [1;30mINFO[0m Building Python package in '/home/jason/Desktop/STUDY/ART-Driver/workspace/src/common'
[1.880s] [34mcolcon.colcon_core.shell[0m [1;30mINFO[0m Skip shell extension 'powershell' for command environment: Not usable outside of PowerShell
[1.880s] [34mcolcon.colcon_core.shell[0m [1;30mDEBUG[0m [32mSkip shell extension 'dsv' for command environment[0m
[2.073s] [34mcolcon.colcon_core.task.python.build[0m [1;30mINFO[0m Building Python package in '/home/jason/Desktop/STUDY/ART-Driver/workspace/src/tcp_cam_sender'
[2.089s] [34mcolcon.colcon_core.shell[0m [1;30mINFO[0m Skip shell extension 'powershell' for command environment: Not usable outside of PowerShell
[2.089s] [34mcolcon.colcon_core.shell[0m [1;30mDEBUG[0m [32mSkip shell extension 'dsv' for command environment[0m
[2.283s] [34mcolcon.colcon_core.task.python.build[0m [1;30mINFO[0m Building Python package in '/home/jason/Desktop/STUDY/ART-Driver/workspace/src/udp_to_ros'
[2.298s] [34mcolcon.colcon_core.shell[0m [1;30mINFO[0m Skip shell extension 'powershell' for command environment: Not usable outside of PowerShell
[2.298s] [34mcolcon.colcon_core.shell[0m [1;30mDEBUG[0m [32mSkip shell extension 'dsv' for command environment[0m
[2.856s] [34mcolcon.colcon_core.event_handler.log_command[0m [1;30mDEBUG[0m [32mInvoking command in '/home/jason/Desktop/STUDY/ART-Driver/workspace/src/tcp_cam_sender': PYTHONPATH=/home/jason/Desktop/STUDY/ART-Driver/workspace/build/tcp_cam_sender/prefix_override:/home/jason/Desktop/STUDY/ART-Driver/workspace/install/tcp_cam_sender/lib/python3.10/site-packages:${PYTHONPATH} /usr/bin/python3 setup.py egg_info --egg-base ../../build/tcp_cam_sender build --build-base /home/jason/Desktop/STUDY/ART-Driver/workspace/build/tcp_cam_sender/build install --record /home/jason/Desktop/STUDY/ART-Driver/workspace/build/tcp_cam_sender/install.log --single-version-externally-managed[0m
[2.865s] [34mcolcon.colcon_core.event_handler.log_command[0m [1;30mDEBUG[0m [32mInvoking command in '/home/jason/Desktop/STUDY/ART-Driver/workspace/src/common': PYTHONPATH=/home/jason/Desktop/STUDY/ART-Driver/workspace/build/common/prefix_override:/home/jason/Desktop/STUDY/ART-Driver/workspace/install/common/lib/python3.10/site-packages:${PYTHONPATH} /usr/bin/python3 setup.py egg_info --egg-base ../../build/common build --build-base /home/jason/Desktop/STUDY/ART-Driver/workspace/build/common/build install --record /home/jason/Desktop/STUDY/ART-Driver/workspace/build/common/install.log --single-version-externally-managed[0m
[2.873s] [34mcolcon.colcon_core.event_handler.log_command[0m [1;30mDEBUG[0m [32mInvoking command in '/home/jason/Desktop/STUDY/ART-Driver/workspace/src/udp_to_ros': PYTHONPATH=/home/jason/Desktop/STUDY/ART-Driver/workspace/build/udp_to_ros/prefix_override:/home/jason/Desktop/STUDY/ART-Driver/workspace/install/udp_to_ros/lib/python3.10/site-packages:${PYTHONPATH} /usr/bin/python3 setup.py egg_info --egg-base ../../build/udp_to_ros build --build-base /home/jason/Desktop/STUDY/ART-Driver/workspace/build/udp_to_ros/build install --record /home/jason/Desktop/STUDY/ART-Driver/workspace/build/udp_to_ros/install.log --single-version-externally-managed[0m
[3.152s] [34mcolcon.colcon_core.event_handler.log_command[0m [1;30mDEBUG[0m [32mInvoked command in '/home/jason/Desktop/STUDY/ART-Driver/workspace/src/common' returned '1': PYTHONPATH=/home/jason/Desktop/STUDY/ART-Driver/workspace/build/common/prefix_override:/home/jason/Desktop/STUDY/ART-Driver/workspace/install/common/lib/python3.10/site-packages:${PYTHONPATH} /usr/bin/python3 setup.py egg_info --egg-base ../../build/common build --build-base /home/jason/Desktop/STUDY/ART-Driver/workspace/build/common/build install --record /home/jason/Desktop/STUDY/ART-Driver/workspace/build/common/install.log --single-version-externally-managed[0m
[4.351s] [34mcolcon.colcon_parallel_executor.executor.parallel[0m [1;30mDEBUG[0m [32mclosing loop[0m
[4.351s] [34mcolcon.colcon_parallel_executor.executor.parallel[0m [1;30mDEBUG[0m [32mloop closed[0m
[4.351s] [34mcolcon.colcon_parallel_executor.executor.parallel[0m [1;30mDEBUG[0m [32mrun_until_complete finished with '1'[0m
[4.351s] [34mcolcon.colcon_core.event_reactor[0m [1;30mDEBUG[0m [32mjoining thread[0m
[4.369s] [34mcolcon.colcon_core.plugin_system[0m [1;30mINFO[0m Skipping extension 'colcon_notification.desktop_notification.terminal_notifier': Not used on non-Darwin systems
[4.369s] [34mcolcon.colcon_core.plugin_system[0m [1;30mINFO[0m Skipping extension 'colcon_notification.desktop_notification.win32': Not used on non-Windows systems
[4.369s] [34mcolcon.colcon_notification.desktop_notification[0m [1;30mINFO[0m Sending desktop notification using 'notify2'
[4.378s] [34mcolcon.colcon_core.event_reactor[0m [1;30mDEBUG[0m [32mjoined thread[0m
[4.393s] [34mcolcon.colcon_core.shell[0m [1;30mINFO[0m Creating prefix script '/home/jason/Desktop/STUDY/ART-Driver/workspace/install/local_setup.ps1'
[4.394s] [34mcolcon.colcon_core.shell[0m [1;30mINFO[0m Creating prefix util module '/home/jason/Desktop/STUDY/ART-Driver/workspace/install/_local_setup_util_ps1.py'
[4.395s] [34mcolcon.colcon_core.shell[0m [1;30mINFO[0m Creating prefix chain script '/home/jason/Desktop/STUDY/ART-Driver/workspace/install/setup.ps1'
[4.410s] [34mcolcon.colcon_core.shell[0m [1;30mINFO[0m Creating prefix script '/home/jason/Desktop/STUDY/ART-Driver/workspace/install/local_setup.sh'
[4.410s] [34mcolcon.colcon_core.shell[0m [1;30mINFO[0m Creating prefix util module '/home/jason/Desktop/STUDY/ART-Driver/workspace/install/_local_setup_util_sh.py'
[4.411s] [34mcolcon.colcon_core.shell[0m [1;30mINFO[0m Creating prefix chain script '/home/jason/Desktop/STUDY/ART-Driver/workspace/install/setup.sh'
[4.426s] [34mcolcon.colcon_core.shell[0m [1;30mINFO[0m Creating prefix script '/home/jason/Desktop/STUDY/ART-Driver/workspace/install/local_setup.bash'
[4.426s] [34mcolcon.colcon_core.shell[0m [1;30mINFO[0m Creating prefix chain script '/home/jason/Desktop/STUDY/ART-Driver/workspace/install/setup.bash'
[4.441s] [34mcolcon.colcon_core.shell[0m [1;30mINFO[0m Creating prefix script '/home/jason/Desktop/STUDY/ART-Driver/workspace/install/local_setup.zsh'
[4.441s] [34mcolcon.colcon_core.shell[0m [1;30mINFO[0m Creating prefix chain script '/home/jason/Desktop/STUDY/ART-Driver/workspace/install/setup.zsh'
