[0.048s] Invoking command in '/home/jason/Desktop/STUDY/ART-Driver/workspace/build/rosapi': AMENT_PREFIX_PATH=/home/jason/Desktop/STUDY/ART-Driver/workspace/install/rosbridge_library:/home/jason/Desktop/STUDY/ART-Driver/workspace/install/rosapi_msgs:${AMENT_PREFIX_PATH} CMAKE_PREFIX_PATH=/home/jason/Desktop/STUDY/ART-Driver/workspace/install/rosbridge_library:/home/jason/Desktop/STUDY/ART-Driver/workspace/install/rosapi_msgs:/opt/ros/iron LD_LIBRARY_PATH=/home/jason/Desktop/STUDY/ART-Driver/workspace/install/rosapi_msgs/lib:${LD_LIBRARY_PATH} PYTHONPATH=/home/jason/Desktop/STUDY/ART-Driver/workspace/install/rosbridge_library/lib/python3.10/site-packages:/home/jason/Desktop/STUDY/ART-Driver/workspace/install/rosapi_msgs/lib/python3.10/site-packages:${PYTHONPATH} /home/jason/.local/bin/cmake /home/jason/Desktop/STUDY/ART-Driver/workspace/src/rosbridge_suite/rosapi -DCMAKE_INSTALL_PREFIX=/home/jason/Desktop/STUDY/ART-Driver/workspace/install/rosapi
[0.097s] -- The C compiler identification is GNU 11.4.0
[0.135s] -- The CXX compiler identification is GNU 11.4.0
[0.145s] -- Detecting C compiler ABI info
[0.183s] -- Detecting C compiler ABI info - done
[0.193s] -- Check for working C compiler: /usr/bin/cc - skipped
[0.193s] -- Detecting C compile features
[0.193s] -- Detecting C compile features - done
[0.200s] -- Detecting CXX compiler ABI info
[0.245s] -- Detecting CXX compiler ABI info - done
[0.255s] -- Check for working CXX compiler: /usr/bin/c++ - skipped
[0.255s] -- Detecting CXX compile features
[0.256s] -- Detecting CXX compile features - done
[0.257s] -- Found ament_cmake_ros: 0.11.2 (/opt/ros/iron/share/ament_cmake_ros/cmake)
[0.580s] -- Found Python3: /usr/bin/python3.10 (found version "3.10.12") found components: Interpreter 
[0.968s] -- Configuring done (0.9s)
[0.971s] -- Generating done (0.0s)
[0.972s] -- Build files have been written to: /home/jason/Desktop/STUDY/ART-Driver/workspace/build/rosapi
[0.978s] Invoked command in '/home/jason/Desktop/STUDY/ART-Driver/workspace/build/rosapi' returned '0': AMENT_PREFIX_PATH=/home/jason/Desktop/STUDY/ART-Driver/workspace/install/rosbridge_library:/home/jason/Desktop/STUDY/ART-Driver/workspace/install/rosapi_msgs:${AMENT_PREFIX_PATH} CMAKE_PREFIX_PATH=/home/jason/Desktop/STUDY/ART-Driver/workspace/install/rosbridge_library:/home/jason/Desktop/STUDY/ART-Driver/workspace/install/rosapi_msgs:/opt/ros/iron LD_LIBRARY_PATH=/home/jason/Desktop/STUDY/ART-Driver/workspace/install/rosapi_msgs/lib:${LD_LIBRARY_PATH} PYTHONPATH=/home/jason/Desktop/STUDY/ART-Driver/workspace/install/rosbridge_library/lib/python3.10/site-packages:/home/jason/Desktop/STUDY/ART-Driver/workspace/install/rosapi_msgs/lib/python3.10/site-packages:${PYTHONPATH} /home/jason/.local/bin/cmake /home/jason/Desktop/STUDY/ART-Driver/workspace/src/rosbridge_suite/rosapi -DCMAKE_INSTALL_PREFIX=/home/jason/Desktop/STUDY/ART-Driver/workspace/install/rosapi
[0.979s] Invoking command in '/home/jason/Desktop/STUDY/ART-Driver/workspace/build/rosapi': AMENT_PREFIX_PATH=/home/jason/Desktop/STUDY/ART-Driver/workspace/install/rosbridge_library:/home/jason/Desktop/STUDY/ART-Driver/workspace/install/rosapi_msgs:${AMENT_PREFIX_PATH} CMAKE_PREFIX_PATH=/home/jason/Desktop/STUDY/ART-Driver/workspace/install/rosbridge_library:/home/jason/Desktop/STUDY/ART-Driver/workspace/install/rosapi_msgs:/opt/ros/iron LD_LIBRARY_PATH=/home/jason/Desktop/STUDY/ART-Driver/workspace/install/rosapi_msgs/lib:${LD_LIBRARY_PATH} PYTHONPATH=/home/jason/Desktop/STUDY/ART-Driver/workspace/install/rosbridge_library/lib/python3.10/site-packages:/home/jason/Desktop/STUDY/ART-Driver/workspace/install/rosapi_msgs/lib/python3.10/site-packages:${PYTHONPATH} /home/jason/.local/bin/cmake --build /home/jason/Desktop/STUDY/ART-Driver/workspace/build/rosapi -- -j16 -l16
[1.011s] Built target ament_cmake_python_copy_rosapi
[1.170s] running egg_info
[1.171s] creating rosapi.egg-info
[1.186s] writing rosapi.egg-info/PKG-INFO
[1.186s] writing dependency_links to rosapi.egg-info/dependency_links.txt
[1.186s] writing top-level names to rosapi.egg-info/top_level.txt
[1.186s] writing manifest file 'rosapi.egg-info/SOURCES.txt'
[1.231s] reading manifest file 'rosapi.egg-info/SOURCES.txt'
[1.231s] writing manifest file 'rosapi.egg-info/SOURCES.txt'
[1.244s] Built target ament_cmake_python_build_rosapi_egg
[1.250s] Invoked command in '/home/jason/Desktop/STUDY/ART-Driver/workspace/build/rosapi' returned '0': AMENT_PREFIX_PATH=/home/jason/Desktop/STUDY/ART-Driver/workspace/install/rosbridge_library:/home/jason/Desktop/STUDY/ART-Driver/workspace/install/rosapi_msgs:${AMENT_PREFIX_PATH} CMAKE_PREFIX_PATH=/home/jason/Desktop/STUDY/ART-Driver/workspace/install/rosbridge_library:/home/jason/Desktop/STUDY/ART-Driver/workspace/install/rosapi_msgs:/opt/ros/iron LD_LIBRARY_PATH=/home/jason/Desktop/STUDY/ART-Driver/workspace/install/rosapi_msgs/lib:${LD_LIBRARY_PATH} PYTHONPATH=/home/jason/Desktop/STUDY/ART-Driver/workspace/install/rosbridge_library/lib/python3.10/site-packages:/home/jason/Desktop/STUDY/ART-Driver/workspace/install/rosapi_msgs/lib/python3.10/site-packages:${PYTHONPATH} /home/jason/.local/bin/cmake --build /home/jason/Desktop/STUDY/ART-Driver/workspace/build/rosapi -- -j16 -l16
[1.280s] Invoking command in '/home/jason/Desktop/STUDY/ART-Driver/workspace/build/rosapi': AMENT_PREFIX_PATH=/home/jason/Desktop/STUDY/ART-Driver/workspace/install/rosbridge_library:/home/jason/Desktop/STUDY/ART-Driver/workspace/install/rosapi_msgs:${AMENT_PREFIX_PATH} CMAKE_PREFIX_PATH=/home/jason/Desktop/STUDY/ART-Driver/workspace/install/rosbridge_library:/home/jason/Desktop/STUDY/ART-Driver/workspace/install/rosapi_msgs:/opt/ros/iron LD_LIBRARY_PATH=/home/jason/Desktop/STUDY/ART-Driver/workspace/install/rosapi_msgs/lib:${LD_LIBRARY_PATH} PYTHONPATH=/home/jason/Desktop/STUDY/ART-Driver/workspace/install/rosbridge_library/lib/python3.10/site-packages:/home/jason/Desktop/STUDY/ART-Driver/workspace/install/rosapi_msgs/lib/python3.10/site-packages:${PYTHONPATH} /home/jason/.local/bin/cmake --install /home/jason/Desktop/STUDY/ART-Driver/workspace/build/rosapi
[1.299s] -- Install configuration: ""
[1.299s] -- Installing: /home/jason/Desktop/STUDY/ART-Driver/workspace/install/rosapi/share/rosapi/environment/pythonpath.sh
[1.299s] -- Installing: /home/jason/Desktop/STUDY/ART-Driver/workspace/install/rosapi/share/rosapi/environment/pythonpath.dsv
[1.299s] -- Installing: /home/jason/Desktop/STUDY/ART-Driver/workspace/install/rosapi/lib/python3.10/site-packages/rosapi-1.3.1-py3.10.egg-info
[1.299s] -- Installing: /home/jason/Desktop/STUDY/ART-Driver/workspace/install/rosapi/lib/python3.10/site-packages/rosapi-1.3.1-py3.10.egg-info/top_level.txt
[1.299s] -- Installing: /home/jason/Desktop/STUDY/ART-Driver/workspace/install/rosapi/lib/python3.10/site-packages/rosapi-1.3.1-py3.10.egg-info/dependency_links.txt
[1.299s] -- Installing: /home/jason/Desktop/STUDY/ART-Driver/workspace/install/rosapi/lib/python3.10/site-packages/rosapi-1.3.1-py3.10.egg-info/SOURCES.txt
[1.299s] -- Installing: /home/jason/Desktop/STUDY/ART-Driver/workspace/install/rosapi/lib/python3.10/site-packages/rosapi-1.3.1-py3.10.egg-info/PKG-INFO
[1.300s] -- Installing: /home/jason/Desktop/STUDY/ART-Driver/workspace/install/rosapi/lib/python3.10/site-packages/rosapi
[1.300s] -- Installing: /home/jason/Desktop/STUDY/ART-Driver/workspace/install/rosapi/lib/python3.10/site-packages/rosapi/stringify_field_types.py
[1.300s] -- Installing: /home/jason/Desktop/STUDY/ART-Driver/workspace/install/rosapi/lib/python3.10/site-packages/rosapi/params.py
[1.300s] -- Installing: /home/jason/Desktop/STUDY/ART-Driver/workspace/install/rosapi/lib/python3.10/site-packages/rosapi/__init__.py
[1.300s] -- Installing: /home/jason/Desktop/STUDY/ART-Driver/workspace/install/rosapi/lib/python3.10/site-packages/rosapi/glob_helper.py
[1.300s] -- Installing: /home/jason/Desktop/STUDY/ART-Driver/workspace/install/rosapi/lib/python3.10/site-packages/rosapi/proxy.py
[1.300s] -- Installing: /home/jason/Desktop/STUDY/ART-Driver/workspace/install/rosapi/lib/python3.10/site-packages/rosapi/objectutils.py
[1.326s] Listing '/home/jason/Desktop/STUDY/ART-Driver/workspace/install/rosapi/lib/python3.10/site-packages/rosapi'...
[1.326s] Compiling '/home/jason/Desktop/STUDY/ART-Driver/workspace/install/rosapi/lib/python3.10/site-packages/rosapi/__init__.py'...
[1.326s] Compiling '/home/jason/Desktop/STUDY/ART-Driver/workspace/install/rosapi/lib/python3.10/site-packages/rosapi/glob_helper.py'...
[1.326s] Compiling '/home/jason/Desktop/STUDY/ART-Driver/workspace/install/rosapi/lib/python3.10/site-packages/rosapi/objectutils.py'...
[1.326s] Compiling '/home/jason/Desktop/STUDY/ART-Driver/workspace/install/rosapi/lib/python3.10/site-packages/rosapi/params.py'...
[1.326s] Compiling '/home/jason/Desktop/STUDY/ART-Driver/workspace/install/rosapi/lib/python3.10/site-packages/rosapi/proxy.py'...
[1.326s] Compiling '/home/jason/Desktop/STUDY/ART-Driver/workspace/install/rosapi/lib/python3.10/site-packages/rosapi/stringify_field_types.py'...
[1.329s] -- Installing: /home/jason/Desktop/STUDY/ART-Driver/workspace/install/rosapi/share/ament_index/resource_index/package_run_dependencies/rosapi
[1.329s] -- Installing: /home/jason/Desktop/STUDY/ART-Driver/workspace/install/rosapi/share/ament_index/resource_index/parent_prefix_path/rosapi
[1.329s] -- Installing: /home/jason/Desktop/STUDY/ART-Driver/workspace/install/rosapi/share/rosapi/environment/ament_prefix_path.sh
[1.329s] -- Installing: /home/jason/Desktop/STUDY/ART-Driver/workspace/install/rosapi/share/rosapi/environment/ament_prefix_path.dsv
[1.330s] -- Installing: /home/jason/Desktop/STUDY/ART-Driver/workspace/install/rosapi/share/rosapi/environment/path.sh
[1.330s] -- Installing: /home/jason/Desktop/STUDY/ART-Driver/workspace/install/rosapi/share/rosapi/environment/path.dsv
[1.330s] -- Installing: /home/jason/Desktop/STUDY/ART-Driver/workspace/install/rosapi/share/rosapi/local_setup.bash
[1.330s] -- Installing: /home/jason/Desktop/STUDY/ART-Driver/workspace/install/rosapi/share/rosapi/local_setup.sh
[1.330s] -- Installing: /home/jason/Desktop/STUDY/ART-Driver/workspace/install/rosapi/share/rosapi/local_setup.zsh
[1.330s] -- Installing: /home/jason/Desktop/STUDY/ART-Driver/workspace/install/rosapi/share/rosapi/local_setup.dsv
[1.330s] -- Installing: /home/jason/Desktop/STUDY/ART-Driver/workspace/install/rosapi/share/rosapi/package.dsv
[1.330s] -- Installing: /home/jason/Desktop/STUDY/ART-Driver/workspace/install/rosapi/share/ament_index/resource_index/packages/rosapi
[1.330s] -- Installing: /home/jason/Desktop/STUDY/ART-Driver/workspace/install/rosapi/share/rosapi/cmake/rosapiConfig.cmake
[1.330s] -- Installing: /home/jason/Desktop/STUDY/ART-Driver/workspace/install/rosapi/share/rosapi/cmake/rosapiConfig-version.cmake
[1.331s] -- Installing: /home/jason/Desktop/STUDY/ART-Driver/workspace/install/rosapi/share/rosapi/package.xml
[1.331s] -- Installing: /home/jason/Desktop/STUDY/ART-Driver/workspace/install/rosapi/lib/rosapi/rosapi_node
[1.331s] -- Installing: /home/jason/Desktop/STUDY/ART-Driver/workspace/install/rosapi/share/rosapi/mapping_rules.yaml
[1.335s] Invoked command in '/home/jason/Desktop/STUDY/ART-Driver/workspace/build/rosapi' returned '0': AMENT_PREFIX_PATH=/home/jason/Desktop/STUDY/ART-Driver/workspace/install/rosbridge_library:/home/jason/Desktop/STUDY/ART-Driver/workspace/install/rosapi_msgs:${AMENT_PREFIX_PATH} CMAKE_PREFIX_PATH=/home/jason/Desktop/STUDY/ART-Driver/workspace/install/rosbridge_library:/home/jason/Desktop/STUDY/ART-Driver/workspace/install/rosapi_msgs:/opt/ros/iron LD_LIBRARY_PATH=/home/jason/Desktop/STUDY/ART-Driver/workspace/install/rosapi_msgs/lib:${LD_LIBRARY_PATH} PYTHONPATH=/home/jason/Desktop/STUDY/ART-Driver/workspace/install/rosbridge_library/lib/python3.10/site-packages:/home/jason/Desktop/STUDY/ART-Driver/workspace/install/rosapi_msgs/lib/python3.10/site-packages:${PYTHONPATH} /home/jason/.local/bin/cmake --install /home/jason/Desktop/STUDY/ART-Driver/workspace/build/rosapi
