[1.487s] Invoking command in '/home/jason/Desktop/STUDY/ART-Driver/workspace/src/udp_to_ros': PYTHONPATH=/home/jason/Desktop/STUDY/ART-Driver/workspace/build/udp_to_ros/prefix_override:/home/jason/Desktop/STUDY/ART-Driver/workspace/install/udp_to_ros/lib/python3.10/site-packages:${PYTHONPATH} /usr/bin/python3 setup.py egg_info --egg-base ../../build/udp_to_ros build --build-base /home/jason/Desktop/STUDY/ART-Driver/workspace/build/udp_to_ros/build install --record /home/jason/Desktop/STUDY/ART-Driver/workspace/build/udp_to_ros/install.log --single-version-externally-managed
[1.731s] running egg_info
[1.753s] writing ../../build/udp_to_ros/udp_to_ros.egg-info/PKG-INFO
[1.753s] writing dependency_links to ../../build/udp_to_ros/udp_to_ros.egg-info/dependency_links.txt
[1.753s] writing entry points to ../../build/udp_to_ros/udp_to_ros.egg-info/entry_points.txt
[1.753s] writing requirements to ../../build/udp_to_ros/udp_to_ros.egg-info/requires.txt
[1.753s] writing top-level names to ../../build/udp_to_ros/udp_to_ros.egg-info/top_level.txt
[1.786s] reading manifest file '../../build/udp_to_ros/udp_to_ros.egg-info/SOURCES.txt'
[1.787s] writing manifest file '../../build/udp_to_ros/udp_to_ros.egg-info/SOURCES.txt'
[1.787s] running build
[1.787s] running build_py
[1.787s] copying udp_to_ros/udp_listener_node.py -> /home/jason/Desktop/STUDY/ART-Driver/workspace/build/udp_to_ros/build/lib/udp_to_ros
[1.787s] running install
[1.788s] /home/jason/.local/lib/python3.10/site-packages/setuptools/_distutils/cmd.py:66: SetuptoolsDeprecationWarning: setup.py install is deprecated.
[1.788s] !!
[1.788s] 
[1.788s]         ********************************************************************************
[1.788s]         Please avoid running ``setup.py`` directly.
[1.788s]         Instead, use pypa/build, pypa/installer or other
[1.788s]         standards-based tools.
[1.788s] 
[1.788s]         See https://blog.ganssle.io/articles/2021/10/setup-py-deprecated.html for details.
[1.788s]         ********************************************************************************
[1.788s] 
[1.788s] !!
[1.788s]   self.initialize_options()
[1.792s] running install_lib
[1.810s] copying /home/jason/Desktop/STUDY/ART-Driver/workspace/build/udp_to_ros/build/lib/udp_to_ros/udp_listener_node.py -> /home/jason/Desktop/STUDY/ART-Driver/workspace/install/udp_to_ros/lib/python3.10/site-packages/udp_to_ros
[1.810s] byte-compiling /home/jason/Desktop/STUDY/ART-Driver/workspace/install/udp_to_ros/lib/python3.10/site-packages/udp_to_ros/udp_listener_node.py to udp_listener_node.cpython-310.pyc
[1.811s] running install_data
[1.830s] running install_egg_info
[1.847s] removing '/home/jason/Desktop/STUDY/ART-Driver/workspace/install/udp_to_ros/lib/python3.10/site-packages/udp_to_ros-0.0.0-py3.10.egg-info' (and everything under it)
[1.847s] Copying ../../build/udp_to_ros/udp_to_ros.egg-info to /home/jason/Desktop/STUDY/ART-Driver/workspace/install/udp_to_ros/lib/python3.10/site-packages/udp_to_ros-0.0.0-py3.10.egg-info
[1.848s] running install_scripts
[2.000s] Installing udp_listener script to /home/jason/Desktop/STUDY/ART-Driver/workspace/install/udp_to_ros/lib/udp_to_ros
[2.000s] writing list of installed files to '/home/jason/Desktop/STUDY/ART-Driver/workspace/build/udp_to_ros/install.log'
[2.172s] Invoked command in '/home/jason/Desktop/STUDY/ART-Driver/workspace/src/udp_to_ros' returned '0': PYTHONPATH=/home/jason/Desktop/STUDY/ART-Driver/workspace/build/udp_to_ros/prefix_override:/home/jason/Desktop/STUDY/ART-Driver/workspace/install/udp_to_ros/lib/python3.10/site-packages:${PYTHONPATH} /usr/bin/python3 setup.py egg_info --egg-base ../../build/udp_to_ros build --build-base /home/jason/Desktop/STUDY/ART-Driver/workspace/build/udp_to_ros/build install --record /home/jason/Desktop/STUDY/ART-Driver/workspace/build/udp_to_ros/install.log --single-version-externally-managed
