[0.050s] Invoking command in '/home/jason/Desktop/STUDY/ART-Driver/workspace/build/rosbridge_library': AMENT_PREFIX_PATH=/home/jason/Desktop/STUDY/ART-Driver/workspace/install/rosbridge_test_msgs:${AMENT_PREFIX_PATH} CMAKE_PREFIX_PATH=/home/jason/Desktop/STUDY/ART-Driver/workspace/install/rosbridge_test_msgs:/opt/ros/iron LD_LIBRARY_PATH=/home/jason/Desktop/STUDY/ART-Driver/workspace/install/rosbridge_test_msgs/lib:${LD_LIBRARY_PATH} PYTHONPATH=/home/jason/Desktop/STUDY/ART-Driver/workspace/install/rosbridge_test_msgs/lib/python3.10/site-packages:${PYTHONPATH} /home/jason/.local/bin/cmake /home/jason/Desktop/STUDY/ART-Driver/workspace/src/rosbridge_suite/rosbridge_library -DCMAKE_INSTALL_PREFIX=/home/jason/Desktop/STUDY/ART-Driver/workspace/install/rosbridge_library
[0.100s] -- The C compiler identification is GNU 11.4.0
[0.141s] -- The CXX compiler identification is GNU 11.4.0
[0.152s] -- Detecting C compiler ABI info
[0.193s] -- Detecting C compiler ABI info - done
[0.203s] -- Check for working C compiler: /usr/bin/cc - skipped
[0.203s] -- Detecting C compile features
[0.204s] -- Detecting C compile features - done
[0.210s] -- Detecting CXX compiler ABI info
[0.257s] -- Detecting CXX compiler ABI info - done
[0.268s] -- Check for working CXX compiler: /usr/bin/c++ - skipped
[0.268s] -- Detecting CXX compile features
[0.268s] -- Detecting CXX compile features - done
[0.270s] -- Found ament_cmake_ros: 0.11.2 (/opt/ros/iron/share/ament_cmake_ros/cmake)
[0.603s] -- Found Python3: /usr/bin/python3.10 (found version "3.10.12") found components: Interpreter 
[1.201s] -- Configuring done (1.1s)
[1.204s] -- Generating done (0.0s)
[1.205s] -- Build files have been written to: /home/jason/Desktop/STUDY/ART-Driver/workspace/build/rosbridge_library
[1.211s] Invoked command in '/home/jason/Desktop/STUDY/ART-Driver/workspace/build/rosbridge_library' returned '0': AMENT_PREFIX_PATH=/home/jason/Desktop/STUDY/ART-Driver/workspace/install/rosbridge_test_msgs:${AMENT_PREFIX_PATH} CMAKE_PREFIX_PATH=/home/jason/Desktop/STUDY/ART-Driver/workspace/install/rosbridge_test_msgs:/opt/ros/iron LD_LIBRARY_PATH=/home/jason/Desktop/STUDY/ART-Driver/workspace/install/rosbridge_test_msgs/lib:${LD_LIBRARY_PATH} PYTHONPATH=/home/jason/Desktop/STUDY/ART-Driver/workspace/install/rosbridge_test_msgs/lib/python3.10/site-packages:${PYTHONPATH} /home/jason/.local/bin/cmake /home/jason/Desktop/STUDY/ART-Driver/workspace/src/rosbridge_suite/rosbridge_library -DCMAKE_INSTALL_PREFIX=/home/jason/Desktop/STUDY/ART-Driver/workspace/install/rosbridge_library
[1.212s] Invoking command in '/home/jason/Desktop/STUDY/ART-Driver/workspace/build/rosbridge_library': AMENT_PREFIX_PATH=/home/jason/Desktop/STUDY/ART-Driver/workspace/install/rosbridge_test_msgs:${AMENT_PREFIX_PATH} CMAKE_PREFIX_PATH=/home/jason/Desktop/STUDY/ART-Driver/workspace/install/rosbridge_test_msgs:/opt/ros/iron LD_LIBRARY_PATH=/home/jason/Desktop/STUDY/ART-Driver/workspace/install/rosbridge_test_msgs/lib:${LD_LIBRARY_PATH} PYTHONPATH=/home/jason/Desktop/STUDY/ART-Driver/workspace/install/rosbridge_test_msgs/lib/python3.10/site-packages:${PYTHONPATH} /home/jason/.local/bin/cmake --build /home/jason/Desktop/STUDY/ART-Driver/workspace/build/rosbridge_library -- -j16 -l16
[1.245s] Built target ament_cmake_python_copy_rosbridge_library
[1.400s] running egg_info
[1.401s] creating rosbridge_library.egg-info
[1.416s] writing rosbridge_library.egg-info/PKG-INFO
[1.416s] writing dependency_links to rosbridge_library.egg-info/dependency_links.txt
[1.416s] writing top-level names to rosbridge_library.egg-info/top_level.txt
[1.416s] writing manifest file 'rosbridge_library.egg-info/SOURCES.txt'
[1.461s] reading manifest file 'rosbridge_library.egg-info/SOURCES.txt'
[1.462s] writing manifest file 'rosbridge_library.egg-info/SOURCES.txt'
[1.475s] Built target ament_cmake_python_build_rosbridge_library_egg
[1.481s] Invoked command in '/home/jason/Desktop/STUDY/ART-Driver/workspace/build/rosbridge_library' returned '0': AMENT_PREFIX_PATH=/home/jason/Desktop/STUDY/ART-Driver/workspace/install/rosbridge_test_msgs:${AMENT_PREFIX_PATH} CMAKE_PREFIX_PATH=/home/jason/Desktop/STUDY/ART-Driver/workspace/install/rosbridge_test_msgs:/opt/ros/iron LD_LIBRARY_PATH=/home/jason/Desktop/STUDY/ART-Driver/workspace/install/rosbridge_test_msgs/lib:${LD_LIBRARY_PATH} PYTHONPATH=/home/jason/Desktop/STUDY/ART-Driver/workspace/install/rosbridge_test_msgs/lib/python3.10/site-packages:${PYTHONPATH} /home/jason/.local/bin/cmake --build /home/jason/Desktop/STUDY/ART-Driver/workspace/build/rosbridge_library -- -j16 -l16
[1.511s] Invoking command in '/home/jason/Desktop/STUDY/ART-Driver/workspace/build/rosbridge_library': AMENT_PREFIX_PATH=/home/jason/Desktop/STUDY/ART-Driver/workspace/install/rosbridge_test_msgs:${AMENT_PREFIX_PATH} CMAKE_PREFIX_PATH=/home/jason/Desktop/STUDY/ART-Driver/workspace/install/rosbridge_test_msgs:/opt/ros/iron LD_LIBRARY_PATH=/home/jason/Desktop/STUDY/ART-Driver/workspace/install/rosbridge_test_msgs/lib:${LD_LIBRARY_PATH} PYTHONPATH=/home/jason/Desktop/STUDY/ART-Driver/workspace/install/rosbridge_test_msgs/lib/python3.10/site-packages:${PYTHONPATH} /home/jason/.local/bin/cmake --install /home/jason/Desktop/STUDY/ART-Driver/workspace/build/rosbridge_library
[1.530s] -- Install configuration: ""
[1.530s] -- Installing: /home/jason/Desktop/STUDY/ART-Driver/workspace/install/rosbridge_library/share/rosbridge_library/environment/pythonpath.sh
[1.530s] -- Installing: /home/jason/Desktop/STUDY/ART-Driver/workspace/install/rosbridge_library/share/rosbridge_library/environment/pythonpath.dsv
[1.530s] -- Installing: /home/jason/Desktop/STUDY/ART-Driver/workspace/install/rosbridge_library/lib/python3.10/site-packages/rosbridge_library-1.3.1-py3.10.egg-info
[1.530s] -- Installing: /home/jason/Desktop/STUDY/ART-Driver/workspace/install/rosbridge_library/lib/python3.10/site-packages/rosbridge_library-1.3.1-py3.10.egg-info/top_level.txt
[1.530s] -- Installing: /home/jason/Desktop/STUDY/ART-Driver/workspace/install/rosbridge_library/lib/python3.10/site-packages/rosbridge_library-1.3.1-py3.10.egg-info/dependency_links.txt
[1.530s] -- Installing: /home/jason/Desktop/STUDY/ART-Driver/workspace/install/rosbridge_library/lib/python3.10/site-packages/rosbridge_library-1.3.1-py3.10.egg-info/SOURCES.txt
[1.530s] -- Installing: /home/jason/Desktop/STUDY/ART-Driver/workspace/install/rosbridge_library/lib/python3.10/site-packages/rosbridge_library-1.3.1-py3.10.egg-info/PKG-INFO
[1.530s] -- Installing: /home/jason/Desktop/STUDY/ART-Driver/workspace/install/rosbridge_library/lib/python3.10/site-packages/rosbridge_library
[1.531s] -- Installing: /home/jason/Desktop/STUDY/ART-Driver/workspace/install/rosbridge_library/lib/python3.10/site-packages/rosbridge_library/protocol.py
[1.531s] -- Installing: /home/jason/Desktop/STUDY/ART-Driver/workspace/install/rosbridge_library/lib/python3.10/site-packages/rosbridge_library/util
[1.531s] -- Installing: /home/jason/Desktop/STUDY/ART-Driver/workspace/install/rosbridge_library/lib/python3.10/site-packages/rosbridge_library/util/__init__.py
[1.531s] -- Installing: /home/jason/Desktop/STUDY/ART-Driver/workspace/install/rosbridge_library/lib/python3.10/site-packages/rosbridge_library/util/cbor.py
[1.531s] -- Installing: /home/jason/Desktop/STUDY/ART-Driver/workspace/install/rosbridge_library/lib/python3.10/site-packages/rosbridge_library/capability.py
[1.531s] -- Installing: /home/jason/Desktop/STUDY/ART-Driver/workspace/install/rosbridge_library/lib/python3.10/site-packages/rosbridge_library/rosbridge_protocol.py
[1.531s] -- Installing: /home/jason/Desktop/STUDY/ART-Driver/workspace/install/rosbridge_library/lib/python3.10/site-packages/rosbridge_library/capabilities
[1.531s] -- Installing: /home/jason/Desktop/STUDY/ART-Driver/workspace/install/rosbridge_library/lib/python3.10/site-packages/rosbridge_library/capabilities/subscribe.py
[1.531s] -- Installing: /home/jason/Desktop/STUDY/ART-Driver/workspace/install/rosbridge_library/lib/python3.10/site-packages/rosbridge_library/capabilities/fragmentation.py
[1.531s] -- Installing: /home/jason/Desktop/STUDY/ART-Driver/workspace/install/rosbridge_library/lib/python3.10/site-packages/rosbridge_library/capabilities/publish.py
[1.531s] -- Installing: /home/jason/Desktop/STUDY/ART-Driver/workspace/install/rosbridge_library/lib/python3.10/site-packages/rosbridge_library/capabilities/unadvertise_service.py
[1.531s] -- Installing: /home/jason/Desktop/STUDY/ART-Driver/workspace/install/rosbridge_library/lib/python3.10/site-packages/rosbridge_library/capabilities/advertise.py
[1.531s] -- Installing: /home/jason/Desktop/STUDY/ART-Driver/workspace/install/rosbridge_library/lib/python3.10/site-packages/rosbridge_library/capabilities/defragmentation.py
[1.532s] -- Installing: /home/jason/Desktop/STUDY/ART-Driver/workspace/install/rosbridge_library/lib/python3.10/site-packages/rosbridge_library/capabilities/call_service.py
[1.532s] -- Installing: /home/jason/Desktop/STUDY/ART-Driver/workspace/install/rosbridge_library/lib/python3.10/site-packages/rosbridge_library/capabilities/advertise_service.py
[1.532s] -- Installing: /home/jason/Desktop/STUDY/ART-Driver/workspace/install/rosbridge_library/lib/python3.10/site-packages/rosbridge_library/capabilities/__init__.py
[1.532s] -- Installing: /home/jason/Desktop/STUDY/ART-Driver/workspace/install/rosbridge_library/lib/python3.10/site-packages/rosbridge_library/capabilities/service_response.py
[1.532s] -- Installing: /home/jason/Desktop/STUDY/ART-Driver/workspace/install/rosbridge_library/lib/python3.10/site-packages/rosbridge_library/__init__.py
[1.532s] -- Installing: /home/jason/Desktop/STUDY/ART-Driver/workspace/install/rosbridge_library/lib/python3.10/site-packages/rosbridge_library/internal
[1.532s] -- Installing: /home/jason/Desktop/STUDY/ART-Driver/workspace/install/rosbridge_library/lib/python3.10/site-packages/rosbridge_library/internal/subscription_modifiers.py
[1.532s] -- Installing: /home/jason/Desktop/STUDY/ART-Driver/workspace/install/rosbridge_library/lib/python3.10/site-packages/rosbridge_library/internal/outgoing_message.py
[1.532s] -- Installing: /home/jason/Desktop/STUDY/ART-Driver/workspace/install/rosbridge_library/lib/python3.10/site-packages/rosbridge_library/internal/exceptions.py
[1.532s] -- Installing: /home/jason/Desktop/STUDY/ART-Driver/workspace/install/rosbridge_library/lib/python3.10/site-packages/rosbridge_library/internal/subscribers.py
[1.532s] -- Installing: /home/jason/Desktop/STUDY/ART-Driver/workspace/install/rosbridge_library/lib/python3.10/site-packages/rosbridge_library/internal/message_conversion.py
[1.532s] -- Installing: /home/jason/Desktop/STUDY/ART-Driver/workspace/install/rosbridge_library/lib/python3.10/site-packages/rosbridge_library/internal/__init__.py
[1.532s] -- Installing: /home/jason/Desktop/STUDY/ART-Driver/workspace/install/rosbridge_library/lib/python3.10/site-packages/rosbridge_library/internal/publishers.py
[1.532s] -- Installing: /home/jason/Desktop/STUDY/ART-Driver/workspace/install/rosbridge_library/lib/python3.10/site-packages/rosbridge_library/internal/topics.py
[1.532s] -- Installing: /home/jason/Desktop/STUDY/ART-Driver/workspace/install/rosbridge_library/lib/python3.10/site-packages/rosbridge_library/internal/cbor_conversion.py
[1.533s] -- Installing: /home/jason/Desktop/STUDY/ART-Driver/workspace/install/rosbridge_library/lib/python3.10/site-packages/rosbridge_library/internal/pngcompression.py
[1.533s] -- Installing: /home/jason/Desktop/STUDY/ART-Driver/workspace/install/rosbridge_library/lib/python3.10/site-packages/rosbridge_library/internal/ros_loader.py
[1.533s] -- Installing: /home/jason/Desktop/STUDY/ART-Driver/workspace/install/rosbridge_library/lib/python3.10/site-packages/rosbridge_library/internal/services.py
[1.569s] Listing '/home/jason/Desktop/STUDY/ART-Driver/workspace/install/rosbridge_library/lib/python3.10/site-packages/rosbridge_library'...
[1.569s] Compiling '/home/jason/Desktop/STUDY/ART-Driver/workspace/install/rosbridge_library/lib/python3.10/site-packages/rosbridge_library/__init__.py'...
[1.569s] Listing '/home/jason/Desktop/STUDY/ART-Driver/workspace/install/rosbridge_library/lib/python3.10/site-packages/rosbridge_library/capabilities'...
[1.569s] Compiling '/home/jason/Desktop/STUDY/ART-Driver/workspace/install/rosbridge_library/lib/python3.10/site-packages/rosbridge_library/capabilities/__init__.py'...
[1.569s] Compiling '/home/jason/Desktop/STUDY/ART-Driver/workspace/install/rosbridge_library/lib/python3.10/site-packages/rosbridge_library/capabilities/advertise.py'...
[1.569s] Compiling '/home/jason/Desktop/STUDY/ART-Driver/workspace/install/rosbridge_library/lib/python3.10/site-packages/rosbridge_library/capabilities/advertise_service.py'...
[1.569s] Compiling '/home/jason/Desktop/STUDY/ART-Driver/workspace/install/rosbridge_library/lib/python3.10/site-packages/rosbridge_library/capabilities/call_service.py'...
[1.569s] Compiling '/home/jason/Desktop/STUDY/ART-Driver/workspace/install/rosbridge_library/lib/python3.10/site-packages/rosbridge_library/capabilities/defragmentation.py'...
[1.569s] Compiling '/home/jason/Desktop/STUDY/ART-Driver/workspace/install/rosbridge_library/lib/python3.10/site-packages/rosbridge_library/capabilities/fragmentation.py'...
[1.569s] Compiling '/home/jason/Desktop/STUDY/ART-Driver/workspace/install/rosbridge_library/lib/python3.10/site-packages/rosbridge_library/capabilities/publish.py'...
[1.569s] Compiling '/home/jason/Desktop/STUDY/ART-Driver/workspace/install/rosbridge_library/lib/python3.10/site-packages/rosbridge_library/capabilities/service_response.py'...
[1.569s] Compiling '/home/jason/Desktop/STUDY/ART-Driver/workspace/install/rosbridge_library/lib/python3.10/site-packages/rosbridge_library/capabilities/subscribe.py'...
[1.570s] Compiling '/home/jason/Desktop/STUDY/ART-Driver/workspace/install/rosbridge_library/lib/python3.10/site-packages/rosbridge_library/capabilities/unadvertise_service.py'...
[1.570s] Compiling '/home/jason/Desktop/STUDY/ART-Driver/workspace/install/rosbridge_library/lib/python3.10/site-packages/rosbridge_library/capability.py'...
[1.570s] Listing '/home/jason/Desktop/STUDY/ART-Driver/workspace/install/rosbridge_library/lib/python3.10/site-packages/rosbridge_library/internal'...
[1.570s] Compiling '/home/jason/Desktop/STUDY/ART-Driver/workspace/install/rosbridge_library/lib/python3.10/site-packages/rosbridge_library/internal/__init__.py'...
[1.570s] Compiling '/home/jason/Desktop/STUDY/ART-Driver/workspace/install/rosbridge_library/lib/python3.10/site-packages/rosbridge_library/internal/cbor_conversion.py'...
[1.570s] Compiling '/home/jason/Desktop/STUDY/ART-Driver/workspace/install/rosbridge_library/lib/python3.10/site-packages/rosbridge_library/internal/exceptions.py'...
[1.570s] Compiling '/home/jason/Desktop/STUDY/ART-Driver/workspace/install/rosbridge_library/lib/python3.10/site-packages/rosbridge_library/internal/message_conversion.py'...
[1.570s] Compiling '/home/jason/Desktop/STUDY/ART-Driver/workspace/install/rosbridge_library/lib/python3.10/site-packages/rosbridge_library/internal/outgoing_message.py'...
[1.570s] Compiling '/home/jason/Desktop/STUDY/ART-Driver/workspace/install/rosbridge_library/lib/python3.10/site-packages/rosbridge_library/internal/pngcompression.py'...
[1.570s] Compiling '/home/jason/Desktop/STUDY/ART-Driver/workspace/install/rosbridge_library/lib/python3.10/site-packages/rosbridge_library/internal/publishers.py'...
[1.570s] Compiling '/home/jason/Desktop/STUDY/ART-Driver/workspace/install/rosbridge_library/lib/python3.10/site-packages/rosbridge_library/internal/ros_loader.py'...
[1.570s] Compiling '/home/jason/Desktop/STUDY/ART-Driver/workspace/install/rosbridge_library/lib/python3.10/site-packages/rosbridge_library/internal/services.py'...
[1.570s] Compiling '/home/jason/Desktop/STUDY/ART-Driver/workspace/install/rosbridge_library/lib/python3.10/site-packages/rosbridge_library/internal/subscribers.py'...
[1.570s] Compiling '/home/jason/Desktop/STUDY/ART-Driver/workspace/install/rosbridge_library/lib/python3.10/site-packages/rosbridge_library/internal/subscription_modifiers.py'...
[1.570s] Compiling '/home/jason/Desktop/STUDY/ART-Driver/workspace/install/rosbridge_library/lib/python3.10/site-packages/rosbridge_library/internal/topics.py'...
[1.570s] Compiling '/home/jason/Desktop/STUDY/ART-Driver/workspace/install/rosbridge_library/lib/python3.10/site-packages/rosbridge_library/protocol.py'...
[1.570s] Compiling '/home/jason/Desktop/STUDY/ART-Driver/workspace/install/rosbridge_library/lib/python3.10/site-packages/rosbridge_library/rosbridge_protocol.py'...
[1.570s] Listing '/home/jason/Desktop/STUDY/ART-Driver/workspace/install/rosbridge_library/lib/python3.10/site-packages/rosbridge_library/util'...
[1.570s] Compiling '/home/jason/Desktop/STUDY/ART-Driver/workspace/install/rosbridge_library/lib/python3.10/site-packages/rosbridge_library/util/__init__.py'...
[1.570s] Compiling '/home/jason/Desktop/STUDY/ART-Driver/workspace/install/rosbridge_library/lib/python3.10/site-packages/rosbridge_library/util/cbor.py'...
[1.572s] -- Installing: /home/jason/Desktop/STUDY/ART-Driver/workspace/install/rosbridge_library/share/ament_index/resource_index/package_run_dependencies/rosbridge_library
[1.572s] -- Installing: /home/jason/Desktop/STUDY/ART-Driver/workspace/install/rosbridge_library/share/ament_index/resource_index/parent_prefix_path/rosbridge_library
[1.572s] -- Installing: /home/jason/Desktop/STUDY/ART-Driver/workspace/install/rosbridge_library/share/rosbridge_library/environment/ament_prefix_path.sh
[1.572s] -- Installing: /home/jason/Desktop/STUDY/ART-Driver/workspace/install/rosbridge_library/share/rosbridge_library/environment/ament_prefix_path.dsv
[1.573s] -- Installing: /home/jason/Desktop/STUDY/ART-Driver/workspace/install/rosbridge_library/share/rosbridge_library/environment/path.sh
[1.573s] -- Installing: /home/jason/Desktop/STUDY/ART-Driver/workspace/install/rosbridge_library/share/rosbridge_library/environment/path.dsv
[1.573s] -- Installing: /home/jason/Desktop/STUDY/ART-Driver/workspace/install/rosbridge_library/share/rosbridge_library/local_setup.bash
[1.573s] -- Installing: /home/jason/Desktop/STUDY/ART-Driver/workspace/install/rosbridge_library/share/rosbridge_library/local_setup.sh
[1.573s] -- Installing: /home/jason/Desktop/STUDY/ART-Driver/workspace/install/rosbridge_library/share/rosbridge_library/local_setup.zsh
[1.573s] -- Installing: /home/jason/Desktop/STUDY/ART-Driver/workspace/install/rosbridge_library/share/rosbridge_library/local_setup.dsv
[1.573s] -- Installing: /home/jason/Desktop/STUDY/ART-Driver/workspace/install/rosbridge_library/share/rosbridge_library/package.dsv
[1.573s] -- Installing: /home/jason/Desktop/STUDY/ART-Driver/workspace/install/rosbridge_library/share/ament_index/resource_index/packages/rosbridge_library
[1.573s] -- Installing: /home/jason/Desktop/STUDY/ART-Driver/workspace/install/rosbridge_library/share/rosbridge_library/cmake/rosbridge_libraryConfig.cmake
[1.573s] -- Installing: /home/jason/Desktop/STUDY/ART-Driver/workspace/install/rosbridge_library/share/rosbridge_library/cmake/rosbridge_libraryConfig-version.cmake
[1.573s] -- Installing: /home/jason/Desktop/STUDY/ART-Driver/workspace/install/rosbridge_library/share/rosbridge_library/package.xml
[1.578s] Invoked command in '/home/jason/Desktop/STUDY/ART-Driver/workspace/build/rosbridge_library' returned '0': AMENT_PREFIX_PATH=/home/jason/Desktop/STUDY/ART-Driver/workspace/install/rosbridge_test_msgs:${AMENT_PREFIX_PATH} CMAKE_PREFIX_PATH=/home/jason/Desktop/STUDY/ART-Driver/workspace/install/rosbridge_test_msgs:/opt/ros/iron LD_LIBRARY_PATH=/home/jason/Desktop/STUDY/ART-Driver/workspace/install/rosbridge_test_msgs/lib:${LD_LIBRARY_PATH} PYTHONPATH=/home/jason/Desktop/STUDY/ART-Driver/workspace/install/rosbridge_test_msgs/lib/python3.10/site-packages:${PYTHONPATH} /home/jason/.local/bin/cmake --install /home/jason/Desktop/STUDY/ART-Driver/workspace/build/rosbridge_library
