[1.348s] Invoking command in '/home/jason/Desktop/STUDY/ART-Driver/workspace/src/common': PYTHONPATH=/home/jason/Desktop/STUDY/ART-Driver/workspace/build/common/prefix_override:/home/jason/Desktop/STUDY/ART-Driver/workspace/install/common/lib/python3.10/site-packages:${PYTHONPATH} /usr/bin/python3 setup.py egg_info --egg-base ../../build/common build --build-base /home/jason/Desktop/STUDY/ART-Driver/workspace/build/common/build install --record /home/jason/Desktop/STUDY/ART-Driver/workspace/build/common/install.log --single-version-externally-managed
[1.537s] running egg_info
[1.537s] creating ../../build/common/common.egg-info
[1.552s] writing ../../build/common/common.egg-info/PKG-INFO
[1.552s] writing dependency_links to ../../build/common/common.egg-info/dependency_links.txt
[1.553s] writing requirements to ../../build/common/common.egg-info/requires.txt
[1.553s] writing top-level names to ../../build/common/common.egg-info/top_level.txt
[1.553s] writing manifest file '../../build/common/common.egg-info/SOURCES.txt'
[1.583s] reading manifest file '../../build/common/common.egg-info/SOURCES.txt'
[1.584s] writing manifest file '../../build/common/common.egg-info/SOURCES.txt'
[1.584s] running build
[1.584s] running build_py
[1.584s] creating /home/jason/Desktop/STUDY/ART-Driver/workspace/build/common/build
[1.584s] creating /home/jason/Desktop/STUDY/ART-Driver/workspace/build/common/build/lib
[1.585s] creating /home/jason/Desktop/STUDY/ART-Driver/workspace/build/common/build/lib/common
[1.585s] copying common/__init__.py -> /home/jason/Desktop/STUDY/ART-Driver/workspace/build/common/build/lib/common
[1.585s] running install
[1.585s] /home/jason/.local/lib/python3.10/site-packages/setuptools/_distutils/cmd.py:66: SetuptoolsDeprecationWarning: setup.py install is deprecated.
[1.585s] !!
[1.585s] 
[1.585s]         ********************************************************************************
[1.585s]         Please avoid running ``setup.py`` directly.
[1.585s]         Instead, use pypa/build, pypa/installer or other
[1.585s]         standards-based tools.
[1.585s] 
[1.585s]         See https://blog.ganssle.io/articles/2021/10/setup-py-deprecated.html for details.
[1.585s]         ********************************************************************************
[1.585s] 
[1.585s] !!
[1.585s]   self.initialize_options()
[1.589s] running install_lib
[1.605s] creating /home/jason/Desktop/STUDY/ART-Driver/workspace/install/common/lib/python3.10/site-packages/common
[1.605s] copying /home/jason/Desktop/STUDY/ART-Driver/workspace/build/common/build/lib/common/__init__.py -> /home/jason/Desktop/STUDY/ART-Driver/workspace/install/common/lib/python3.10/site-packages/common
[1.605s] byte-compiling /home/jason/Desktop/STUDY/ART-Driver/workspace/install/common/lib/python3.10/site-packages/common/__init__.py to __init__.cpython-310.pyc
[1.606s] running install_data
[1.621s] creating /home/jason/Desktop/STUDY/ART-Driver/workspace/install/common/share/ament_index
[1.621s] creating /home/jason/Desktop/STUDY/ART-Driver/workspace/install/common/share/ament_index/resource_index
[1.621s] creating /home/jason/Desktop/STUDY/ART-Driver/workspace/install/common/share/ament_index/resource_index/packages
[1.621s] copying resource/common -> /home/jason/Desktop/STUDY/ART-Driver/workspace/install/common/share/ament_index/resource_index/packages
[1.621s] error: can't copy 'remoteop.cone.launch.py': doesn't exist or not a regular file
[1.622s] copying package.xml -> /home/jason/Desktop/STUDY/ART-Driver/workspace/install/common/share/common
[1.622s] copying remoteop.launch.py -> /home/jason/Desktop/STUDY/ART-Driver/workspace/install/common/share/common
[1.635s] Invoked command in '/home/jason/Desktop/STUDY/ART-Driver/workspace/src/common' returned '1': PYTHONPATH=/home/jason/Desktop/STUDY/ART-Driver/workspace/build/common/prefix_override:/home/jason/Desktop/STUDY/ART-Driver/workspace/install/common/lib/python3.10/site-packages:${PYTHONPATH} /usr/bin/python3 setup.py egg_info --egg-base ../../build/common build --build-base /home/jason/Desktop/STUDY/ART-Driver/workspace/build/common/build install --record /home/jason/Desktop/STUDY/ART-Driver/workspace/build/common/install.log --single-version-externally-managed
