[1.278s] Invoking command in '/home/jason/Desktop/STUDY/ART-Driver/workspace/src/tcp_cam_sender': PYTHONPATH=/home/jason/Desktop/STUDY/ART-Driver/workspace/build/tcp_cam_sender/prefix_override:/home/jason/Desktop/STUDY/ART-Driver/workspace/install/tcp_cam_sender/lib/python3.10/site-packages:${PYTHONPATH} /usr/bin/python3 setup.py egg_info --egg-base ../../build/tcp_cam_sender build --build-base /home/jason/Desktop/STUDY/ART-Driver/workspace/build/tcp_cam_sender/build install --record /home/jason/Desktop/STUDY/ART-Driver/workspace/build/tcp_cam_sender/install.log --single-version-externally-managed
[1.467s] running egg_info
[1.467s] creating ../../build/tcp_cam_sender/tcp_cam_sender.egg-info
[1.483s] writing ../../build/tcp_cam_sender/tcp_cam_sender.egg-info/PKG-INFO
[1.483s] writing dependency_links to ../../build/tcp_cam_sender/tcp_cam_sender.egg-info/dependency_links.txt
[1.483s] writing entry points to ../../build/tcp_cam_sender/tcp_cam_sender.egg-info/entry_points.txt
[1.483s] writing requirements to ../../build/tcp_cam_sender/tcp_cam_sender.egg-info/requires.txt
[1.483s] writing top-level names to ../../build/tcp_cam_sender/tcp_cam_sender.egg-info/top_level.txt
[1.484s] writing manifest file '../../build/tcp_cam_sender/tcp_cam_sender.egg-info/SOURCES.txt'
[1.528s] reading manifest file '../../build/tcp_cam_sender/tcp_cam_sender.egg-info/SOURCES.txt'
[1.529s] writing manifest file '../../build/tcp_cam_sender/tcp_cam_sender.egg-info/SOURCES.txt'
[1.529s] running build
[1.529s] running build_py
[1.529s] creating /home/jason/Desktop/STUDY/ART-Driver/workspace/build/tcp_cam_sender/build
[1.529s] creating /home/jason/Desktop/STUDY/ART-Driver/workspace/build/tcp_cam_sender/build/lib
[1.529s] creating /home/jason/Desktop/STUDY/ART-Driver/workspace/build/tcp_cam_sender/build/lib/tcp_cam_sender
[1.529s] copying tcp_cam_sender/tcp_cam_sender.py -> /home/jason/Desktop/STUDY/ART-Driver/workspace/build/tcp_cam_sender/build/lib/tcp_cam_sender
[1.529s] copying tcp_cam_sender/__init__.py -> /home/jason/Desktop/STUDY/ART-Driver/workspace/build/tcp_cam_sender/build/lib/tcp_cam_sender
[1.530s] running install
[1.530s] /home/jason/.local/lib/python3.10/site-packages/setuptools/_distutils/cmd.py:66: SetuptoolsDeprecationWarning: setup.py install is deprecated.
[1.530s] !!
[1.530s] 
[1.530s]         ********************************************************************************
[1.530s]         Please avoid running ``setup.py`` directly.
[1.530s]         Instead, use pypa/build, pypa/installer or other
[1.530s]         standards-based tools.
[1.530s] 
[1.530s]         See https://blog.ganssle.io/articles/2021/10/setup-py-deprecated.html for details.
[1.530s]         ********************************************************************************
[1.530s] 
[1.530s] !!
[1.530s]   self.initialize_options()
[1.537s] running install_lib
[1.560s] creating /home/jason/Desktop/STUDY/ART-Driver/workspace/install/tcp_cam_sender/lib/python3.10/site-packages/tcp_cam_sender
[1.560s] copying /home/jason/Desktop/STUDY/ART-Driver/workspace/build/tcp_cam_sender/build/lib/tcp_cam_sender/tcp_cam_sender.py -> /home/jason/Desktop/STUDY/ART-Driver/workspace/install/tcp_cam_sender/lib/python3.10/site-packages/tcp_cam_sender
[1.560s] copying /home/jason/Desktop/STUDY/ART-Driver/workspace/build/tcp_cam_sender/build/lib/tcp_cam_sender/__init__.py -> /home/jason/Desktop/STUDY/ART-Driver/workspace/install/tcp_cam_sender/lib/python3.10/site-packages/tcp_cam_sender
[1.561s] byte-compiling /home/jason/Desktop/STUDY/ART-Driver/workspace/install/tcp_cam_sender/lib/python3.10/site-packages/tcp_cam_sender/tcp_cam_sender.py to tcp_cam_sender.cpython-310.pyc
[1.562s] byte-compiling /home/jason/Desktop/STUDY/ART-Driver/workspace/install/tcp_cam_sender/lib/python3.10/site-packages/tcp_cam_sender/__init__.py to __init__.cpython-310.pyc
[1.562s] running install_data
[1.578s] creating /home/jason/Desktop/STUDY/ART-Driver/workspace/install/tcp_cam_sender/share/ament_index
[1.578s] creating /home/jason/Desktop/STUDY/ART-Driver/workspace/install/tcp_cam_sender/share/ament_index/resource_index
[1.578s] creating /home/jason/Desktop/STUDY/ART-Driver/workspace/install/tcp_cam_sender/share/ament_index/resource_index/packages
[1.578s] copying resource/tcp_cam_sender -> /home/jason/Desktop/STUDY/ART-Driver/workspace/install/tcp_cam_sender/share/ament_index/resource_index/packages
[1.578s] copying package.xml -> /home/jason/Desktop/STUDY/ART-Driver/workspace/install/tcp_cam_sender/share/tcp_cam_sender
[1.578s] running install_egg_info
[1.594s] Copying ../../build/tcp_cam_sender/tcp_cam_sender.egg-info to /home/jason/Desktop/STUDY/ART-Driver/workspace/install/tcp_cam_sender/lib/python3.10/site-packages/tcp_cam_sender-0.0.0-py3.10.egg-info
[1.594s] running install_scripts
[1.729s] Installing tcp_cam_sender script to /home/jason/Desktop/STUDY/ART-Driver/workspace/install/tcp_cam_sender/lib/tcp_cam_sender
[1.729s] writing list of installed files to '/home/jason/Desktop/STUDY/ART-Driver/workspace/build/tcp_cam_sender/install.log'
