[0.275s] Invoking command in '/home/jason/Desktop/STUDY/ART-Driver/workspace/build/rosbridge_msgs': CMAKE_PREFIX_PATH=/opt/ros/iron /home/jason/.local/bin/cmake --build /home/jason/Desktop/STUDY/ART-Driver/workspace/build/rosbridge_msgs -- -j16 -l16
[0.709s] [  2%] [34m[1mGenerating type hashes for ROS interfaces[0m
[0.709s] [  2%] Built target ament_cmake_python_copy_rosbridge_msgs
[0.709s] running egg_info
[0.709s] creating rosbridge_msgs.egg-info
[0.709s] writing rosbridge_msgs.egg-info/PKG-INFO
[0.709s] writing dependency_links to rosbridge_msgs.egg-info/dependency_links.txt
[0.710s] writing top-level names to rosbridge_msgs.egg-info/top_level.txt
[0.710s] writing manifest file 'rosbridge_msgs.egg-info/SOURCES.txt'
[0.710s] [  2%] Built target rosbridge_msgs__rosidl_generator_type_description
[0.710s] [  4%] [34m[1mGenerating C code for ROS interfaces[0m
[0.710s] [  6%] [34m[1mGenerating C++ code for ROS interfaces[0m
[0.710s] reading manifest file 'rosbridge_msgs.egg-info/SOURCES.txt'
[0.710s] writing manifest file 'rosbridge_msgs.egg-info/SOURCES.txt'
[0.710s] [  6%] Built target ament_cmake_python_build_rosbridge_msgs_egg
[0.731s] [  6%] Built target rosbridge_msgs__cpp
[0.739s] [  9%] [32mBuilding C object CMakeFiles/rosbridge_msgs__rosidl_generator_c.dir/rosidl_generator_c/rosbridge_msgs/msg/detail/connected_client__functions.c.o[0m
[0.739s] [ 11%] [32mBuilding C object CMakeFiles/rosbridge_msgs__rosidl_generator_c.dir/rosidl_generator_c/rosbridge_msgs/msg/detail/connected_client__description.c.o[0m
[0.739s] [ 13%] [32mBuilding C object CMakeFiles/rosbridge_msgs__rosidl_generator_c.dir/rosidl_generator_c/rosbridge_msgs/msg/detail/connected_client__type_support.c.o[0m
[0.740s] [ 15%] [32mBuilding C object CMakeFiles/rosbridge_msgs__rosidl_generator_c.dir/rosidl_generator_c/rosbridge_msgs/msg/detail/connected_clients__description.c.o[0m
[0.740s] [ 20%] [32mBuilding C object CMakeFiles/rosbridge_msgs__rosidl_generator_c.dir/rosidl_generator_c/rosbridge_msgs/msg/detail/connected_clients__type_support.c.o[0m
[0.740s] [ 20%] [32mBuilding C object CMakeFiles/rosbridge_msgs__rosidl_generator_c.dir/rosidl_generator_c/rosbridge_msgs/msg/detail/connected_clients__functions.c.o[0m
[0.780s] [ 22%] [32m[1mLinking C shared library librosbridge_msgs__rosidl_generator_c.so[0m
[0.799s] [ 22%] Built target rosbridge_msgs__rosidl_generator_c
[0.802s] [ 25%] [34m[1mGenerating C++ introspection for ROS interfaces[0m
[0.802s] [ 27%] [34m[1mGenerating C type support dispatch for ROS interfaces[0m
[0.802s] [ 29%] [34m[1mGenerating C type support for eProsima Fast-RTPS[0m
[0.802s] [ 31%] [34m[1mGenerating C introspection for ROS interfaces[0m
[0.803s] [ 34%] [34m[1mGenerating C++ type support dispatch for ROS interfaces[0m
[0.803s] [ 36%] [34m[1mGenerating C++ type support for eProsima Fast-RTPS[0m
[0.987s] [ 38%] [32mBuilding CXX object CMakeFiles/rosbridge_msgs__rosidl_typesupport_introspection_cpp.dir/rosidl_typesupport_introspection_cpp/rosbridge_msgs/msg/detail/connected_client__type_support.cpp.o[0m
[0.988s] [ 40%] [32mBuilding CXX object CMakeFiles/rosbridge_msgs__rosidl_typesupport_introspection_cpp.dir/rosidl_typesupport_introspection_cpp/rosbridge_msgs/msg/detail/connected_clients__type_support.cpp.o[0m
[1.034s] [ 43%] [32mBuilding CXX object CMakeFiles/rosbridge_msgs__rosidl_typesupport_cpp.dir/rosidl_typesupport_cpp/rosbridge_msgs/msg/connected_client__type_support.cpp.o[0m
[1.035s] [ 45%] [32mBuilding CXX object CMakeFiles/rosbridge_msgs__rosidl_typesupport_cpp.dir/rosidl_typesupport_cpp/rosbridge_msgs/msg/connected_clients__type_support.cpp.o[0m
[1.075s] [ 47%] [32mBuilding CXX object CMakeFiles/rosbridge_msgs__rosidl_typesupport_c.dir/rosidl_typesupport_c/rosbridge_msgs/msg/connected_client__type_support.cpp.o[0m
[1.079s] [ 50%] [32mBuilding CXX object CMakeFiles/rosbridge_msgs__rosidl_typesupport_c.dir/rosidl_typesupport_c/rosbridge_msgs/msg/connected_clients__type_support.cpp.o[0m
[1.111s] [ 52%] [32mBuilding C object CMakeFiles/rosbridge_msgs__rosidl_typesupport_introspection_c.dir/rosidl_typesupport_introspection_c/rosbridge_msgs/msg/detail/connected_client__type_support.c.o[0m
[1.113s] [ 54%] [32mBuilding C object CMakeFiles/rosbridge_msgs__rosidl_typesupport_introspection_c.dir/rosidl_typesupport_introspection_c/rosbridge_msgs/msg/detail/connected_clients__type_support.c.o[0m
[1.128s] [ 56%] [32mBuilding CXX object CMakeFiles/rosbridge_msgs__rosidl_typesupport_fastrtps_c.dir/rosidl_typesupport_fastrtps_c/rosbridge_msgs/msg/detail/connected_client__type_support_c.cpp.o[0m
[1.130s] [ 59%] [32mBuilding CXX object CMakeFiles/rosbridge_msgs__rosidl_typesupport_fastrtps_cpp.dir/rosidl_typesupport_fastrtps_cpp/rosbridge_msgs/msg/detail/dds_fastrtps/connected_client__type_support.cpp.o[0m
[1.138s] [ 61%] [32mBuilding CXX object CMakeFiles/rosbridge_msgs__rosidl_typesupport_fastrtps_c.dir/rosidl_typesupport_fastrtps_c/rosbridge_msgs/msg/detail/connected_clients__type_support_c.cpp.o[0m
[1.139s] [ 63%] [32mBuilding CXX object CMakeFiles/rosbridge_msgs__rosidl_typesupport_fastrtps_cpp.dir/rosidl_typesupport_fastrtps_cpp/rosbridge_msgs/msg/detail/dds_fastrtps/connected_clients__type_support.cpp.o[0m
[1.142s] [ 65%] [32m[1mLinking CXX shared library librosbridge_msgs__rosidl_typesupport_c.so[0m
[1.179s] [ 65%] Built target rosbridge_msgs__rosidl_typesupport_c
[1.183s] [ 68%] [32m[1mLinking C shared library librosbridge_msgs__rosidl_typesupport_introspection_c.so[0m
[1.288s] [ 68%] Built target rosbridge_msgs__rosidl_typesupport_introspection_c
[1.420s] [ 70%] [32m[1mLinking CXX shared library librosbridge_msgs__rosidl_typesupport_introspection_cpp.so[0m
[1.440s] [ 72%] [32m[1mLinking CXX shared library librosbridge_msgs__rosidl_typesupport_cpp.so[0m
[1.476s] [ 72%] Built target rosbridge_msgs__rosidl_typesupport_cpp
[1.479s] [ 72%] Built target rosbridge_msgs__rosidl_typesupport_introspection_cpp
[1.480s] [ 75%] [32m[1mLinking CXX shared library librosbridge_msgs__rosidl_typesupport_fastrtps_c.so[0m
[1.537s] [ 75%] Built target rosbridge_msgs__rosidl_typesupport_fastrtps_c
[1.657s] [ 77%] [32m[1mLinking CXX shared library librosbridge_msgs__rosidl_typesupport_fastrtps_cpp.so[0m
[1.699s] [ 77%] Built target rosbridge_msgs__rosidl_typesupport_fastrtps_cpp
[1.704s] [ 77%] Built target rosbridge_msgs
[1.709s] [ 79%] [34m[1mGenerating Python code for ROS interfaces[0m
[2.013s] [ 79%] Built target rosbridge_msgs__py
[2.019s] [ 81%] [32mBuilding C object CMakeFiles/rosbridge_msgs__rosidl_generator_py.dir/rosidl_generator_py/rosbridge_msgs/msg/_connected_client_s.c.o[0m
[2.020s] [ 84%] [32mBuilding C object CMakeFiles/rosbridge_msgs__rosidl_generator_py.dir/rosidl_generator_py/rosbridge_msgs/msg/_connected_clients_s.c.o[0m
[2.128s] [ 86%] [32m[1mLinking C shared library rosidl_generator_py/rosbridge_msgs/librosbridge_msgs__rosidl_generator_py.so[0m
[2.148s] [ 86%] Built target rosbridge_msgs__rosidl_generator_py
[2.154s] [ 88%] [32mBuilding C object CMakeFiles/rosbridge_msgs__rosidl_typesupport_fastrtps_c__pyext.dir/rosidl_generator_py/rosbridge_msgs/_rosbridge_msgs_s.ep.rosidl_typesupport_fastrtps_c.c.o[0m
[2.154s] [ 90%] [32mBuilding C object CMakeFiles/rosbridge_msgs__rosidl_typesupport_introspection_c__pyext.dir/rosidl_generator_py/rosbridge_msgs/_rosbridge_msgs_s.ep.rosidl_typesupport_introspection_c.c.o[0m
[2.157s] [ 93%] [32mBuilding C object CMakeFiles/rosbridge_msgs__rosidl_typesupport_c__pyext.dir/rosidl_generator_py/rosbridge_msgs/_rosbridge_msgs_s.ep.rosidl_typesupport_c.c.o[0m
[2.222s] [ 95%] [32m[1mLinking C shared library rosidl_generator_py/rosbridge_msgs/rosbridge_msgs_s__rosidl_typesupport_introspection_c.cpython-310-x86_64-linux-gnu.so[0m
[2.225s] [ 97%] [32m[1mLinking C shared library rosidl_generator_py/rosbridge_msgs/rosbridge_msgs_s__rosidl_typesupport_fastrtps_c.cpython-310-x86_64-linux-gnu.so[0m
[2.242s] [ 97%] Built target rosbridge_msgs__rosidl_typesupport_introspection_c__pyext
[2.250s] [ 97%] Built target rosbridge_msgs__rosidl_typesupport_fastrtps_c__pyext
[2.264s] [100%] [32m[1mLinking C shared library rosidl_generator_py/rosbridge_msgs/rosbridge_msgs_s__rosidl_typesupport_c.cpython-310-x86_64-linux-gnu.so[0m
[2.281s] [100%] Built target rosbridge_msgs__rosidl_typesupport_c__pyext
[2.385s] Invoked command in '/home/jason/Desktop/STUDY/ART-Driver/workspace/build/rosbridge_msgs' returned '0': CMAKE_PREFIX_PATH=/opt/ros/iron /home/jason/.local/bin/cmake --build /home/jason/Desktop/STUDY/ART-Driver/workspace/build/rosbridge_msgs -- -j16 -l16
[2.473s] Invoking command in '/home/jason/Desktop/STUDY/ART-Driver/workspace/build/rosbridge_msgs': CMAKE_PREFIX_PATH=/opt/ros/iron /home/jason/.local/bin/cmake --install /home/jason/Desktop/STUDY/ART-Driver/workspace/build/rosbridge_msgs
[2.491s] -- Install configuration: ""
[2.492s] -- Installing: /home/jason/Desktop/STUDY/ART-Driver/workspace/install/rosbridge_msgs/share/ament_index/resource_index/rosidl_interfaces/rosbridge_msgs
[2.492s] -- Installing: /home/jason/Desktop/STUDY/ART-Driver/workspace/install/rosbridge_msgs/share/rosbridge_msgs/msg/ConnectedClient.json
[2.492s] -- Installing: /home/jason/Desktop/STUDY/ART-Driver/workspace/install/rosbridge_msgs/share/rosbridge_msgs/msg/ConnectedClients.json
[2.492s] -- Installing: /home/jason/Desktop/STUDY/ART-Driver/workspace/install/rosbridge_msgs/include/rosbridge_msgs/rosbridge_msgs
[2.492s] -- Installing: /home/jason/Desktop/STUDY/ART-Driver/workspace/install/rosbridge_msgs/include/rosbridge_msgs/rosbridge_msgs/msg
[2.492s] -- Installing: /home/jason/Desktop/STUDY/ART-Driver/workspace/install/rosbridge_msgs/include/rosbridge_msgs/rosbridge_msgs/msg/connected_client.h
[2.492s] -- Installing: /home/jason/Desktop/STUDY/ART-Driver/workspace/install/rosbridge_msgs/include/rosbridge_msgs/rosbridge_msgs/msg/connected_clients.h
[2.492s] -- Installing: /home/jason/Desktop/STUDY/ART-Driver/workspace/install/rosbridge_msgs/include/rosbridge_msgs/rosbridge_msgs/msg/rosidl_generator_c__visibility_control.h
[2.493s] -- Installing: /home/jason/Desktop/STUDY/ART-Driver/workspace/install/rosbridge_msgs/include/rosbridge_msgs/rosbridge_msgs/msg/detail
[2.493s] -- Installing: /home/jason/Desktop/STUDY/ART-Driver/workspace/install/rosbridge_msgs/include/rosbridge_msgs/rosbridge_msgs/msg/detail/connected_clients__functions.c
[2.493s] -- Installing: /home/jason/Desktop/STUDY/ART-Driver/workspace/install/rosbridge_msgs/include/rosbridge_msgs/rosbridge_msgs/msg/detail/connected_client__description.c
[2.493s] -- Installing: /home/jason/Desktop/STUDY/ART-Driver/workspace/install/rosbridge_msgs/include/rosbridge_msgs/rosbridge_msgs/msg/detail/connected_clients__struct.h
[2.493s] -- Installing: /home/jason/Desktop/STUDY/ART-Driver/workspace/install/rosbridge_msgs/include/rosbridge_msgs/rosbridge_msgs/msg/detail/connected_clients__type_support.h
[2.493s] -- Installing: /home/jason/Desktop/STUDY/ART-Driver/workspace/install/rosbridge_msgs/include/rosbridge_msgs/rosbridge_msgs/msg/detail/connected_clients__functions.h
[2.493s] -- Installing: /home/jason/Desktop/STUDY/ART-Driver/workspace/install/rosbridge_msgs/include/rosbridge_msgs/rosbridge_msgs/msg/detail/connected_client__functions.c
[2.493s] -- Installing: /home/jason/Desktop/STUDY/ART-Driver/workspace/install/rosbridge_msgs/include/rosbridge_msgs/rosbridge_msgs/msg/detail/connected_clients__type_support.c
[2.493s] -- Installing: /home/jason/Desktop/STUDY/ART-Driver/workspace/install/rosbridge_msgs/include/rosbridge_msgs/rosbridge_msgs/msg/detail/connected_client__struct.h
[2.493s] -- Installing: /home/jason/Desktop/STUDY/ART-Driver/workspace/install/rosbridge_msgs/include/rosbridge_msgs/rosbridge_msgs/msg/detail/connected_client__type_support.h
[2.494s] -- Installing: /home/jason/Desktop/STUDY/ART-Driver/workspace/install/rosbridge_msgs/include/rosbridge_msgs/rosbridge_msgs/msg/detail/connected_client__type_support.c
[2.494s] -- Installing: /home/jason/Desktop/STUDY/ART-Driver/workspace/install/rosbridge_msgs/include/rosbridge_msgs/rosbridge_msgs/msg/detail/connected_client__functions.h
[2.494s] -- Installing: /home/jason/Desktop/STUDY/ART-Driver/workspace/install/rosbridge_msgs/include/rosbridge_msgs/rosbridge_msgs/msg/detail/connected_clients__description.c
[2.494s] -- Installing: /home/jason/Desktop/STUDY/ART-Driver/workspace/install/rosbridge_msgs/share/rosbridge_msgs/environment/library_path.sh
[2.494s] -- Installing: /home/jason/Desktop/STUDY/ART-Driver/workspace/install/rosbridge_msgs/share/rosbridge_msgs/environment/library_path.dsv
[2.494s] -- Installing: /home/jason/Desktop/STUDY/ART-Driver/workspace/install/rosbridge_msgs/lib/librosbridge_msgs__rosidl_generator_c.so
[2.494s] -- Set runtime path of "/home/jason/Desktop/STUDY/ART-Driver/workspace/install/rosbridge_msgs/lib/librosbridge_msgs__rosidl_generator_c.so" to ""
[2.494s] -- Up-to-date: /home/jason/Desktop/STUDY/ART-Driver/workspace/install/rosbridge_msgs/include/rosbridge_msgs/rosbridge_msgs
[2.494s] -- Up-to-date: /home/jason/Desktop/STUDY/ART-Driver/workspace/install/rosbridge_msgs/include/rosbridge_msgs/rosbridge_msgs/msg
[2.494s] -- Installing: /home/jason/Desktop/STUDY/ART-Driver/workspace/install/rosbridge_msgs/include/rosbridge_msgs/rosbridge_msgs/msg/rosidl_typesupport_fastrtps_c__visibility_control.h
[2.494s] -- Up-to-date: /home/jason/Desktop/STUDY/ART-Driver/workspace/install/rosbridge_msgs/include/rosbridge_msgs/rosbridge_msgs/msg/detail
[2.495s] -- Installing: /home/jason/Desktop/STUDY/ART-Driver/workspace/install/rosbridge_msgs/include/rosbridge_msgs/rosbridge_msgs/msg/detail/connected_client__rosidl_typesupport_fastrtps_c.h
[2.495s] -- Installing: /home/jason/Desktop/STUDY/ART-Driver/workspace/install/rosbridge_msgs/include/rosbridge_msgs/rosbridge_msgs/msg/detail/connected_clients__rosidl_typesupport_fastrtps_c.h
[2.495s] -- Installing: /home/jason/Desktop/STUDY/ART-Driver/workspace/install/rosbridge_msgs/lib/librosbridge_msgs__rosidl_typesupport_fastrtps_c.so
[2.495s] -- Set runtime path of "/home/jason/Desktop/STUDY/ART-Driver/workspace/install/rosbridge_msgs/lib/librosbridge_msgs__rosidl_typesupport_fastrtps_c.so" to ""
[2.495s] -- Up-to-date: /home/jason/Desktop/STUDY/ART-Driver/workspace/install/rosbridge_msgs/include/rosbridge_msgs/rosbridge_msgs
[2.495s] -- Up-to-date: /home/jason/Desktop/STUDY/ART-Driver/workspace/install/rosbridge_msgs/include/rosbridge_msgs/rosbridge_msgs/msg
[2.495s] -- Installing: /home/jason/Desktop/STUDY/ART-Driver/workspace/install/rosbridge_msgs/include/rosbridge_msgs/rosbridge_msgs/msg/connected_client.hpp
[2.495s] -- Installing: /home/jason/Desktop/STUDY/ART-Driver/workspace/install/rosbridge_msgs/include/rosbridge_msgs/rosbridge_msgs/msg/connected_clients.hpp
[2.495s] -- Up-to-date: /home/jason/Desktop/STUDY/ART-Driver/workspace/install/rosbridge_msgs/include/rosbridge_msgs/rosbridge_msgs/msg/detail
[2.495s] -- Installing: /home/jason/Desktop/STUDY/ART-Driver/workspace/install/rosbridge_msgs/include/rosbridge_msgs/rosbridge_msgs/msg/detail/connected_client__struct.hpp
[2.495s] -- Installing: /home/jason/Desktop/STUDY/ART-Driver/workspace/install/rosbridge_msgs/include/rosbridge_msgs/rosbridge_msgs/msg/detail/connected_client__traits.hpp
[2.495s] -- Installing: /home/jason/Desktop/STUDY/ART-Driver/workspace/install/rosbridge_msgs/include/rosbridge_msgs/rosbridge_msgs/msg/detail/connected_client__builder.hpp
[2.496s] -- Installing: /home/jason/Desktop/STUDY/ART-Driver/workspace/install/rosbridge_msgs/include/rosbridge_msgs/rosbridge_msgs/msg/detail/connected_clients__traits.hpp
[2.496s] -- Installing: /home/jason/Desktop/STUDY/ART-Driver/workspace/install/rosbridge_msgs/include/rosbridge_msgs/rosbridge_msgs/msg/detail/connected_clients__builder.hpp
[2.496s] -- Installing: /home/jason/Desktop/STUDY/ART-Driver/workspace/install/rosbridge_msgs/include/rosbridge_msgs/rosbridge_msgs/msg/detail/connected_clients__struct.hpp
[2.496s] -- Up-to-date: /home/jason/Desktop/STUDY/ART-Driver/workspace/install/rosbridge_msgs/include/rosbridge_msgs/rosbridge_msgs
[2.496s] -- Up-to-date: /home/jason/Desktop/STUDY/ART-Driver/workspace/install/rosbridge_msgs/include/rosbridge_msgs/rosbridge_msgs/msg
[2.496s] -- Installing: /home/jason/Desktop/STUDY/ART-Driver/workspace/install/rosbridge_msgs/include/rosbridge_msgs/rosbridge_msgs/msg/rosidl_typesupport_fastrtps_cpp__visibility_control.h
[2.496s] -- Up-to-date: /home/jason/Desktop/STUDY/ART-Driver/workspace/install/rosbridge_msgs/include/rosbridge_msgs/rosbridge_msgs/msg/detail
[2.496s] -- Installing: /home/jason/Desktop/STUDY/ART-Driver/workspace/install/rosbridge_msgs/include/rosbridge_msgs/rosbridge_msgs/msg/detail/connected_clients__rosidl_typesupport_fastrtps_cpp.hpp
[2.496s] -- Installing: /home/jason/Desktop/STUDY/ART-Driver/workspace/install/rosbridge_msgs/include/rosbridge_msgs/rosbridge_msgs/msg/detail/connected_client__rosidl_typesupport_fastrtps_cpp.hpp
[2.496s] -- Installing: /home/jason/Desktop/STUDY/ART-Driver/workspace/install/rosbridge_msgs/include/rosbridge_msgs/rosbridge_msgs/msg/detail/dds_fastrtps
[2.496s] -- Installing: /home/jason/Desktop/STUDY/ART-Driver/workspace/install/rosbridge_msgs/lib/librosbridge_msgs__rosidl_typesupport_fastrtps_cpp.so
[2.496s] -- Set runtime path of "/home/jason/Desktop/STUDY/ART-Driver/workspace/install/rosbridge_msgs/lib/librosbridge_msgs__rosidl_typesupport_fastrtps_cpp.so" to ""
[2.496s] -- Up-to-date: /home/jason/Desktop/STUDY/ART-Driver/workspace/install/rosbridge_msgs/include/rosbridge_msgs/rosbridge_msgs
[2.497s] -- Up-to-date: /home/jason/Desktop/STUDY/ART-Driver/workspace/install/rosbridge_msgs/include/rosbridge_msgs/rosbridge_msgs/msg
[2.497s] -- Installing: /home/jason/Desktop/STUDY/ART-Driver/workspace/install/rosbridge_msgs/include/rosbridge_msgs/rosbridge_msgs/msg/rosidl_typesupport_introspection_c__visibility_control.h
[2.497s] -- Up-to-date: /home/jason/Desktop/STUDY/ART-Driver/workspace/install/rosbridge_msgs/include/rosbridge_msgs/rosbridge_msgs/msg/detail
[2.497s] -- Installing: /home/jason/Desktop/STUDY/ART-Driver/workspace/install/rosbridge_msgs/include/rosbridge_msgs/rosbridge_msgs/msg/detail/connected_clients__rosidl_typesupport_introspection_c.h
[2.497s] -- Installing: /home/jason/Desktop/STUDY/ART-Driver/workspace/install/rosbridge_msgs/include/rosbridge_msgs/rosbridge_msgs/msg/detail/connected_clients__type_support.c
[2.497s] -- Installing: /home/jason/Desktop/STUDY/ART-Driver/workspace/install/rosbridge_msgs/include/rosbridge_msgs/rosbridge_msgs/msg/detail/connected_client__rosidl_typesupport_introspection_c.h
[2.497s] -- Installing: /home/jason/Desktop/STUDY/ART-Driver/workspace/install/rosbridge_msgs/include/rosbridge_msgs/rosbridge_msgs/msg/detail/connected_client__type_support.c
[2.497s] -- Installing: /home/jason/Desktop/STUDY/ART-Driver/workspace/install/rosbridge_msgs/lib/librosbridge_msgs__rosidl_typesupport_introspection_c.so
[2.497s] -- Set runtime path of "/home/jason/Desktop/STUDY/ART-Driver/workspace/install/rosbridge_msgs/lib/librosbridge_msgs__rosidl_typesupport_introspection_c.so" to ""
[2.497s] -- Installing: /home/jason/Desktop/STUDY/ART-Driver/workspace/install/rosbridge_msgs/lib/librosbridge_msgs__rosidl_typesupport_c.so
[2.497s] -- Set runtime path of "/home/jason/Desktop/STUDY/ART-Driver/workspace/install/rosbridge_msgs/lib/librosbridge_msgs__rosidl_typesupport_c.so" to ""
[2.497s] -- Up-to-date: /home/jason/Desktop/STUDY/ART-Driver/workspace/install/rosbridge_msgs/include/rosbridge_msgs/rosbridge_msgs
[2.498s] -- Up-to-date: /home/jason/Desktop/STUDY/ART-Driver/workspace/install/rosbridge_msgs/include/rosbridge_msgs/rosbridge_msgs/msg
[2.498s] -- Up-to-date: /home/jason/Desktop/STUDY/ART-Driver/workspace/install/rosbridge_msgs/include/rosbridge_msgs/rosbridge_msgs/msg/detail
[2.498s] -- Installing: /home/jason/Desktop/STUDY/ART-Driver/workspace/install/rosbridge_msgs/include/rosbridge_msgs/rosbridge_msgs/msg/detail/connected_clients__rosidl_typesupport_introspection_cpp.hpp
[2.498s] -- Installing: /home/jason/Desktop/STUDY/ART-Driver/workspace/install/rosbridge_msgs/include/rosbridge_msgs/rosbridge_msgs/msg/detail/connected_clients__type_support.cpp
[2.498s] -- Installing: /home/jason/Desktop/STUDY/ART-Driver/workspace/install/rosbridge_msgs/include/rosbridge_msgs/rosbridge_msgs/msg/detail/connected_client__type_support.cpp
[2.498s] -- Installing: /home/jason/Desktop/STUDY/ART-Driver/workspace/install/rosbridge_msgs/include/rosbridge_msgs/rosbridge_msgs/msg/detail/connected_client__rosidl_typesupport_introspection_cpp.hpp
[2.498s] -- Installing: /home/jason/Desktop/STUDY/ART-Driver/workspace/install/rosbridge_msgs/lib/librosbridge_msgs__rosidl_typesupport_introspection_cpp.so
[2.498s] -- Set runtime path of "/home/jason/Desktop/STUDY/ART-Driver/workspace/install/rosbridge_msgs/lib/librosbridge_msgs__rosidl_typesupport_introspection_cpp.so" to ""
[2.498s] -- Installing: /home/jason/Desktop/STUDY/ART-Driver/workspace/install/rosbridge_msgs/lib/librosbridge_msgs__rosidl_typesupport_cpp.so
[2.498s] -- Set runtime path of "/home/jason/Desktop/STUDY/ART-Driver/workspace/install/rosbridge_msgs/lib/librosbridge_msgs__rosidl_typesupport_cpp.so" to ""
[2.498s] -- Installing: /home/jason/Desktop/STUDY/ART-Driver/workspace/install/rosbridge_msgs/share/rosbridge_msgs/environment/pythonpath.sh
[2.499s] -- Installing: /home/jason/Desktop/STUDY/ART-Driver/workspace/install/rosbridge_msgs/share/rosbridge_msgs/environment/pythonpath.dsv
[2.499s] -- Installing: /home/jason/Desktop/STUDY/ART-Driver/workspace/install/rosbridge_msgs/lib/python3.10/site-packages/rosbridge_msgs-1.3.1-py3.10.egg-info
[2.499s] -- Installing: /home/jason/Desktop/STUDY/ART-Driver/workspace/install/rosbridge_msgs/lib/python3.10/site-packages/rosbridge_msgs-1.3.1-py3.10.egg-info/top_level.txt
[2.499s] -- Installing: /home/jason/Desktop/STUDY/ART-Driver/workspace/install/rosbridge_msgs/lib/python3.10/site-packages/rosbridge_msgs-1.3.1-py3.10.egg-info/dependency_links.txt
[2.499s] -- Installing: /home/jason/Desktop/STUDY/ART-Driver/workspace/install/rosbridge_msgs/lib/python3.10/site-packages/rosbridge_msgs-1.3.1-py3.10.egg-info/SOURCES.txt
[2.499s] -- Installing: /home/jason/Desktop/STUDY/ART-Driver/workspace/install/rosbridge_msgs/lib/python3.10/site-packages/rosbridge_msgs-1.3.1-py3.10.egg-info/PKG-INFO
[2.499s] -- Installing: /home/jason/Desktop/STUDY/ART-Driver/workspace/install/rosbridge_msgs/lib/python3.10/site-packages/rosbridge_msgs
[2.499s] -- Installing: /home/jason/Desktop/STUDY/ART-Driver/workspace/install/rosbridge_msgs/lib/python3.10/site-packages/rosbridge_msgs/rosbridge_msgs_s__rosidl_typesupport_c.cpython-310-x86_64-linux-gnu.so
[2.499s] -- Installing: /home/jason/Desktop/STUDY/ART-Driver/workspace/install/rosbridge_msgs/lib/python3.10/site-packages/rosbridge_msgs/__init__.py
[2.499s] -- Installing: /home/jason/Desktop/STUDY/ART-Driver/workspace/install/rosbridge_msgs/lib/python3.10/site-packages/rosbridge_msgs/_rosbridge_msgs_s.ep.rosidl_typesupport_fastrtps_c.c
[2.499s] -- Installing: /home/jason/Desktop/STUDY/ART-Driver/workspace/install/rosbridge_msgs/lib/python3.10/site-packages/rosbridge_msgs/_rosbridge_msgs_s.ep.rosidl_typesupport_introspection_c.c
[2.500s] -- Installing: /home/jason/Desktop/STUDY/ART-Driver/workspace/install/rosbridge_msgs/lib/python3.10/site-packages/rosbridge_msgs/rosbridge_msgs_s__rosidl_typesupport_fastrtps_c.cpython-310-x86_64-linux-gnu.so
[2.500s] -- Installing: /home/jason/Desktop/STUDY/ART-Driver/workspace/install/rosbridge_msgs/lib/python3.10/site-packages/rosbridge_msgs/_rosbridge_msgs_s.ep.rosidl_typesupport_c.c
[2.500s] -- Installing: /home/jason/Desktop/STUDY/ART-Driver/workspace/install/rosbridge_msgs/lib/python3.10/site-packages/rosbridge_msgs/librosbridge_msgs__rosidl_generator_py.so
[2.500s] -- Installing: /home/jason/Desktop/STUDY/ART-Driver/workspace/install/rosbridge_msgs/lib/python3.10/site-packages/rosbridge_msgs/msg
[2.500s] -- Installing: /home/jason/Desktop/STUDY/ART-Driver/workspace/install/rosbridge_msgs/lib/python3.10/site-packages/rosbridge_msgs/msg/_connected_client_s.c
[2.500s] -- Installing: /home/jason/Desktop/STUDY/ART-Driver/workspace/install/rosbridge_msgs/lib/python3.10/site-packages/rosbridge_msgs/msg/_connected_clients.py
[2.500s] -- Installing: /home/jason/Desktop/STUDY/ART-Driver/workspace/install/rosbridge_msgs/lib/python3.10/site-packages/rosbridge_msgs/msg/_connected_client.py
[2.500s] -- Installing: /home/jason/Desktop/STUDY/ART-Driver/workspace/install/rosbridge_msgs/lib/python3.10/site-packages/rosbridge_msgs/msg/_connected_clients_s.c
[2.500s] -- Installing: /home/jason/Desktop/STUDY/ART-Driver/workspace/install/rosbridge_msgs/lib/python3.10/site-packages/rosbridge_msgs/msg/__init__.py
[2.500s] -- Installing: /home/jason/Desktop/STUDY/ART-Driver/workspace/install/rosbridge_msgs/lib/python3.10/site-packages/rosbridge_msgs/rosbridge_msgs_s__rosidl_typesupport_introspection_c.cpython-310-x86_64-linux-gnu.so
[2.523s] Listing '/home/jason/Desktop/STUDY/ART-Driver/workspace/install/rosbridge_msgs/lib/python3.10/site-packages/rosbridge_msgs'...
[2.523s] Compiling '/home/jason/Desktop/STUDY/ART-Driver/workspace/install/rosbridge_msgs/lib/python3.10/site-packages/rosbridge_msgs/__init__.py'...
[2.523s] Listing '/home/jason/Desktop/STUDY/ART-Driver/workspace/install/rosbridge_msgs/lib/python3.10/site-packages/rosbridge_msgs/msg'...
[2.523s] Compiling '/home/jason/Desktop/STUDY/ART-Driver/workspace/install/rosbridge_msgs/lib/python3.10/site-packages/rosbridge_msgs/msg/__init__.py'...
[2.523s] Compiling '/home/jason/Desktop/STUDY/ART-Driver/workspace/install/rosbridge_msgs/lib/python3.10/site-packages/rosbridge_msgs/msg/_connected_client.py'...
[2.523s] Compiling '/home/jason/Desktop/STUDY/ART-Driver/workspace/install/rosbridge_msgs/lib/python3.10/site-packages/rosbridge_msgs/msg/_connected_clients.py'...
[2.526s] -- Installing: /home/jason/Desktop/STUDY/ART-Driver/workspace/install/rosbridge_msgs/lib/python3.10/site-packages/rosbridge_msgs/rosbridge_msgs_s__rosidl_typesupport_fastrtps_c.cpython-310-x86_64-linux-gnu.so
[2.526s] -- Set runtime path of "/home/jason/Desktop/STUDY/ART-Driver/workspace/install/rosbridge_msgs/lib/python3.10/site-packages/rosbridge_msgs/rosbridge_msgs_s__rosidl_typesupport_fastrtps_c.cpython-310-x86_64-linux-gnu.so" to ""
[2.526s] -- Installing: /home/jason/Desktop/STUDY/ART-Driver/workspace/install/rosbridge_msgs/lib/python3.10/site-packages/rosbridge_msgs/rosbridge_msgs_s__rosidl_typesupport_introspection_c.cpython-310-x86_64-linux-gnu.so
[2.526s] -- Set runtime path of "/home/jason/Desktop/STUDY/ART-Driver/workspace/install/rosbridge_msgs/lib/python3.10/site-packages/rosbridge_msgs/rosbridge_msgs_s__rosidl_typesupport_introspection_c.cpython-310-x86_64-linux-gnu.so" to ""
[2.526s] -- Installing: /home/jason/Desktop/STUDY/ART-Driver/workspace/install/rosbridge_msgs/lib/python3.10/site-packages/rosbridge_msgs/rosbridge_msgs_s__rosidl_typesupport_c.cpython-310-x86_64-linux-gnu.so
[2.527s] -- Set runtime path of "/home/jason/Desktop/STUDY/ART-Driver/workspace/install/rosbridge_msgs/lib/python3.10/site-packages/rosbridge_msgs/rosbridge_msgs_s__rosidl_typesupport_c.cpython-310-x86_64-linux-gnu.so" to ""
[2.527s] -- Installing: /home/jason/Desktop/STUDY/ART-Driver/workspace/install/rosbridge_msgs/lib/librosbridge_msgs__rosidl_generator_py.so
[2.527s] -- Set runtime path of "/home/jason/Desktop/STUDY/ART-Driver/workspace/install/rosbridge_msgs/lib/librosbridge_msgs__rosidl_generator_py.so" to ""
[2.527s] -- Installing: /home/jason/Desktop/STUDY/ART-Driver/workspace/install/rosbridge_msgs/share/rosbridge_msgs/msg/ConnectedClient.idl
[2.527s] -- Installing: /home/jason/Desktop/STUDY/ART-Driver/workspace/install/rosbridge_msgs/share/rosbridge_msgs/msg/ConnectedClients.idl
[2.527s] -- Installing: /home/jason/Desktop/STUDY/ART-Driver/workspace/install/rosbridge_msgs/share/rosbridge_msgs/msg/ConnectedClient.msg
[2.527s] -- Installing: /home/jason/Desktop/STUDY/ART-Driver/workspace/install/rosbridge_msgs/share/rosbridge_msgs/msg/ConnectedClients.msg
[2.527s] -- Installing: /home/jason/Desktop/STUDY/ART-Driver/workspace/install/rosbridge_msgs/share/ament_index/resource_index/package_run_dependencies/rosbridge_msgs
[2.528s] -- Installing: /home/jason/Desktop/STUDY/ART-Driver/workspace/install/rosbridge_msgs/share/ament_index/resource_index/parent_prefix_path/rosbridge_msgs
[2.528s] -- Installing: /home/jason/Desktop/STUDY/ART-Driver/workspace/install/rosbridge_msgs/share/rosbridge_msgs/environment/ament_prefix_path.sh
[2.528s] -- Installing: /home/jason/Desktop/STUDY/ART-Driver/workspace/install/rosbridge_msgs/share/rosbridge_msgs/environment/ament_prefix_path.dsv
[2.528s] -- Installing: /home/jason/Desktop/STUDY/ART-Driver/workspace/install/rosbridge_msgs/share/rosbridge_msgs/environment/path.sh
[2.528s] -- Installing: /home/jason/Desktop/STUDY/ART-Driver/workspace/install/rosbridge_msgs/share/rosbridge_msgs/environment/path.dsv
[2.528s] -- Installing: /home/jason/Desktop/STUDY/ART-Driver/workspace/install/rosbridge_msgs/share/rosbridge_msgs/local_setup.bash
[2.528s] -- Installing: /home/jason/Desktop/STUDY/ART-Driver/workspace/install/rosbridge_msgs/share/rosbridge_msgs/local_setup.sh
[2.528s] -- Installing: /home/jason/Desktop/STUDY/ART-Driver/workspace/install/rosbridge_msgs/share/rosbridge_msgs/local_setup.zsh
[2.528s] -- Installing: /home/jason/Desktop/STUDY/ART-Driver/workspace/install/rosbridge_msgs/share/rosbridge_msgs/local_setup.dsv
[2.528s] -- Installing: /home/jason/Desktop/STUDY/ART-Driver/workspace/install/rosbridge_msgs/share/rosbridge_msgs/package.dsv
[2.528s] -- Installing: /home/jason/Desktop/STUDY/ART-Driver/workspace/install/rosbridge_msgs/share/ament_index/resource_index/packages/rosbridge_msgs
[2.529s] -- Installing: /home/jason/Desktop/STUDY/ART-Driver/workspace/install/rosbridge_msgs/share/rosbridge_msgs/cmake/export_rosbridge_msgs__rosidl_generator_cExport.cmake
[2.529s] -- Installing: /home/jason/Desktop/STUDY/ART-Driver/workspace/install/rosbridge_msgs/share/rosbridge_msgs/cmake/export_rosbridge_msgs__rosidl_generator_cExport-noconfig.cmake
[2.529s] -- Installing: /home/jason/Desktop/STUDY/ART-Driver/workspace/install/rosbridge_msgs/share/rosbridge_msgs/cmake/export_rosbridge_msgs__rosidl_typesupport_fastrtps_cExport.cmake
[2.529s] -- Installing: /home/jason/Desktop/STUDY/ART-Driver/workspace/install/rosbridge_msgs/share/rosbridge_msgs/cmake/export_rosbridge_msgs__rosidl_typesupport_fastrtps_cExport-noconfig.cmake
[2.529s] -- Installing: /home/jason/Desktop/STUDY/ART-Driver/workspace/install/rosbridge_msgs/share/rosbridge_msgs/cmake/export_rosbridge_msgs__rosidl_generator_cppExport.cmake
[2.529s] -- Installing: /home/jason/Desktop/STUDY/ART-Driver/workspace/install/rosbridge_msgs/share/rosbridge_msgs/cmake/export_rosbridge_msgs__rosidl_typesupport_fastrtps_cppExport.cmake
[2.529s] -- Installing: /home/jason/Desktop/STUDY/ART-Driver/workspace/install/rosbridge_msgs/share/rosbridge_msgs/cmake/export_rosbridge_msgs__rosidl_typesupport_fastrtps_cppExport-noconfig.cmake
[2.529s] -- Installing: /home/jason/Desktop/STUDY/ART-Driver/workspace/install/rosbridge_msgs/share/rosbridge_msgs/cmake/rosbridge_msgs__rosidl_typesupport_introspection_cExport.cmake
[2.529s] -- Installing: /home/jason/Desktop/STUDY/ART-Driver/workspace/install/rosbridge_msgs/share/rosbridge_msgs/cmake/rosbridge_msgs__rosidl_typesupport_introspection_cExport-noconfig.cmake
[2.529s] -- Installing: /home/jason/Desktop/STUDY/ART-Driver/workspace/install/rosbridge_msgs/share/rosbridge_msgs/cmake/rosbridge_msgs__rosidl_typesupport_cExport.cmake
[2.530s] -- Installing: /home/jason/Desktop/STUDY/ART-Driver/workspace/install/rosbridge_msgs/share/rosbridge_msgs/cmake/rosbridge_msgs__rosidl_typesupport_cExport-noconfig.cmake
[2.530s] -- Installing: /home/jason/Desktop/STUDY/ART-Driver/workspace/install/rosbridge_msgs/share/rosbridge_msgs/cmake/rosbridge_msgs__rosidl_typesupport_introspection_cppExport.cmake
[2.530s] -- Installing: /home/jason/Desktop/STUDY/ART-Driver/workspace/install/rosbridge_msgs/share/rosbridge_msgs/cmake/rosbridge_msgs__rosidl_typesupport_introspection_cppExport-noconfig.cmake
[2.530s] -- Installing: /home/jason/Desktop/STUDY/ART-Driver/workspace/install/rosbridge_msgs/share/rosbridge_msgs/cmake/rosbridge_msgs__rosidl_typesupport_cppExport.cmake
[2.530s] -- Installing: /home/jason/Desktop/STUDY/ART-Driver/workspace/install/rosbridge_msgs/share/rosbridge_msgs/cmake/rosbridge_msgs__rosidl_typesupport_cppExport-noconfig.cmake
[2.530s] -- Installing: /home/jason/Desktop/STUDY/ART-Driver/workspace/install/rosbridge_msgs/share/rosbridge_msgs/cmake/export_rosbridge_msgs__rosidl_generator_pyExport.cmake
[2.530s] -- Installing: /home/jason/Desktop/STUDY/ART-Driver/workspace/install/rosbridge_msgs/share/rosbridge_msgs/cmake/export_rosbridge_msgs__rosidl_generator_pyExport-noconfig.cmake
[2.530s] -- Installing: /home/jason/Desktop/STUDY/ART-Driver/workspace/install/rosbridge_msgs/share/rosbridge_msgs/cmake/rosidl_cmake-extras.cmake
[2.530s] -- Installing: /home/jason/Desktop/STUDY/ART-Driver/workspace/install/rosbridge_msgs/share/rosbridge_msgs/cmake/ament_cmake_export_dependencies-extras.cmake
[2.530s] -- Installing: /home/jason/Desktop/STUDY/ART-Driver/workspace/install/rosbridge_msgs/share/rosbridge_msgs/cmake/ament_cmake_export_include_directories-extras.cmake
[2.530s] -- Installing: /home/jason/Desktop/STUDY/ART-Driver/workspace/install/rosbridge_msgs/share/rosbridge_msgs/cmake/ament_cmake_export_libraries-extras.cmake
[2.531s] -- Installing: /home/jason/Desktop/STUDY/ART-Driver/workspace/install/rosbridge_msgs/share/rosbridge_msgs/cmake/ament_cmake_export_targets-extras.cmake
[2.531s] -- Installing: /home/jason/Desktop/STUDY/ART-Driver/workspace/install/rosbridge_msgs/share/rosbridge_msgs/cmake/rosidl_cmake_export_typesupport_targets-extras.cmake
[2.531s] -- Installing: /home/jason/Desktop/STUDY/ART-Driver/workspace/install/rosbridge_msgs/share/rosbridge_msgs/cmake/rosidl_cmake_export_typesupport_libraries-extras.cmake
[2.531s] -- Installing: /home/jason/Desktop/STUDY/ART-Driver/workspace/install/rosbridge_msgs/share/rosbridge_msgs/cmake/rosbridge_msgsConfig.cmake
[2.531s] -- Installing: /home/jason/Desktop/STUDY/ART-Driver/workspace/install/rosbridge_msgs/share/rosbridge_msgs/cmake/rosbridge_msgsConfig-version.cmake
[2.531s] -- Installing: /home/jason/Desktop/STUDY/ART-Driver/workspace/install/rosbridge_msgs/share/rosbridge_msgs/package.xml
[2.535s] Invoked command in '/home/jason/Desktop/STUDY/ART-Driver/workspace/build/rosbridge_msgs' returned '0': CMAKE_PREFIX_PATH=/opt/ros/iron /home/jason/.local/bin/cmake --install /home/jason/Desktop/STUDY/ART-Driver/workspace/build/rosbridge_msgs
