[1.237s] Invoking command in '/home/jason/Desktop/STUDY/ART-Driver/workspace/src/udp_to_ros': PYTHONPATH=/home/jason/Desktop/STUDY/ART-Driver/workspace/build/udp_to_ros/prefix_override:/home/jason/Desktop/STUDY/ART-Driver/workspace/install/udp_to_ros/lib/python3.10/site-packages:${PYTHONPATH} /usr/bin/python3 setup.py egg_info --egg-base ../../build/udp_to_ros build --build-base /home/jason/Desktop/STUDY/ART-Driver/workspace/build/udp_to_ros/build install --record /home/jason/Desktop/STUDY/ART-Driver/workspace/build/udp_to_ros/install.log --single-version-externally-managed
[1.427s] running egg_info
[1.428s] creating ../../build/udp_to_ros/udp_to_ros.egg-info
[1.443s] writing ../../build/udp_to_ros/udp_to_ros.egg-info/PKG-INFO
[1.444s] writing dependency_links to ../../build/udp_to_ros/udp_to_ros.egg-info/dependency_links.txt
[1.444s] writing entry points to ../../build/udp_to_ros/udp_to_ros.egg-info/entry_points.txt
[1.444s] writing requirements to ../../build/udp_to_ros/udp_to_ros.egg-info/requires.txt
[1.444s] writing top-level names to ../../build/udp_to_ros/udp_to_ros.egg-info/top_level.txt
[1.444s] writing manifest file '../../build/udp_to_ros/udp_to_ros.egg-info/SOURCES.txt'
[1.481s] reading manifest file '../../build/udp_to_ros/udp_to_ros.egg-info/SOURCES.txt'
[1.482s] writing manifest file '../../build/udp_to_ros/udp_to_ros.egg-info/SOURCES.txt'
[1.482s] running build
[1.482s] running build_py
[1.482s] creating /home/jason/Desktop/STUDY/ART-Driver/workspace/build/udp_to_ros/build
[1.482s] creating /home/jason/Desktop/STUDY/ART-Driver/workspace/build/udp_to_ros/build/lib
[1.482s] creating /home/jason/Desktop/STUDY/ART-Driver/workspace/build/udp_to_ros/build/lib/udp_to_ros
[1.482s] copying udp_to_ros/udp_listener_node.py -> /home/jason/Desktop/STUDY/ART-Driver/workspace/build/udp_to_ros/build/lib/udp_to_ros
[1.482s] copying udp_to_ros/__init__.py -> /home/jason/Desktop/STUDY/ART-Driver/workspace/build/udp_to_ros/build/lib/udp_to_ros
[1.483s] running install
[1.483s] /home/jason/.local/lib/python3.10/site-packages/setuptools/_distutils/cmd.py:66: SetuptoolsDeprecationWarning: setup.py install is deprecated.
[1.483s] !!
[1.483s] 
[1.483s]         ********************************************************************************
[1.483s]         Please avoid running ``setup.py`` directly.
[1.483s]         Instead, use pypa/build, pypa/installer or other
[1.483s]         standards-based tools.
[1.483s] 
[1.483s]         See https://blog.ganssle.io/articles/2021/10/setup-py-deprecated.html for details.
[1.483s]         ********************************************************************************
[1.483s] 
[1.484s] !!
[1.484s]   self.initialize_options()
[1.487s] running install_lib
[1.502s] creating /home/jason/Desktop/STUDY/ART-Driver/workspace/install/udp_to_ros/lib/python3.10/site-packages/udp_to_ros
[1.502s] copying /home/jason/Desktop/STUDY/ART-Driver/workspace/build/udp_to_ros/build/lib/udp_to_ros/udp_listener_node.py -> /home/jason/Desktop/STUDY/ART-Driver/workspace/install/udp_to_ros/lib/python3.10/site-packages/udp_to_ros
[1.503s] copying /home/jason/Desktop/STUDY/ART-Driver/workspace/build/udp_to_ros/build/lib/udp_to_ros/__init__.py -> /home/jason/Desktop/STUDY/ART-Driver/workspace/install/udp_to_ros/lib/python3.10/site-packages/udp_to_ros
[1.503s] byte-compiling /home/jason/Desktop/STUDY/ART-Driver/workspace/install/udp_to_ros/lib/python3.10/site-packages/udp_to_ros/udp_listener_node.py to udp_listener_node.cpython-310.pyc
[1.503s] byte-compiling /home/jason/Desktop/STUDY/ART-Driver/workspace/install/udp_to_ros/lib/python3.10/site-packages/udp_to_ros/__init__.py to __init__.cpython-310.pyc
[1.503s] running install_data
[1.519s] creating /home/jason/Desktop/STUDY/ART-Driver/workspace/install/udp_to_ros/share/ament_index
[1.519s] creating /home/jason/Desktop/STUDY/ART-Driver/workspace/install/udp_to_ros/share/ament_index/resource_index
[1.519s] creating /home/jason/Desktop/STUDY/ART-Driver/workspace/install/udp_to_ros/share/ament_index/resource_index/packages
[1.519s] copying resource/udp_to_ros -> /home/jason/Desktop/STUDY/ART-Driver/workspace/install/udp_to_ros/share/ament_index/resource_index/packages
[1.519s] copying package.xml -> /home/jason/Desktop/STUDY/ART-Driver/workspace/install/udp_to_ros/share/udp_to_ros
[1.520s] running install_egg_info
[1.535s] Copying ../../build/udp_to_ros/udp_to_ros.egg-info to /home/jason/Desktop/STUDY/ART-Driver/workspace/install/udp_to_ros/lib/python3.10/site-packages/udp_to_ros-0.0.0-py3.10.egg-info
[1.536s] running install_scripts
[1.669s] Installing udp_listener script to /home/jason/Desktop/STUDY/ART-Driver/workspace/install/udp_to_ros/lib/udp_to_ros
[1.669s] writing list of installed files to '/home/jason/Desktop/STUDY/ART-Driver/workspace/build/udp_to_ros/install.log'
