[0.273s] Invoking command in '/home/jason/Desktop/STUDY/ART-Driver/workspace/build/rosbridge_msgs': CMAKE_PREFIX_PATH=/opt/ros/iron /home/jason/.local/bin/cmake /home/jason/Desktop/STUDY/ART-Driver/workspace/src/rosbridge_suite/rosbridge_msgs -DCMAKE_INSTALL_PREFIX=/home/jason/Desktop/STUDY/ART-Driver/workspace/install/rosbridge_msgs
[0.694s] -- The C compiler identification is GNU 11.4.0
[0.694s] -- The CXX compiler identification is GNU 11.4.0
[0.694s] -- Detecting C compiler ABI info
[0.694s] -- Detecting C compiler ABI info - done
[0.694s] -- Check for working C compiler: /usr/bin/cc - skipped
[0.694s] -- Detecting C compile features
[0.694s] -- Detecting C compile features - done
[0.694s] -- Detecting CXX compiler ABI info
[0.694s] -- Detecting CXX compiler ABI info - done
[0.694s] -- Check for working CXX compiler: /usr/bin/c++ - skipped
[0.694s] -- Detecting CXX compile features
[0.695s] -- Detecting CXX compile features - done
[0.695s] -- Found ament_cmake_ros: 0.11.2 (/opt/ros/iron/share/ament_cmake_ros/cmake)
[0.869s] -- Found Python3: /usr/bin/python3.10 (found version "3.10.12") found components: Interpreter 
[0.941s] -- Found builtin_interfaces: 1.6.0 (/opt/ros/iron/share/builtin_interfaces/cmake)
[0.979s] -- Found rosidl_generator_c: 4.0.1 (/opt/ros/iron/share/rosidl_generator_c/cmake)
[0.994s] -- Found rosidl_generator_cpp: 4.0.1 (/opt/ros/iron/share/rosidl_generator_cpp/cmake)
[1.015s] -- Using all available rosidl_typesupport_c: rosidl_typesupport_fastrtps_c;rosidl_typesupport_introspection_c
[1.038s] -- Using all available rosidl_typesupport_cpp: rosidl_typesupport_fastrtps_cpp;rosidl_typesupport_introspection_cpp
[1.059s] -- Found rosidl_default_generators: 1.5.0 (/opt/ros/iron/share/rosidl_default_generators/cmake)
[1.074s] -- Found rosidl_adapter: 4.0.1 (/opt/ros/iron/share/rosidl_adapter/cmake)
[1.994s] -- Using all available rosidl_typesupport_c: rosidl_typesupport_fastrtps_c;rosidl_typesupport_introspection_c
[2.189s] -- Using all available rosidl_typesupport_cpp: rosidl_typesupport_fastrtps_cpp;rosidl_typesupport_introspection_cpp
[2.191s] [33mCMake Warning (dev) at /opt/ros/iron/share/rosidl_generator_py/cmake/rosidl_generator_py_generate_interfaces.cmake:20 (find_package):
[2.191s]   Policy CMP0148 is not set: The FindPythonInterp and FindPythonLibs modules
[2.191s]   are removed.  Run "cmake --help-policy CMP0148" for policy details.  Use
[2.191s]   the cmake_policy command to set the policy and suppress this warning.
[2.191s] 
[2.191s] Call Stack (most recent call first):
[2.191s]   /opt/ros/iron/share/ament_cmake_core/cmake/core/ament_execute_extensions.cmake:48 (include)
[2.191s]   /opt/ros/iron/share/rosidl_cmake/cmake/rosidl_generate_interfaces.cmake:316 (ament_execute_extensions)
[2.191s]   CMakeLists.txt:12 (rosidl_generate_interfaces)
[2.191s] This warning is for project developers.  Use -Wno-dev to suppress it.
[2.191s] [0m
[2.206s] -- Found PythonInterp: /usr/bin/python3 (found suitable version "3.10.12", minimum required is "3.6") 
[2.208s] -- Found python_cmake_module: 0.10.2 (/opt/ros/iron/share/python_cmake_module/cmake)
[2.209s] [33mCMake Warning (dev) at /opt/ros/iron/share/python_cmake_module/cmake/Modules/FindPythonExtra.cmake:52 (find_package):
[2.209s]   Policy CMP0148 is not set: The FindPythonInterp and FindPythonLibs modules
[2.209s]   are removed.  Run "cmake --help-policy CMP0148" for policy details.  Use
[2.209s]   the cmake_policy command to set the policy and suppress this warning.
[2.209s] 
[2.209s] Call Stack (most recent call first):
[2.209s]   /opt/ros/iron/share/rosidl_generator_py/cmake/rosidl_generator_py_generate_interfaces.cmake:23 (find_package)
[2.209s]   /opt/ros/iron/share/ament_cmake_core/cmake/core/ament_execute_extensions.cmake:48 (include)
[2.209s]   /opt/ros/iron/share/rosidl_cmake/cmake/rosidl_generate_interfaces.cmake:316 (ament_execute_extensions)
[2.209s]   CMakeLists.txt:12 (rosidl_generate_interfaces)
[2.209s] This warning is for project developers.  Use -Wno-dev to suppress it.
[2.209s] [0m
[2.224s] [33mCMake Warning (dev) at /opt/ros/iron/share/python_cmake_module/cmake/Modules/FindPythonExtra.cmake:140 (find_package):
[2.225s]   Policy CMP0148 is not set: The FindPythonInterp and FindPythonLibs modules
[2.225s]   are removed.  Run "cmake --help-policy CMP0148" for policy details.  Use
[2.225s]   the cmake_policy command to set the policy and suppress this warning.
[2.225s] 
[2.225s] Call Stack (most recent call first):
[2.225s]   /opt/ros/iron/share/rosidl_generator_py/cmake/rosidl_generator_py_generate_interfaces.cmake:23 (find_package)
[2.225s]   /opt/ros/iron/share/ament_cmake_core/cmake/core/ament_execute_extensions.cmake:48 (include)
[2.225s]   /opt/ros/iron/share/rosidl_cmake/cmake/rosidl_generate_interfaces.cmake:316 (ament_execute_extensions)
[2.225s]   CMakeLists.txt:12 (rosidl_generate_interfaces)
[2.225s] This warning is for project developers.  Use -Wno-dev to suppress it.
[2.225s] [0m
[2.234s] -- Found PythonLibs: /usr/lib/x86_64-linux-gnu/libpython3.10.so (found suitable version "3.10.12", minimum required is "3.5") 
[2.234s] -- Using PYTHON_EXECUTABLE: /usr/bin/python3
[2.234s] -- Using PYTHON_INCLUDE_DIRS: /usr/include/python3.10
[2.234s] -- Using PYTHON_LIBRARIES: /usr/lib/x86_64-linux-gnu/libpython3.10.so
[2.250s] -- Found PythonExtra: .so  
[2.287s] -- Configuring done (2.0s)
[2.320s] -- Generating done (0.0s)
[2.323s] -- Build files have been written to: /home/jason/Desktop/STUDY/ART-Driver/workspace/build/rosbridge_msgs
