[0.051s] Invoking command in '/home/jason/Desktop/STUDY/ART-Driver/workspace/build/rosbridge_server': AMENT_PREFIX_PATH=/home/jason/Desktop/STUDY/ART-Driver/workspace/install/rosapi:/home/jason/Desktop/STUDY/ART-Driver/workspace/install/rosbridge_library:/home/jason/Desktop/STUDY/ART-Driver/workspace/install/rosbridge_msgs:/home/jason/Desktop/STUDY/ART-Driver/workspace/install/rosapi_msgs:${AMENT_PREFIX_PATH} CMAKE_PREFIX_PATH=/home/jason/Desktop/STUDY/ART-Driver/workspace/install/rosapi:/home/jason/Desktop/STUDY/ART-Driver/workspace/install/rosbridge_library:/home/jason/Desktop/STUDY/ART-Driver/workspace/install/rosbridge_msgs:/home/jason/Desktop/STUDY/ART-Driver/workspace/install/rosapi_msgs:/opt/ros/iron LD_LIBRARY_PATH=/home/jason/Desktop/STUDY/ART-Driver/workspace/install/rosbridge_msgs/lib:/home/jason/Desktop/STUDY/ART-Driver/workspace/install/rosapi_msgs/lib:${LD_LIBRARY_PATH} PYTHONPATH=/home/jason/Desktop/STUDY/ART-Driver/workspace/install/rosapi/lib/python3.10/site-packages:/home/jason/Desktop/STUDY/ART-Driver/workspace/install/rosbridge_library/lib/python3.10/site-packages:/home/jason/Desktop/STUDY/ART-Driver/workspace/install/rosbridge_msgs/lib/python3.10/site-packages:/home/jason/Desktop/STUDY/ART-Driver/workspace/install/rosapi_msgs/lib/python3.10/site-packages:${PYTHONPATH} /home/jason/.local/bin/cmake /home/jason/Desktop/STUDY/ART-Driver/workspace/src/rosbridge_suite/rosbridge_server -DCMAKE_INSTALL_PREFIX=/home/jason/Desktop/STUDY/ART-Driver/workspace/install/rosbridge_server
[0.100s] -- The C compiler identification is GNU 11.4.0
[0.138s] -- The CXX compiler identification is GNU 11.4.0
[0.148s] -- Detecting C compiler ABI info
[0.186s] -- Detecting C compiler ABI info - done
[0.196s] -- Check for working C compiler: /usr/bin/cc - skipped
[0.196s] -- Detecting C compile features
[0.197s] -- Detecting C compile features - done
[0.203s] -- Detecting CXX compiler ABI info
[0.250s] -- Detecting CXX compiler ABI info - done
[0.261s] -- Check for working CXX compiler: /usr/bin/c++ - skipped
[0.261s] -- Detecting CXX compile features
[0.261s] -- Detecting CXX compile features - done
[0.263s] -- Found ament_cmake_ros: 0.11.2 (/opt/ros/iron/share/ament_cmake_ros/cmake)
[0.598s] -- Found Python3: /usr/bin/python3.10 (found version "3.10.12") found components: Interpreter 
[0.766s] -- Found launch_testing_ament_cmake: 2.0.2 (/opt/ros/iron/share/launch_testing_ament_cmake/cmake)
[0.767s] -- Found python_cmake_module: 0.10.2 (/opt/ros/iron/share/python_cmake_module/cmake)
[0.767s] [33mCMake Warning (dev) at /opt/ros/iron/share/python_cmake_module/cmake/Modules/FindPythonExtra.cmake:52 (find_package):
[0.767s]   Policy CMP0148 is not set: The FindPythonInterp and FindPythonLibs modules
[0.767s]   are removed.  Run "cmake --help-policy CMP0148" for policy details.  Use
[0.768s]   the cmake_policy command to set the policy and suppress this warning.
[0.768s] 
[0.768s] Call Stack (most recent call first):
[0.768s]   /opt/ros/iron/share/launch_testing_ament_cmake/cmake/launch_testing_ament_cmake-extras.cmake:18 (find_package)
[0.768s]   /opt/ros/iron/share/launch_testing_ament_cmake/cmake/launch_testing_ament_cmakeConfig.cmake:41 (include)
[0.768s]   CMakeLists.txt:25 (find_package)
[0.768s] This warning is for project developers.  Use -Wno-dev to suppress it.
[0.768s] [0m
[0.783s] -- Found PythonInterp: /usr/bin/python3 (found suitable version "3.10.12", minimum required is "3.6") 
[0.783s] [33mCMake Warning (dev) at /opt/ros/iron/share/python_cmake_module/cmake/Modules/FindPythonExtra.cmake:140 (find_package):
[0.783s]   Policy CMP0148 is not set: The FindPythonInterp and FindPythonLibs modules
[0.783s]   are removed.  Run "cmake --help-policy CMP0148" for policy details.  Use
[0.783s]   the cmake_policy command to set the policy and suppress this warning.
[0.783s] 
[0.783s] Call Stack (most recent call first):
[0.783s]   /opt/ros/iron/share/launch_testing_ament_cmake/cmake/launch_testing_ament_cmake-extras.cmake:18 (find_package)
[0.783s]   /opt/ros/iron/share/launch_testing_ament_cmake/cmake/launch_testing_ament_cmakeConfig.cmake:41 (include)
[0.783s]   CMakeLists.txt:25 (find_package)
[0.783s] This warning is for project developers.  Use -Wno-dev to suppress it.
[0.783s] [0m
[0.796s] -- Found PythonLibs: /usr/lib/x86_64-linux-gnu/libpython3.10.so (found suitable version "3.10.12", minimum required is "3.5") 
[0.796s] -- Using PYTHON_EXECUTABLE: /usr/bin/python3
[0.796s] -- Using PYTHON_INCLUDE_DIRS: /usr/include/python3.10
[0.796s] -- Using PYTHON_LIBRARIES: /usr/lib/x86_64-linux-gnu/libpython3.10.so
[0.812s] -- Found PythonExtra: .so  
[0.814s] -- Configuring done (0.7s)
[0.817s] -- Generating done (0.0s)
[0.818s] -- Build files have been written to: /home/jason/Desktop/STUDY/ART-Driver/workspace/build/rosbridge_server
[0.825s] Invoked command in '/home/jason/Desktop/STUDY/ART-Driver/workspace/build/rosbridge_server' returned '0': AMENT_PREFIX_PATH=/home/jason/Desktop/STUDY/ART-Driver/workspace/install/rosapi:/home/jason/Desktop/STUDY/ART-Driver/workspace/install/rosbridge_library:/home/jason/Desktop/STUDY/ART-Driver/workspace/install/rosbridge_msgs:/home/jason/Desktop/STUDY/ART-Driver/workspace/install/rosapi_msgs:${AMENT_PREFIX_PATH} CMAKE_PREFIX_PATH=/home/jason/Desktop/STUDY/ART-Driver/workspace/install/rosapi:/home/jason/Desktop/STUDY/ART-Driver/workspace/install/rosbridge_library:/home/jason/Desktop/STUDY/ART-Driver/workspace/install/rosbridge_msgs:/home/jason/Desktop/STUDY/ART-Driver/workspace/install/rosapi_msgs:/opt/ros/iron LD_LIBRARY_PATH=/home/jason/Desktop/STUDY/ART-Driver/workspace/install/rosbridge_msgs/lib:/home/jason/Desktop/STUDY/ART-Driver/workspace/install/rosapi_msgs/lib:${LD_LIBRARY_PATH} PYTHONPATH=/home/jason/Desktop/STUDY/ART-Driver/workspace/install/rosapi/lib/python3.10/site-packages:/home/jason/Desktop/STUDY/ART-Driver/workspace/install/rosbridge_library/lib/python3.10/site-packages:/home/jason/Desktop/STUDY/ART-Driver/workspace/install/rosbridge_msgs/lib/python3.10/site-packages:/home/jason/Desktop/STUDY/ART-Driver/workspace/install/rosapi_msgs/lib/python3.10/site-packages:${PYTHONPATH} /home/jason/.local/bin/cmake /home/jason/Desktop/STUDY/ART-Driver/workspace/src/rosbridge_suite/rosbridge_server -DCMAKE_INSTALL_PREFIX=/home/jason/Desktop/STUDY/ART-Driver/workspace/install/rosbridge_server
[0.826s] Invoking command in '/home/jason/Desktop/STUDY/ART-Driver/workspace/build/rosbridge_server': AMENT_PREFIX_PATH=/home/jason/Desktop/STUDY/ART-Driver/workspace/install/rosapi:/home/jason/Desktop/STUDY/ART-Driver/workspace/install/rosbridge_library:/home/jason/Desktop/STUDY/ART-Driver/workspace/install/rosbridge_msgs:/home/jason/Desktop/STUDY/ART-Driver/workspace/install/rosapi_msgs:${AMENT_PREFIX_PATH} CMAKE_PREFIX_PATH=/home/jason/Desktop/STUDY/ART-Driver/workspace/install/rosapi:/home/jason/Desktop/STUDY/ART-Driver/workspace/install/rosbridge_library:/home/jason/Desktop/STUDY/ART-Driver/workspace/install/rosbridge_msgs:/home/jason/Desktop/STUDY/ART-Driver/workspace/install/rosapi_msgs:/opt/ros/iron LD_LIBRARY_PATH=/home/jason/Desktop/STUDY/ART-Driver/workspace/install/rosbridge_msgs/lib:/home/jason/Desktop/STUDY/ART-Driver/workspace/install/rosapi_msgs/lib:${LD_LIBRARY_PATH} PYTHONPATH=/home/jason/Desktop/STUDY/ART-Driver/workspace/install/rosapi/lib/python3.10/site-packages:/home/jason/Desktop/STUDY/ART-Driver/workspace/install/rosbridge_library/lib/python3.10/site-packages:/home/jason/Desktop/STUDY/ART-Driver/workspace/install/rosbridge_msgs/lib/python3.10/site-packages:/home/jason/Desktop/STUDY/ART-Driver/workspace/install/rosapi_msgs/lib/python3.10/site-packages:${PYTHONPATH} /home/jason/.local/bin/cmake --build /home/jason/Desktop/STUDY/ART-Driver/workspace/build/rosbridge_server -- -j16 -l16
[0.857s] Built target ament_cmake_python_copy_rosbridge_server
[1.008s] running egg_info
[1.009s] creating rosbridge_server.egg-info
[1.023s] writing rosbridge_server.egg-info/PKG-INFO
[1.023s] writing dependency_links to rosbridge_server.egg-info/dependency_links.txt
[1.023s] writing top-level names to rosbridge_server.egg-info/top_level.txt
[1.024s] writing manifest file 'rosbridge_server.egg-info/SOURCES.txt'
[1.066s] reading manifest file 'rosbridge_server.egg-info/SOURCES.txt'
[1.066s] writing manifest file 'rosbridge_server.egg-info/SOURCES.txt'
[1.079s] Built target ament_cmake_python_build_rosbridge_server_egg
[1.084s] Invoked command in '/home/jason/Desktop/STUDY/ART-Driver/workspace/build/rosbridge_server' returned '0': AMENT_PREFIX_PATH=/home/jason/Desktop/STUDY/ART-Driver/workspace/install/rosapi:/home/jason/Desktop/STUDY/ART-Driver/workspace/install/rosbridge_library:/home/jason/Desktop/STUDY/ART-Driver/workspace/install/rosbridge_msgs:/home/jason/Desktop/STUDY/ART-Driver/workspace/install/rosapi_msgs:${AMENT_PREFIX_PATH} CMAKE_PREFIX_PATH=/home/jason/Desktop/STUDY/ART-Driver/workspace/install/rosapi:/home/jason/Desktop/STUDY/ART-Driver/workspace/install/rosbridge_library:/home/jason/Desktop/STUDY/ART-Driver/workspace/install/rosbridge_msgs:/home/jason/Desktop/STUDY/ART-Driver/workspace/install/rosapi_msgs:/opt/ros/iron LD_LIBRARY_PATH=/home/jason/Desktop/STUDY/ART-Driver/workspace/install/rosbridge_msgs/lib:/home/jason/Desktop/STUDY/ART-Driver/workspace/install/rosapi_msgs/lib:${LD_LIBRARY_PATH} PYTHONPATH=/home/jason/Desktop/STUDY/ART-Driver/workspace/install/rosapi/lib/python3.10/site-packages:/home/jason/Desktop/STUDY/ART-Driver/workspace/install/rosbridge_library/lib/python3.10/site-packages:/home/jason/Desktop/STUDY/ART-Driver/workspace/install/rosbridge_msgs/lib/python3.10/site-packages:/home/jason/Desktop/STUDY/ART-Driver/workspace/install/rosapi_msgs/lib/python3.10/site-packages:${PYTHONPATH} /home/jason/.local/bin/cmake --build /home/jason/Desktop/STUDY/ART-Driver/workspace/build/rosbridge_server -- -j16 -l16
[1.113s] Invoking command in '/home/jason/Desktop/STUDY/ART-Driver/workspace/build/rosbridge_server': AMENT_PREFIX_PATH=/home/jason/Desktop/STUDY/ART-Driver/workspace/install/rosapi:/home/jason/Desktop/STUDY/ART-Driver/workspace/install/rosbridge_library:/home/jason/Desktop/STUDY/ART-Driver/workspace/install/rosbridge_msgs:/home/jason/Desktop/STUDY/ART-Driver/workspace/install/rosapi_msgs:${AMENT_PREFIX_PATH} CMAKE_PREFIX_PATH=/home/jason/Desktop/STUDY/ART-Driver/workspace/install/rosapi:/home/jason/Desktop/STUDY/ART-Driver/workspace/install/rosbridge_library:/home/jason/Desktop/STUDY/ART-Driver/workspace/install/rosbridge_msgs:/home/jason/Desktop/STUDY/ART-Driver/workspace/install/rosapi_msgs:/opt/ros/iron LD_LIBRARY_PATH=/home/jason/Desktop/STUDY/ART-Driver/workspace/install/rosbridge_msgs/lib:/home/jason/Desktop/STUDY/ART-Driver/workspace/install/rosapi_msgs/lib:${LD_LIBRARY_PATH} PYTHONPATH=/home/jason/Desktop/STUDY/ART-Driver/workspace/install/rosapi/lib/python3.10/site-packages:/home/jason/Desktop/STUDY/ART-Driver/workspace/install/rosbridge_library/lib/python3.10/site-packages:/home/jason/Desktop/STUDY/ART-Driver/workspace/install/rosbridge_msgs/lib/python3.10/site-packages:/home/jason/Desktop/STUDY/ART-Driver/workspace/install/rosapi_msgs/lib/python3.10/site-packages:${PYTHONPATH} /home/jason/.local/bin/cmake --install /home/jason/Desktop/STUDY/ART-Driver/workspace/build/rosbridge_server
[1.132s] -- Install configuration: ""
[1.132s] -- Installing: /home/jason/Desktop/STUDY/ART-Driver/workspace/install/rosbridge_server/share/rosbridge_server/environment/pythonpath.sh
[1.133s] -- Installing: /home/jason/Desktop/STUDY/ART-Driver/workspace/install/rosbridge_server/share/rosbridge_server/environment/pythonpath.dsv
[1.133s] -- Installing: /home/jason/Desktop/STUDY/ART-Driver/workspace/install/rosbridge_server/lib/python3.10/site-packages/rosbridge_server-1.3.1-py3.10.egg-info
[1.133s] -- Installing: /home/jason/Desktop/STUDY/ART-Driver/workspace/install/rosbridge_server/lib/python3.10/site-packages/rosbridge_server-1.3.1-py3.10.egg-info/top_level.txt
[1.133s] -- Installing: /home/jason/Desktop/STUDY/ART-Driver/workspace/install/rosbridge_server/lib/python3.10/site-packages/rosbridge_server-1.3.1-py3.10.egg-info/dependency_links.txt
[1.133s] -- Installing: /home/jason/Desktop/STUDY/ART-Driver/workspace/install/rosbridge_server/lib/python3.10/site-packages/rosbridge_server-1.3.1-py3.10.egg-info/SOURCES.txt
[1.133s] -- Installing: /home/jason/Desktop/STUDY/ART-Driver/workspace/install/rosbridge_server/lib/python3.10/site-packages/rosbridge_server-1.3.1-py3.10.egg-info/PKG-INFO
[1.133s] -- Installing: /home/jason/Desktop/STUDY/ART-Driver/workspace/install/rosbridge_server/lib/python3.10/site-packages/rosbridge_server
[1.133s] -- Installing: /home/jason/Desktop/STUDY/ART-Driver/workspace/install/rosbridge_server/lib/python3.10/site-packages/rosbridge_server/websocket_handler.py
[1.133s] -- Installing: /home/jason/Desktop/STUDY/ART-Driver/workspace/install/rosbridge_server/lib/python3.10/site-packages/rosbridge_server/client_mananger.py
[1.133s] -- Installing: /home/jason/Desktop/STUDY/ART-Driver/workspace/install/rosbridge_server/lib/python3.10/site-packages/rosbridge_server/__init__.py
[1.156s] Listing '/home/jason/Desktop/STUDY/ART-Driver/workspace/install/rosbridge_server/lib/python3.10/site-packages/rosbridge_server'...
[1.156s] Compiling '/home/jason/Desktop/STUDY/ART-Driver/workspace/install/rosbridge_server/lib/python3.10/site-packages/rosbridge_server/__init__.py'...
[1.157s] Compiling '/home/jason/Desktop/STUDY/ART-Driver/workspace/install/rosbridge_server/lib/python3.10/site-packages/rosbridge_server/client_mananger.py'...
[1.157s] Compiling '/home/jason/Desktop/STUDY/ART-Driver/workspace/install/rosbridge_server/lib/python3.10/site-packages/rosbridge_server/websocket_handler.py'...
[1.159s] -- Installing: /home/jason/Desktop/STUDY/ART-Driver/workspace/install/rosbridge_server/share/ament_index/resource_index/package_run_dependencies/rosbridge_server
[1.159s] -- Installing: /home/jason/Desktop/STUDY/ART-Driver/workspace/install/rosbridge_server/share/ament_index/resource_index/parent_prefix_path/rosbridge_server
[1.159s] -- Installing: /home/jason/Desktop/STUDY/ART-Driver/workspace/install/rosbridge_server/share/rosbridge_server/environment/ament_prefix_path.sh
[1.159s] -- Installing: /home/jason/Desktop/STUDY/ART-Driver/workspace/install/rosbridge_server/share/rosbridge_server/environment/ament_prefix_path.dsv
[1.159s] -- Installing: /home/jason/Desktop/STUDY/ART-Driver/workspace/install/rosbridge_server/share/rosbridge_server/environment/path.sh
[1.160s] -- Installing: /home/jason/Desktop/STUDY/ART-Driver/workspace/install/rosbridge_server/share/rosbridge_server/environment/path.dsv
[1.160s] -- Installing: /home/jason/Desktop/STUDY/ART-Driver/workspace/install/rosbridge_server/share/rosbridge_server/local_setup.bash
[1.160s] -- Installing: /home/jason/Desktop/STUDY/ART-Driver/workspace/install/rosbridge_server/share/rosbridge_server/local_setup.sh
[1.160s] -- Installing: /home/jason/Desktop/STUDY/ART-Driver/workspace/install/rosbridge_server/share/rosbridge_server/local_setup.zsh
[1.160s] -- Installing: /home/jason/Desktop/STUDY/ART-Driver/workspace/install/rosbridge_server/share/rosbridge_server/local_setup.dsv
[1.160s] -- Installing: /home/jason/Desktop/STUDY/ART-Driver/workspace/install/rosbridge_server/share/rosbridge_server/package.dsv
[1.160s] -- Installing: /home/jason/Desktop/STUDY/ART-Driver/workspace/install/rosbridge_server/share/ament_index/resource_index/packages/rosbridge_server
[1.160s] -- Installing: /home/jason/Desktop/STUDY/ART-Driver/workspace/install/rosbridge_server/share/rosbridge_server/cmake/rosbridge_serverConfig.cmake
[1.160s] -- Installing: /home/jason/Desktop/STUDY/ART-Driver/workspace/install/rosbridge_server/share/rosbridge_server/cmake/rosbridge_serverConfig-version.cmake
[1.161s] -- Installing: /home/jason/Desktop/STUDY/ART-Driver/workspace/install/rosbridge_server/share/rosbridge_server/package.xml
[1.161s] -- Installing: /home/jason/Desktop/STUDY/ART-Driver/workspace/install/rosbridge_server/lib/rosbridge_server/rosbridge_websocket.py
[1.161s] -- Installing: /home/jason/Desktop/STUDY/ART-Driver/workspace/install/rosbridge_server/lib/rosbridge_server/rosbridge_websocket
[1.161s] -- Installing: /home/jason/Desktop/STUDY/ART-Driver/workspace/install/rosbridge_server/share/rosbridge_server/launch/rosbridge_websocket_launch.xml
[1.165s] Invoked command in '/home/jason/Desktop/STUDY/ART-Driver/workspace/build/rosbridge_server' returned '0': AMENT_PREFIX_PATH=/home/jason/Desktop/STUDY/ART-Driver/workspace/install/rosapi:/home/jason/Desktop/STUDY/ART-Driver/workspace/install/rosbridge_library:/home/jason/Desktop/STUDY/ART-Driver/workspace/install/rosbridge_msgs:/home/jason/Desktop/STUDY/ART-Driver/workspace/install/rosapi_msgs:${AMENT_PREFIX_PATH} CMAKE_PREFIX_PATH=/home/jason/Desktop/STUDY/ART-Driver/workspace/install/rosapi:/home/jason/Desktop/STUDY/ART-Driver/workspace/install/rosbridge_library:/home/jason/Desktop/STUDY/ART-Driver/workspace/install/rosbridge_msgs:/home/jason/Desktop/STUDY/ART-Driver/workspace/install/rosapi_msgs:/opt/ros/iron LD_LIBRARY_PATH=/home/jason/Desktop/STUDY/ART-Driver/workspace/install/rosbridge_msgs/lib:/home/jason/Desktop/STUDY/ART-Driver/workspace/install/rosapi_msgs/lib:${LD_LIBRARY_PATH} PYTHONPATH=/home/jason/Desktop/STUDY/ART-Driver/workspace/install/rosapi/lib/python3.10/site-packages:/home/jason/Desktop/STUDY/ART-Driver/workspace/install/rosbridge_library/lib/python3.10/site-packages:/home/jason/Desktop/STUDY/ART-Driver/workspace/install/rosbridge_msgs/lib/python3.10/site-packages:/home/jason/Desktop/STUDY/ART-Driver/workspace/install/rosapi_msgs/lib/python3.10/site-packages:${PYTHONPATH} /home/jason/.local/bin/cmake --install /home/jason/Desktop/STUDY/ART-Driver/workspace/build/rosbridge_server
