[1.603s] Invoking command in '/home/jason/Desktop/STUDY/ART-Driver/workspace/src/common': PYTHONPATH=/home/jason/Desktop/STUDY/ART-Driver/workspace/build/common/prefix_override:/home/jason/Desktop/STUDY/ART-Driver/workspace/install/common/lib/python3.10/site-packages:${PYTHONPATH} /usr/bin/python3 setup.py egg_info --egg-base ../../build/common build --build-base /home/jason/Desktop/STUDY/ART-Driver/workspace/build/common/build install --record /home/jason/Desktop/STUDY/ART-Driver/workspace/build/common/install.log --single-version-externally-managed
[1.731s] running egg_info
[1.746s] writing ../../build/common/common.egg-info/PKG-INFO
[1.747s] writing dependency_links to ../../build/common/common.egg-info/dependency_links.txt
[1.747s] writing requirements to ../../build/common/common.egg-info/requires.txt
[1.747s] writing top-level names to ../../build/common/common.egg-info/top_level.txt
[1.779s] reading manifest file '../../build/common/common.egg-info/SOURCES.txt'
[1.779s] writing manifest file '../../build/common/common.egg-info/SOURCES.txt'
[1.779s] running build
[1.780s] running build_py
[1.780s] running install
[1.780s] /home/jason/.local/lib/python3.10/site-packages/setuptools/_distutils/cmd.py:66: SetuptoolsDeprecationWarning: setup.py install is deprecated.
[1.780s] !!
[1.780s] 
[1.780s]         ********************************************************************************
[1.780s]         Please avoid running ``setup.py`` directly.
[1.780s]         Instead, use pypa/build, pypa/installer or other
[1.780s]         standards-based tools.
[1.780s] 
[1.780s]         See https://blog.ganssle.io/articles/2021/10/setup-py-deprecated.html for details.
[1.781s]         ********************************************************************************
[1.781s] 
[1.781s] !!
[1.781s]   self.initialize_options()
[1.784s] running install_lib
[1.800s] running install_data
[1.816s] running install_egg_info
[1.833s] removing '/home/jason/Desktop/STUDY/ART-Driver/workspace/install/common/lib/python3.10/site-packages/common-0.0.0-py3.10.egg-info' (and everything under it)
[1.833s] Copying ../../build/common/common.egg-info to /home/jason/Desktop/STUDY/ART-Driver/workspace/install/common/lib/python3.10/site-packages/common-0.0.0-py3.10.egg-info
[1.833s] running install_scripts
[1.982s] writing list of installed files to '/home/jason/Desktop/STUDY/ART-Driver/workspace/build/common/install.log'
[2.086s] Invoked command in '/home/jason/Desktop/STUDY/ART-Driver/workspace/src/common' returned '0': PYTHONPATH=/home/jason/Desktop/STUDY/ART-Driver/workspace/build/common/prefix_override:/home/jason/Desktop/STUDY/ART-Driver/workspace/install/common/lib/python3.10/site-packages:${PYTHONPATH} /usr/bin/python3 setup.py egg_info --egg-base ../../build/common build --build-base /home/jason/Desktop/STUDY/ART-Driver/workspace/build/common/build install --record /home/jason/Desktop/STUDY/ART-Driver/workspace/build/common/install.log --single-version-externally-managed
