[0.363s] Invoking command in '/home/jason/Desktop/STUDY/ART-Driver/workspace/build/rosbridge_msgs': CMAKE_PREFIX_PATH=${CMAKE_PREFIX_PATH}:/home/jason/Desktop/STUDY/ART-Driver/workspace/install/udp_to_ros:/home/jason/Desktop/STUDY/ART-Driver/workspace/install/tcp_cam_sender:/home/jason/Desktop/STUDY/ART-Driver/workspace/install/common:/opt/ros/iron /home/jason/.local/bin/cmake --build /home/jason/Desktop/STUDY/ART-Driver/workspace/build/rosbridge_msgs -- -j16 -l16
[0.843s] [  2%] Built target rosbridge_msgs__rosidl_generator_type_description
[0.843s] [  2%] Built target ament_cmake_python_copy_rosbridge_msgs
[0.844s] [  4%] Built target rosbridge_msgs__cpp
[0.844s] [ 22%] Built target rosbridge_msgs__rosidl_generator_c
[0.844s] [ 31%] Built target rosbridge_msgs__rosidl_typesupport_c
[0.845s] [ 43%] Built target rosbridge_msgs__rosidl_typesupport_introspection_c
[0.845s] [ 50%] Built target rosbridge_msgs__rosidl_typesupport_fastrtps_c
[0.845s] [ 59%] Built target rosbridge_msgs__rosidl_typesupport_cpp
[0.845s] [ 68%] Built target rosbridge_msgs__rosidl_typesupport_fastrtps_cpp
[0.845s] [ 77%] Built target rosbridge_msgs__rosidl_typesupport_introspection_cpp
[0.845s] [ 77%] Built target rosbridge_msgs
[0.845s] [ 79%] Built target rosbridge_msgs__py
[0.845s] [ 86%] Built target rosbridge_msgs__rosidl_generator_py
[0.845s] [ 95%] Built target rosbridge_msgs__rosidl_typesupport_fastrtps_c__pyext
[0.845s] [ 95%] Built target rosbridge_msgs__rosidl_typesupport_introspection_c__pyext
[0.845s] [100%] Built target rosbridge_msgs__rosidl_typesupport_c__pyext
[0.845s] running egg_info
[0.845s] writing rosbridge_msgs.egg-info/PKG-INFO
[0.845s] writing dependency_links to rosbridge_msgs.egg-info/dependency_links.txt
[0.846s] writing top-level names to rosbridge_msgs.egg-info/top_level.txt
[0.846s] reading manifest file 'rosbridge_msgs.egg-info/SOURCES.txt'
[0.846s] writing manifest file 'rosbridge_msgs.egg-info/SOURCES.txt'
[0.846s] [100%] Built target ament_cmake_python_build_rosbridge_msgs_egg
[0.852s] Invoked command in '/home/jason/Desktop/STUDY/ART-Driver/workspace/build/rosbridge_msgs' returned '0': CMAKE_PREFIX_PATH=${CMAKE_PREFIX_PATH}:/home/jason/Desktop/STUDY/ART-Driver/workspace/install/udp_to_ros:/home/jason/Desktop/STUDY/ART-Driver/workspace/install/tcp_cam_sender:/home/jason/Desktop/STUDY/ART-Driver/workspace/install/common:/opt/ros/iron /home/jason/.local/bin/cmake --build /home/jason/Desktop/STUDY/ART-Driver/workspace/build/rosbridge_msgs -- -j16 -l16
[1.148s] Invoking command in '/home/jason/Desktop/STUDY/ART-Driver/workspace/build/rosbridge_msgs': CMAKE_PREFIX_PATH=${CMAKE_PREFIX_PATH}:/home/jason/Desktop/STUDY/ART-Driver/workspace/install/udp_to_ros:/home/jason/Desktop/STUDY/ART-Driver/workspace/install/tcp_cam_sender:/home/jason/Desktop/STUDY/ART-Driver/workspace/install/common:/opt/ros/iron /home/jason/.local/bin/cmake --install /home/jason/Desktop/STUDY/ART-Driver/workspace/build/rosbridge_msgs
[1.170s] -- Install configuration: ""
[1.171s] -- Up-to-date: /home/jason/Desktop/STUDY/ART-Driver/workspace/install/rosbridge_msgs/share/ament_index/resource_index/rosidl_interfaces/rosbridge_msgs
[1.171s] -- Up-to-date: /home/jason/Desktop/STUDY/ART-Driver/workspace/install/rosbridge_msgs/share/rosbridge_msgs/msg/ConnectedClient.json
[1.171s] -- Up-to-date: /home/jason/Desktop/STUDY/ART-Driver/workspace/install/rosbridge_msgs/share/rosbridge_msgs/msg/ConnectedClients.json
[1.171s] -- Up-to-date: /home/jason/Desktop/STUDY/ART-Driver/workspace/install/rosbridge_msgs/include/rosbridge_msgs/rosbridge_msgs
[1.171s] -- Up-to-date: /home/jason/Desktop/STUDY/ART-Driver/workspace/install/rosbridge_msgs/include/rosbridge_msgs/rosbridge_msgs/msg
[1.171s] -- Up-to-date: /home/jason/Desktop/STUDY/ART-Driver/workspace/install/rosbridge_msgs/include/rosbridge_msgs/rosbridge_msgs/msg/connected_client.h
[1.171s] -- Up-to-date: /home/jason/Desktop/STUDY/ART-Driver/workspace/install/rosbridge_msgs/include/rosbridge_msgs/rosbridge_msgs/msg/connected_clients.h
[1.171s] -- Up-to-date: /home/jason/Desktop/STUDY/ART-Driver/workspace/install/rosbridge_msgs/include/rosbridge_msgs/rosbridge_msgs/msg/rosidl_generator_c__visibility_control.h
[1.172s] -- Up-to-date: /home/jason/Desktop/STUDY/ART-Driver/workspace/install/rosbridge_msgs/include/rosbridge_msgs/rosbridge_msgs/msg/detail
[1.172s] -- Up-to-date: /home/jason/Desktop/STUDY/ART-Driver/workspace/install/rosbridge_msgs/include/rosbridge_msgs/rosbridge_msgs/msg/detail/connected_clients__functions.c
[1.172s] -- Up-to-date: /home/jason/Desktop/STUDY/ART-Driver/workspace/install/rosbridge_msgs/include/rosbridge_msgs/rosbridge_msgs/msg/detail/connected_client__description.c
[1.172s] -- Up-to-date: /home/jason/Desktop/STUDY/ART-Driver/workspace/install/rosbridge_msgs/include/rosbridge_msgs/rosbridge_msgs/msg/detail/connected_clients__struct.h
[1.172s] -- Up-to-date: /home/jason/Desktop/STUDY/ART-Driver/workspace/install/rosbridge_msgs/include/rosbridge_msgs/rosbridge_msgs/msg/detail/connected_clients__type_support.h
[1.172s] -- Up-to-date: /home/jason/Desktop/STUDY/ART-Driver/workspace/install/rosbridge_msgs/include/rosbridge_msgs/rosbridge_msgs/msg/detail/connected_clients__functions.h
[1.172s] -- Up-to-date: /home/jason/Desktop/STUDY/ART-Driver/workspace/install/rosbridge_msgs/include/rosbridge_msgs/rosbridge_msgs/msg/detail/connected_client__functions.c
[1.173s] -- Up-to-date: /home/jason/Desktop/STUDY/ART-Driver/workspace/install/rosbridge_msgs/include/rosbridge_msgs/rosbridge_msgs/msg/detail/connected_clients__type_support.c
[1.173s] -- Up-to-date: /home/jason/Desktop/STUDY/ART-Driver/workspace/install/rosbridge_msgs/include/rosbridge_msgs/rosbridge_msgs/msg/detail/connected_client__struct.h
[1.173s] -- Up-to-date: /home/jason/Desktop/STUDY/ART-Driver/workspace/install/rosbridge_msgs/include/rosbridge_msgs/rosbridge_msgs/msg/detail/connected_client__type_support.h
[1.173s] -- Up-to-date: /home/jason/Desktop/STUDY/ART-Driver/workspace/install/rosbridge_msgs/include/rosbridge_msgs/rosbridge_msgs/msg/detail/connected_client__type_support.c
[1.173s] -- Up-to-date: /home/jason/Desktop/STUDY/ART-Driver/workspace/install/rosbridge_msgs/include/rosbridge_msgs/rosbridge_msgs/msg/detail/connected_client__functions.h
[1.173s] -- Up-to-date: /home/jason/Desktop/STUDY/ART-Driver/workspace/install/rosbridge_msgs/include/rosbridge_msgs/rosbridge_msgs/msg/detail/connected_clients__description.c
[1.173s] -- Up-to-date: /home/jason/Desktop/STUDY/ART-Driver/workspace/install/rosbridge_msgs/share/rosbridge_msgs/environment/library_path.sh
[1.173s] -- Up-to-date: /home/jason/Desktop/STUDY/ART-Driver/workspace/install/rosbridge_msgs/share/rosbridge_msgs/environment/library_path.dsv
[1.174s] -- Up-to-date: /home/jason/Desktop/STUDY/ART-Driver/workspace/install/rosbridge_msgs/lib/librosbridge_msgs__rosidl_generator_c.so
[1.174s] -- Up-to-date: /home/jason/Desktop/STUDY/ART-Driver/workspace/install/rosbridge_msgs/include/rosbridge_msgs/rosbridge_msgs
[1.174s] -- Up-to-date: /home/jason/Desktop/STUDY/ART-Driver/workspace/install/rosbridge_msgs/include/rosbridge_msgs/rosbridge_msgs/msg
[1.174s] -- Up-to-date: /home/jason/Desktop/STUDY/ART-Driver/workspace/install/rosbridge_msgs/include/rosbridge_msgs/rosbridge_msgs/msg/rosidl_typesupport_fastrtps_c__visibility_control.h
[1.174s] -- Up-to-date: /home/jason/Desktop/STUDY/ART-Driver/workspace/install/rosbridge_msgs/include/rosbridge_msgs/rosbridge_msgs/msg/detail
[1.174s] -- Up-to-date: /home/jason/Desktop/STUDY/ART-Driver/workspace/install/rosbridge_msgs/include/rosbridge_msgs/rosbridge_msgs/msg/detail/connected_client__rosidl_typesupport_fastrtps_c.h
[1.174s] -- Up-to-date: /home/jason/Desktop/STUDY/ART-Driver/workspace/install/rosbridge_msgs/include/rosbridge_msgs/rosbridge_msgs/msg/detail/connected_clients__rosidl_typesupport_fastrtps_c.h
[1.174s] -- Up-to-date: /home/jason/Desktop/STUDY/ART-Driver/workspace/install/rosbridge_msgs/lib/librosbridge_msgs__rosidl_typesupport_fastrtps_c.so
[1.175s] -- Up-to-date: /home/jason/Desktop/STUDY/ART-Driver/workspace/install/rosbridge_msgs/include/rosbridge_msgs/rosbridge_msgs
[1.175s] -- Up-to-date: /home/jason/Desktop/STUDY/ART-Driver/workspace/install/rosbridge_msgs/include/rosbridge_msgs/rosbridge_msgs/msg
[1.175s] -- Up-to-date: /home/jason/Desktop/STUDY/ART-Driver/workspace/install/rosbridge_msgs/include/rosbridge_msgs/rosbridge_msgs/msg/connected_client.hpp
[1.175s] -- Up-to-date: /home/jason/Desktop/STUDY/ART-Driver/workspace/install/rosbridge_msgs/include/rosbridge_msgs/rosbridge_msgs/msg/connected_clients.hpp
[1.175s] -- Up-to-date: /home/jason/Desktop/STUDY/ART-Driver/workspace/install/rosbridge_msgs/include/rosbridge_msgs/rosbridge_msgs/msg/detail
[1.175s] -- Up-to-date: /home/jason/Desktop/STUDY/ART-Driver/workspace/install/rosbridge_msgs/include/rosbridge_msgs/rosbridge_msgs/msg/detail/connected_client__struct.hpp
[1.175s] -- Up-to-date: /home/jason/Desktop/STUDY/ART-Driver/workspace/install/rosbridge_msgs/include/rosbridge_msgs/rosbridge_msgs/msg/detail/connected_client__traits.hpp
[1.175s] -- Up-to-date: /home/jason/Desktop/STUDY/ART-Driver/workspace/install/rosbridge_msgs/include/rosbridge_msgs/rosbridge_msgs/msg/detail/connected_client__builder.hpp
[1.175s] -- Up-to-date: /home/jason/Desktop/STUDY/ART-Driver/workspace/install/rosbridge_msgs/include/rosbridge_msgs/rosbridge_msgs/msg/detail/connected_clients__traits.hpp
[1.176s] -- Up-to-date: /home/jason/Desktop/STUDY/ART-Driver/workspace/install/rosbridge_msgs/include/rosbridge_msgs/rosbridge_msgs/msg/detail/connected_clients__builder.hpp
[1.176s] -- Up-to-date: /home/jason/Desktop/STUDY/ART-Driver/workspace/install/rosbridge_msgs/include/rosbridge_msgs/rosbridge_msgs/msg/detail/connected_clients__struct.hpp
[1.176s] -- Up-to-date: /home/jason/Desktop/STUDY/ART-Driver/workspace/install/rosbridge_msgs/include/rosbridge_msgs/rosbridge_msgs
[1.176s] -- Up-to-date: /home/jason/Desktop/STUDY/ART-Driver/workspace/install/rosbridge_msgs/include/rosbridge_msgs/rosbridge_msgs/msg
[1.176s] -- Up-to-date: /home/jason/Desktop/STUDY/ART-Driver/workspace/install/rosbridge_msgs/include/rosbridge_msgs/rosbridge_msgs/msg/rosidl_typesupport_fastrtps_cpp__visibility_control.h
[1.176s] -- Up-to-date: /home/jason/Desktop/STUDY/ART-Driver/workspace/install/rosbridge_msgs/include/rosbridge_msgs/rosbridge_msgs/msg/detail
[1.176s] -- Up-to-date: /home/jason/Desktop/STUDY/ART-Driver/workspace/install/rosbridge_msgs/include/rosbridge_msgs/rosbridge_msgs/msg/detail/connected_clients__rosidl_typesupport_fastrtps_cpp.hpp
[1.176s] -- Up-to-date: /home/jason/Desktop/STUDY/ART-Driver/workspace/install/rosbridge_msgs/include/rosbridge_msgs/rosbridge_msgs/msg/detail/connected_client__rosidl_typesupport_fastrtps_cpp.hpp
[1.176s] -- Up-to-date: /home/jason/Desktop/STUDY/ART-Driver/workspace/install/rosbridge_msgs/include/rosbridge_msgs/rosbridge_msgs/msg/detail/dds_fastrtps
[1.176s] -- Up-to-date: /home/jason/Desktop/STUDY/ART-Driver/workspace/install/rosbridge_msgs/lib/librosbridge_msgs__rosidl_typesupport_fastrtps_cpp.so
[1.177s] -- Up-to-date: /home/jason/Desktop/STUDY/ART-Driver/workspace/install/rosbridge_msgs/include/rosbridge_msgs/rosbridge_msgs
[1.177s] -- Up-to-date: /home/jason/Desktop/STUDY/ART-Driver/workspace/install/rosbridge_msgs/include/rosbridge_msgs/rosbridge_msgs/msg
[1.177s] -- Up-to-date: /home/jason/Desktop/STUDY/ART-Driver/workspace/install/rosbridge_msgs/include/rosbridge_msgs/rosbridge_msgs/msg/rosidl_typesupport_introspection_c__visibility_control.h
[1.177s] -- Up-to-date: /home/jason/Desktop/STUDY/ART-Driver/workspace/install/rosbridge_msgs/include/rosbridge_msgs/rosbridge_msgs/msg/detail
[1.177s] -- Up-to-date: /home/jason/Desktop/STUDY/ART-Driver/workspace/install/rosbridge_msgs/include/rosbridge_msgs/rosbridge_msgs/msg/detail/connected_clients__rosidl_typesupport_introspection_c.h
[1.177s] -- Up-to-date: /home/jason/Desktop/STUDY/ART-Driver/workspace/install/rosbridge_msgs/include/rosbridge_msgs/rosbridge_msgs/msg/detail/connected_clients__type_support.c
[1.177s] -- Up-to-date: /home/jason/Desktop/STUDY/ART-Driver/workspace/install/rosbridge_msgs/include/rosbridge_msgs/rosbridge_msgs/msg/detail/connected_client__rosidl_typesupport_introspection_c.h
[1.177s] -- Up-to-date: /home/jason/Desktop/STUDY/ART-Driver/workspace/install/rosbridge_msgs/include/rosbridge_msgs/rosbridge_msgs/msg/detail/connected_client__type_support.c
[1.177s] -- Up-to-date: /home/jason/Desktop/STUDY/ART-Driver/workspace/install/rosbridge_msgs/lib/librosbridge_msgs__rosidl_typesupport_introspection_c.so
[1.178s] -- Up-to-date: /home/jason/Desktop/STUDY/ART-Driver/workspace/install/rosbridge_msgs/lib/librosbridge_msgs__rosidl_typesupport_c.so
[1.178s] -- Up-to-date: /home/jason/Desktop/STUDY/ART-Driver/workspace/install/rosbridge_msgs/include/rosbridge_msgs/rosbridge_msgs
[1.178s] -- Up-to-date: /home/jason/Desktop/STUDY/ART-Driver/workspace/install/rosbridge_msgs/include/rosbridge_msgs/rosbridge_msgs/msg
[1.178s] -- Up-to-date: /home/jason/Desktop/STUDY/ART-Driver/workspace/install/rosbridge_msgs/include/rosbridge_msgs/rosbridge_msgs/msg/detail
[1.178s] -- Up-to-date: /home/jason/Desktop/STUDY/ART-Driver/workspace/install/rosbridge_msgs/include/rosbridge_msgs/rosbridge_msgs/msg/detail/connected_clients__rosidl_typesupport_introspection_cpp.hpp
[1.178s] -- Up-to-date: /home/jason/Desktop/STUDY/ART-Driver/workspace/install/rosbridge_msgs/include/rosbridge_msgs/rosbridge_msgs/msg/detail/connected_clients__type_support.cpp
[1.178s] -- Up-to-date: /home/jason/Desktop/STUDY/ART-Driver/workspace/install/rosbridge_msgs/include/rosbridge_msgs/rosbridge_msgs/msg/detail/connected_client__type_support.cpp
[1.178s] -- Up-to-date: /home/jason/Desktop/STUDY/ART-Driver/workspace/install/rosbridge_msgs/include/rosbridge_msgs/rosbridge_msgs/msg/detail/connected_client__rosidl_typesupport_introspection_cpp.hpp
[1.178s] -- Up-to-date: /home/jason/Desktop/STUDY/ART-Driver/workspace/install/rosbridge_msgs/lib/librosbridge_msgs__rosidl_typesupport_introspection_cpp.so
[1.178s] -- Up-to-date: /home/jason/Desktop/STUDY/ART-Driver/workspace/install/rosbridge_msgs/lib/librosbridge_msgs__rosidl_typesupport_cpp.so
[1.178s] -- Up-to-date: /home/jason/Desktop/STUDY/ART-Driver/workspace/install/rosbridge_msgs/share/rosbridge_msgs/environment/pythonpath.sh
[1.179s] -- Up-to-date: /home/jason/Desktop/STUDY/ART-Driver/workspace/install/rosbridge_msgs/share/rosbridge_msgs/environment/pythonpath.dsv
[1.179s] -- Up-to-date: /home/jason/Desktop/STUDY/ART-Driver/workspace/install/rosbridge_msgs/lib/python3.10/site-packages/rosbridge_msgs-1.3.1-py3.10.egg-info
[1.179s] -- Installing: /home/jason/Desktop/STUDY/ART-Driver/workspace/install/rosbridge_msgs/lib/python3.10/site-packages/rosbridge_msgs-1.3.1-py3.10.egg-info/top_level.txt
[1.179s] -- Installing: /home/jason/Desktop/STUDY/ART-Driver/workspace/install/rosbridge_msgs/lib/python3.10/site-packages/rosbridge_msgs-1.3.1-py3.10.egg-info/dependency_links.txt
[1.179s] -- Installing: /home/jason/Desktop/STUDY/ART-Driver/workspace/install/rosbridge_msgs/lib/python3.10/site-packages/rosbridge_msgs-1.3.1-py3.10.egg-info/SOURCES.txt
[1.179s] -- Installing: /home/jason/Desktop/STUDY/ART-Driver/workspace/install/rosbridge_msgs/lib/python3.10/site-packages/rosbridge_msgs-1.3.1-py3.10.egg-info/PKG-INFO
[1.179s] -- Up-to-date: /home/jason/Desktop/STUDY/ART-Driver/workspace/install/rosbridge_msgs/lib/python3.10/site-packages/rosbridge_msgs
[1.179s] -- Up-to-date: /home/jason/Desktop/STUDY/ART-Driver/workspace/install/rosbridge_msgs/lib/python3.10/site-packages/rosbridge_msgs/rosbridge_msgs_s__rosidl_typesupport_c.cpython-310-x86_64-linux-gnu.so
[1.179s] -- Up-to-date: /home/jason/Desktop/STUDY/ART-Driver/workspace/install/rosbridge_msgs/lib/python3.10/site-packages/rosbridge_msgs/__init__.py
[1.179s] -- Up-to-date: /home/jason/Desktop/STUDY/ART-Driver/workspace/install/rosbridge_msgs/lib/python3.10/site-packages/rosbridge_msgs/_rosbridge_msgs_s.ep.rosidl_typesupport_fastrtps_c.c
[1.179s] -- Up-to-date: /home/jason/Desktop/STUDY/ART-Driver/workspace/install/rosbridge_msgs/lib/python3.10/site-packages/rosbridge_msgs/_rosbridge_msgs_s.ep.rosidl_typesupport_introspection_c.c
[1.180s] -- Up-to-date: /home/jason/Desktop/STUDY/ART-Driver/workspace/install/rosbridge_msgs/lib/python3.10/site-packages/rosbridge_msgs/rosbridge_msgs_s__rosidl_typesupport_fastrtps_c.cpython-310-x86_64-linux-gnu.so
[1.180s] -- Up-to-date: /home/jason/Desktop/STUDY/ART-Driver/workspace/install/rosbridge_msgs/lib/python3.10/site-packages/rosbridge_msgs/_rosbridge_msgs_s.ep.rosidl_typesupport_c.c
[1.180s] -- Up-to-date: /home/jason/Desktop/STUDY/ART-Driver/workspace/install/rosbridge_msgs/lib/python3.10/site-packages/rosbridge_msgs/librosbridge_msgs__rosidl_generator_py.so
[1.180s] -- Up-to-date: /home/jason/Desktop/STUDY/ART-Driver/workspace/install/rosbridge_msgs/lib/python3.10/site-packages/rosbridge_msgs/msg
[1.180s] -- Up-to-date: /home/jason/Desktop/STUDY/ART-Driver/workspace/install/rosbridge_msgs/lib/python3.10/site-packages/rosbridge_msgs/msg/_connected_client_s.c
[1.180s] -- Up-to-date: /home/jason/Desktop/STUDY/ART-Driver/workspace/install/rosbridge_msgs/lib/python3.10/site-packages/rosbridge_msgs/msg/_connected_clients.py
[1.180s] -- Up-to-date: /home/jason/Desktop/STUDY/ART-Driver/workspace/install/rosbridge_msgs/lib/python3.10/site-packages/rosbridge_msgs/msg/_connected_client.py
[1.180s] -- Up-to-date: /home/jason/Desktop/STUDY/ART-Driver/workspace/install/rosbridge_msgs/lib/python3.10/site-packages/rosbridge_msgs/msg/_connected_clients_s.c
[1.180s] -- Up-to-date: /home/jason/Desktop/STUDY/ART-Driver/workspace/install/rosbridge_msgs/lib/python3.10/site-packages/rosbridge_msgs/msg/__init__.py
[1.180s] -- Up-to-date: /home/jason/Desktop/STUDY/ART-Driver/workspace/install/rosbridge_msgs/lib/python3.10/site-packages/rosbridge_msgs/rosbridge_msgs_s__rosidl_typesupport_introspection_c.cpython-310-x86_64-linux-gnu.so
[1.200s] Listing '/home/jason/Desktop/STUDY/ART-Driver/workspace/install/rosbridge_msgs/lib/python3.10/site-packages/rosbridge_msgs'...
[1.200s] Listing '/home/jason/Desktop/STUDY/ART-Driver/workspace/install/rosbridge_msgs/lib/python3.10/site-packages/rosbridge_msgs/msg'...
[1.203s] -- Up-to-date: /home/jason/Desktop/STUDY/ART-Driver/workspace/install/rosbridge_msgs/lib/python3.10/site-packages/rosbridge_msgs/rosbridge_msgs_s__rosidl_typesupport_fastrtps_c.cpython-310-x86_64-linux-gnu.so
[1.204s] -- Up-to-date: /home/jason/Desktop/STUDY/ART-Driver/workspace/install/rosbridge_msgs/lib/python3.10/site-packages/rosbridge_msgs/rosbridge_msgs_s__rosidl_typesupport_introspection_c.cpython-310-x86_64-linux-gnu.so
[1.204s] -- Up-to-date: /home/jason/Desktop/STUDY/ART-Driver/workspace/install/rosbridge_msgs/lib/python3.10/site-packages/rosbridge_msgs/rosbridge_msgs_s__rosidl_typesupport_c.cpython-310-x86_64-linux-gnu.so
[1.204s] -- Up-to-date: /home/jason/Desktop/STUDY/ART-Driver/workspace/install/rosbridge_msgs/lib/librosbridge_msgs__rosidl_generator_py.so
[1.204s] -- Up-to-date: /home/jason/Desktop/STUDY/ART-Driver/workspace/install/rosbridge_msgs/share/rosbridge_msgs/msg/ConnectedClient.idl
[1.204s] -- Up-to-date: /home/jason/Desktop/STUDY/ART-Driver/workspace/install/rosbridge_msgs/share/rosbridge_msgs/msg/ConnectedClients.idl
[1.204s] -- Up-to-date: /home/jason/Desktop/STUDY/ART-Driver/workspace/install/rosbridge_msgs/share/rosbridge_msgs/msg/ConnectedClient.msg
[1.205s] -- Up-to-date: /home/jason/Desktop/STUDY/ART-Driver/workspace/install/rosbridge_msgs/share/rosbridge_msgs/msg/ConnectedClients.msg
[1.205s] -- Up-to-date: /home/jason/Desktop/STUDY/ART-Driver/workspace/install/rosbridge_msgs/share/ament_index/resource_index/package_run_dependencies/rosbridge_msgs
[1.205s] -- Up-to-date: /home/jason/Desktop/STUDY/ART-Driver/workspace/install/rosbridge_msgs/share/ament_index/resource_index/parent_prefix_path/rosbridge_msgs
[1.205s] -- Up-to-date: /home/jason/Desktop/STUDY/ART-Driver/workspace/install/rosbridge_msgs/share/rosbridge_msgs/environment/ament_prefix_path.sh
[1.205s] -- Up-to-date: /home/jason/Desktop/STUDY/ART-Driver/workspace/install/rosbridge_msgs/share/rosbridge_msgs/environment/ament_prefix_path.dsv
[1.205s] -- Up-to-date: /home/jason/Desktop/STUDY/ART-Driver/workspace/install/rosbridge_msgs/share/rosbridge_msgs/environment/path.sh
[1.206s] -- Up-to-date: /home/jason/Desktop/STUDY/ART-Driver/workspace/install/rosbridge_msgs/share/rosbridge_msgs/environment/path.dsv
[1.206s] -- Up-to-date: /home/jason/Desktop/STUDY/ART-Driver/workspace/install/rosbridge_msgs/share/rosbridge_msgs/local_setup.bash
[1.206s] -- Up-to-date: /home/jason/Desktop/STUDY/ART-Driver/workspace/install/rosbridge_msgs/share/rosbridge_msgs/local_setup.sh
[1.206s] -- Up-to-date: /home/jason/Desktop/STUDY/ART-Driver/workspace/install/rosbridge_msgs/share/rosbridge_msgs/local_setup.zsh
[1.206s] -- Up-to-date: /home/jason/Desktop/STUDY/ART-Driver/workspace/install/rosbridge_msgs/share/rosbridge_msgs/local_setup.dsv
[1.206s] -- Installing: /home/jason/Desktop/STUDY/ART-Driver/workspace/install/rosbridge_msgs/share/rosbridge_msgs/package.dsv
[1.206s] -- Up-to-date: /home/jason/Desktop/STUDY/ART-Driver/workspace/install/rosbridge_msgs/share/ament_index/resource_index/packages/rosbridge_msgs
[1.207s] -- Up-to-date: /home/jason/Desktop/STUDY/ART-Driver/workspace/install/rosbridge_msgs/share/rosbridge_msgs/cmake/export_rosbridge_msgs__rosidl_generator_cExport.cmake
[1.207s] -- Up-to-date: /home/jason/Desktop/STUDY/ART-Driver/workspace/install/rosbridge_msgs/share/rosbridge_msgs/cmake/export_rosbridge_msgs__rosidl_generator_cExport-noconfig.cmake
[1.207s] -- Up-to-date: /home/jason/Desktop/STUDY/ART-Driver/workspace/install/rosbridge_msgs/share/rosbridge_msgs/cmake/export_rosbridge_msgs__rosidl_typesupport_fastrtps_cExport.cmake
[1.207s] -- Up-to-date: /home/jason/Desktop/STUDY/ART-Driver/workspace/install/rosbridge_msgs/share/rosbridge_msgs/cmake/export_rosbridge_msgs__rosidl_typesupport_fastrtps_cExport-noconfig.cmake
[1.207s] -- Up-to-date: /home/jason/Desktop/STUDY/ART-Driver/workspace/install/rosbridge_msgs/share/rosbridge_msgs/cmake/export_rosbridge_msgs__rosidl_generator_cppExport.cmake
[1.207s] -- Up-to-date: /home/jason/Desktop/STUDY/ART-Driver/workspace/install/rosbridge_msgs/share/rosbridge_msgs/cmake/export_rosbridge_msgs__rosidl_typesupport_fastrtps_cppExport.cmake
[1.207s] -- Up-to-date: /home/jason/Desktop/STUDY/ART-Driver/workspace/install/rosbridge_msgs/share/rosbridge_msgs/cmake/export_rosbridge_msgs__rosidl_typesupport_fastrtps_cppExport-noconfig.cmake
[1.207s] -- Up-to-date: /home/jason/Desktop/STUDY/ART-Driver/workspace/install/rosbridge_msgs/share/rosbridge_msgs/cmake/rosbridge_msgs__rosidl_typesupport_introspection_cExport.cmake
[1.207s] -- Up-to-date: /home/jason/Desktop/STUDY/ART-Driver/workspace/install/rosbridge_msgs/share/rosbridge_msgs/cmake/rosbridge_msgs__rosidl_typesupport_introspection_cExport-noconfig.cmake
[1.208s] -- Up-to-date: /home/jason/Desktop/STUDY/ART-Driver/workspace/install/rosbridge_msgs/share/rosbridge_msgs/cmake/rosbridge_msgs__rosidl_typesupport_cExport.cmake
[1.208s] -- Up-to-date: /home/jason/Desktop/STUDY/ART-Driver/workspace/install/rosbridge_msgs/share/rosbridge_msgs/cmake/rosbridge_msgs__rosidl_typesupport_cExport-noconfig.cmake
[1.208s] -- Up-to-date: /home/jason/Desktop/STUDY/ART-Driver/workspace/install/rosbridge_msgs/share/rosbridge_msgs/cmake/rosbridge_msgs__rosidl_typesupport_introspection_cppExport.cmake
[1.208s] -- Up-to-date: /home/jason/Desktop/STUDY/ART-Driver/workspace/install/rosbridge_msgs/share/rosbridge_msgs/cmake/rosbridge_msgs__rosidl_typesupport_introspection_cppExport-noconfig.cmake
[1.208s] -- Up-to-date: /home/jason/Desktop/STUDY/ART-Driver/workspace/install/rosbridge_msgs/share/rosbridge_msgs/cmake/rosbridge_msgs__rosidl_typesupport_cppExport.cmake
[1.208s] -- Up-to-date: /home/jason/Desktop/STUDY/ART-Driver/workspace/install/rosbridge_msgs/share/rosbridge_msgs/cmake/rosbridge_msgs__rosidl_typesupport_cppExport-noconfig.cmake
[1.208s] -- Up-to-date: /home/jason/Desktop/STUDY/ART-Driver/workspace/install/rosbridge_msgs/share/rosbridge_msgs/cmake/export_rosbridge_msgs__rosidl_generator_pyExport.cmake
[1.208s] -- Up-to-date: /home/jason/Desktop/STUDY/ART-Driver/workspace/install/rosbridge_msgs/share/rosbridge_msgs/cmake/export_rosbridge_msgs__rosidl_generator_pyExport-noconfig.cmake
[1.208s] -- Up-to-date: /home/jason/Desktop/STUDY/ART-Driver/workspace/install/rosbridge_msgs/share/rosbridge_msgs/cmake/rosidl_cmake-extras.cmake
[1.208s] -- Up-to-date: /home/jason/Desktop/STUDY/ART-Driver/workspace/install/rosbridge_msgs/share/rosbridge_msgs/cmake/ament_cmake_export_dependencies-extras.cmake
[1.208s] -- Up-to-date: /home/jason/Desktop/STUDY/ART-Driver/workspace/install/rosbridge_msgs/share/rosbridge_msgs/cmake/ament_cmake_export_include_directories-extras.cmake
[1.209s] -- Up-to-date: /home/jason/Desktop/STUDY/ART-Driver/workspace/install/rosbridge_msgs/share/rosbridge_msgs/cmake/ament_cmake_export_libraries-extras.cmake
[1.209s] -- Up-to-date: /home/jason/Desktop/STUDY/ART-Driver/workspace/install/rosbridge_msgs/share/rosbridge_msgs/cmake/ament_cmake_export_targets-extras.cmake
[1.209s] -- Up-to-date: /home/jason/Desktop/STUDY/ART-Driver/workspace/install/rosbridge_msgs/share/rosbridge_msgs/cmake/rosidl_cmake_export_typesupport_targets-extras.cmake
[1.209s] -- Up-to-date: /home/jason/Desktop/STUDY/ART-Driver/workspace/install/rosbridge_msgs/share/rosbridge_msgs/cmake/rosidl_cmake_export_typesupport_libraries-extras.cmake
[1.209s] -- Up-to-date: /home/jason/Desktop/STUDY/ART-Driver/workspace/install/rosbridge_msgs/share/rosbridge_msgs/cmake/rosbridge_msgsConfig.cmake
[1.209s] -- Up-to-date: /home/jason/Desktop/STUDY/ART-Driver/workspace/install/rosbridge_msgs/share/rosbridge_msgs/cmake/rosbridge_msgsConfig-version.cmake
[1.209s] -- Up-to-date: /home/jason/Desktop/STUDY/ART-Driver/workspace/install/rosbridge_msgs/share/rosbridge_msgs/package.xml
[1.211s] Invoked command in '/home/jason/Desktop/STUDY/ART-Driver/workspace/build/rosbridge_msgs' returned '0': CMAKE_PREFIX_PATH=${CMAKE_PREFIX_PATH}:/home/jason/Desktop/STUDY/ART-Driver/workspace/install/udp_to_ros:/home/jason/Desktop/STUDY/ART-Driver/workspace/install/tcp_cam_sender:/home/jason/Desktop/STUDY/ART-Driver/workspace/install/common:/opt/ros/iron /home/jason/.local/bin/cmake --install /home/jason/Desktop/STUDY/ART-Driver/workspace/build/rosbridge_msgs
